#
# There is insufficient memory for the Java Runtime Environment to continue.
# Native memory allocation (malloc) failed to allocate 1248560 bytes. Error detail: Chunk::new
# Possible reasons:
#   The system is out of physical RAM or swap space
#   This process is running with CompressedOops enabled, and the Java Heap may be blocking the growth of the native heap
# Possible solutions:
#   Reduce memory load on the system
#   Increase physical memory or swap space
#   Check if swap backing store is full
#   Decrease Java heap size (-Xmx/-Xms)
#   Decrease number of Java threads
#   Decrease Java thread stack sizes (-Xss)
#   Set larger code cache with -XX:ReservedCodeCacheSize=
#   JVM is running with Unscaled Compressed Oops mode in which the Java heap is
#     placed in the first 4GB address space. The Java Heap base address is the
#     maximum limit for the native heap growth. Please use -XX:HeapBaseMinAddress
#     to set the Java Heap base and to place the Java Heap above 4GB virtual address.
# This output file may be truncated or incomplete.
#
#  Out of Memory Error (arena.cpp:191), pid=18076, tid=17048
#
# JRE version: OpenJDK Runtime Environment Temurin-17.0.11+9 (17.0.11+9) (build 17.0.11+9)
# Java VM: OpenJDK 64-Bit Server VM Temurin-17.0.11+9 (17.0.11+9, mixed mode, sharing, tiered, compressed oops, compressed class ptrs, g1 gc, windows-amd64)
# No core dump will be written. Minidumps are not enabled by default on client versions of Windows
#

---------------  S U M M A R Y ------------

Command Line: --add-opens=java.base/java.lang=ALL-UNNAMED --add-opens=java.base/java.lang.invoke=ALL-UNNAMED --add-opens=java.base/java.util=ALL-UNNAMED --add-opens=java.prefs/java.util.prefs=ALL-UNNAMED --add-exports=jdk.compiler/com.sun.tools.javac.api=ALL-UNNAMED --add-exports=jdk.compiler/com.sun.tools.javac.util=ALL-UNNAMED --add-opens=java.base/java.util=ALL-UNNAMED --add-opens=java.prefs/java.util.prefs=ALL-UNNAMED --add-opens=java.base/java.nio.charset=ALL-UNNAMED --add-opens=java.base/java.net=ALL-UNNAMED --add-opens=java.base/java.util.concurrent.atomic=ALL-UNNAMED --add-opens=java.xml/javax.xml.namespace=ALL-UNNAMED -XX:MaxMetaspaceSize=512m -Xmx2048m -Dfile.encoding=UTF-8 -Duser.country=ZA -Duser.language=en -Duser.variant -javaagent:C:\Users\user\.gradle\wrapper\dists\gradle-8.14.3-bin\cv11ve7ro1n3o1j4so8xd9n66\gradle-8.14.3\lib\agents\gradle-instrumentation-agent-8.14.3.jar org.gradle.launcher.daemon.bootstrap.GradleDaemon 8.14.3

Host: AMD Ryzen 5 7520U with Radeon Graphics         , 8 cores, 5G,  Windows 11 , 64 bit Build 26100 (10.0.26100.5074)
Time: Tue Sep  9 12:28:41 2025 South Africa Standard Time elapsed time: 16.731141 seconds (0d 0h 0m 16s)

---------------  T H R E A D  ---------------

Current thread (0x0000025269402ac0):  JavaThread "C2 CompilerThread0" daemon [_thread_in_native, id=17048, stack(0x0000007599300000,0x0000007599400000)]


Current CompileTask:
C2:  16731 4698  s    4       java.util.jar.JarFile::getInputStream (72 bytes)

Stack: [0x0000007599300000,0x0000007599400000]
Native frames: (J=compiled Java code, j=interpreted, Vv=VM code, C=native code)
V  [jvm.dll+0x67d429]
V  [jvm.dll+0x834b7a]
V  [jvm.dll+0x83663e]
V  [jvm.dll+0x836ca3]
V  [jvm.dll+0x247dbf]
V  [jvm.dll+0xac534]
V  [jvm.dll+0xacb7c]
V  [jvm.dll+0x366647]
V  [jvm.dll+0x1bd272]
V  [jvm.dll+0x21a5c9]
V  [jvm.dll+0x2198b1]
V  [jvm.dll+0x1a534d]
V  [jvm.dll+0x2295cd]
V  [jvm.dll+0x22779c]
V  [jvm.dll+0x7e9d07]
V  [jvm.dll+0x7e410a]
V  [jvm.dll+0x67c315]
C  [ucrtbase.dll+0x37b0]
C  [KERNEL32.DLL+0x2e8d7]
C  [ntdll.dll+0x8d9c]


---------------  P R O C E S S  ---------------

Threads class SMR info:
_java_thread_list=0x00000252707a74d0, length=44, elements={
0x0000025248f90af0, 0x00000252693e2ca0, 0x00000252693e42e0, 0x00000252693fa950,
0x00000252693fd230, 0x0000025269400a80, 0x0000025269401ec0, 0x0000025269402ac0,
0x0000025269403f40, 0x00000252694073d0, 0x000002526945e800, 0x00000252696d2c00,
0x000002526f60fbd0, 0x000002526f5b17c0, 0x000002526e02d9f0, 0x000002526f62e430,
0x000002526f586170, 0x000002526e913cf0, 0x000002526e911980, 0x000002526e911e90,
0x000002526e9123a0, 0x000002526e9128b0, 0x000002526e9137e0, 0x000002526e912dc0,
0x000002526e9132d0, 0x000002526e914710, 0x000002526e910f60, 0x0000025271110e80,
0x000002527110e600, 0x0000025271110970, 0x000002527110e0f0, 0x00000252711118a0,
0x000002527110eb10, 0x0000025271110460, 0x0000025271546570, 0x00000252715483d0,
0x000002527154a230, 0x00000252715479b0, 0x0000025271546a80, 0x000002527154bb80,
0x000002527154b670, 0x0000025270e7ddc0, 0x000002526fd16080, 0x000002527154c090
}

Java Threads: ( => current thread )
  0x0000025248f90af0 JavaThread "main" [_thread_blocked, id=1108, stack(0x0000007598600000,0x0000007598700000)]
  0x00000252693e2ca0 JavaThread "Reference Handler" daemon [_thread_blocked, id=11584, stack(0x0000007598d00000,0x0000007598e00000)]
  0x00000252693e42e0 JavaThread "Finalizer" daemon [_thread_blocked, id=17812, stack(0x0000007598e00000,0x0000007598f00000)]
  0x00000252693fa950 JavaThread "Signal Dispatcher" daemon [_thread_blocked, id=18296, stack(0x0000007598f00000,0x0000007599000000)]
  0x00000252693fd230 JavaThread "Attach Listener" daemon [_thread_blocked, id=11120, stack(0x0000007599000000,0x0000007599100000)]
  0x0000025269400a80 JavaThread "Service Thread" daemon [_thread_blocked, id=18052, stack(0x0000007599100000,0x0000007599200000)]
  0x0000025269401ec0 JavaThread "Monitor Deflation Thread" daemon [_thread_blocked, id=4180, stack(0x0000007599200000,0x0000007599300000)]
=>0x0000025269402ac0 JavaThread "C2 CompilerThread0" daemon [_thread_in_native, id=17048, stack(0x0000007599300000,0x0000007599400000)]
  0x0000025269403f40 JavaThread "C1 CompilerThread0" daemon [_thread_in_vm, id=2064, stack(0x0000007599400000,0x0000007599500000)]
  0x00000252694073d0 JavaThread "Sweeper thread" daemon [_thread_blocked, id=12700, stack(0x0000007599500000,0x0000007599600000)]
  0x000002526945e800 JavaThread "Common-Cleaner" daemon [_thread_blocked, id=33436, stack(0x0000007599600000,0x0000007599700000)]
  0x00000252696d2c00 JavaThread "Notification Thread" daemon [_thread_blocked, id=18992, stack(0x0000007599700000,0x0000007599800000)]
  0x000002526f60fbd0 JavaThread "Daemon health stats" [_thread_blocked, id=33012, stack(0x0000007599d00000,0x0000007599e00000)]
  0x000002526f5b17c0 JavaThread "Incoming local TCP Connector on port 57773" [_thread_in_native, id=32912, stack(0x0000007599e00000,0x0000007599f00000)]
  0x000002526e02d9f0 JavaThread "Daemon periodic checks" [_thread_blocked, id=32932, stack(0x0000007599f00000,0x000000759a000000)]
  0x000002526f62e430 JavaThread "Daemon" [_thread_blocked, id=33072, stack(0x000000759a000000,0x000000759a100000)]
  0x000002526f586170 JavaThread "Handler for socket connection from /127.0.0.1:57773 to /127.0.0.1:57774" [_thread_in_native, id=26692, stack(0x000000759a100000,0x000000759a200000)]
  0x000002526e913cf0 JavaThread "Cancel handler" [_thread_blocked, id=18004, stack(0x000000759a200000,0x000000759a300000)]
  0x000002526e911980 JavaThread "Daemon worker" [_thread_in_native, id=26612, stack(0x000000759a300000,0x000000759a400000)]
  0x000002526e911e90 JavaThread "Asynchronous log dispatcher for DefaultDaemonConnection: socket connection from /127.0.0.1:57773 to /127.0.0.1:57774" [_thread_blocked, id=33344, stack(0x000000759a400000,0x000000759a500000)]
  0x000002526e9123a0 JavaThread "Stdin handler" [_thread_blocked, id=23948, stack(0x000000759a500000,0x000000759a600000)]
  0x000002526e9128b0 JavaThread "Daemon client event forwarder" [_thread_blocked, id=28840, stack(0x000000759a600000,0x000000759a700000)]
  0x000002526e9137e0 JavaThread "Cache worker for journal cache (C:\Users\user\.gradle\caches\journal-1)" [_thread_blocked, id=33276, stack(0x000000759aa00000,0x000000759ab00000)]
  0x000002526e912dc0 JavaThread "File lock request listener" [_thread_in_native, id=18312, stack(0x000000759ab00000,0x000000759ac00000)]
  0x000002526e9132d0 JavaThread "Cache worker for file hash cache (C:\Users\user\.gradle\caches\8.14.3\fileHashes)" [_thread_blocked, id=5264, stack(0x000000759ac00000,0x000000759ad00000)]
  0x000002526e914710 JavaThread "Cache worker for file hash cache (C:\Users\user\OneDrive\Documents\capstone\repo\SAMFMS\SAMFMSDriverApp\android\.gradle\8.14.3\fileHashes)" [_thread_blocked, id=31668, stack(0x000000759ad00000,0x000000759ae00000)]
  0x000002526e910f60 JavaThread "Cache worker for Build Output Cleanup Cache (C:\Users\user\OneDrive\Documents\capstone\repo\SAMFMS\SAMFMSDriverApp\android\.gradle\buildOutputCleanup)" [_thread_blocked, id=30636, stack(0x000000759ae00000,0x000000759af00000)]
  0x0000025271110e80 JavaThread "File watcher server" daemon [_thread_in_native, id=26556, stack(0x000000759b000000,0x000000759b100000)]
  0x000002527110e600 JavaThread "File watcher consumer" daemon [_thread_blocked, id=19428, stack(0x000000759b100000,0x000000759b200000)]
  0x0000025271110970 JavaThread "jar transforms" [_thread_blocked, id=21132, stack(0x000000759b200000,0x000000759b300000)]
  0x000002527110e0f0 JavaThread "jar transforms Thread 2" [_thread_blocked, id=32360, stack(0x000000759b300000,0x000000759b400000)]
  0x00000252711118a0 JavaThread "jar transforms Thread 3" [_thread_blocked, id=31628, stack(0x000000759b400000,0x000000759b500000)]
  0x000002527110eb10 JavaThread "jar transforms Thread 4" [_thread_blocked, id=15364, stack(0x000000759b600000,0x000000759b700000)]
  0x0000025271110460 JavaThread "jar transforms Thread 5" [_thread_blocked, id=12260, stack(0x000000759b700000,0x000000759b800000)]
  0x0000025271546570 JavaThread "Cache worker for checksums cache (C:\Users\user\OneDrive\Documents\capstone\repo\SAMFMS\SAMFMSDriverApp\android\.gradle\8.14.3\checksums)" [_thread_blocked, id=33732, stack(0x000000759b800000,0x000000759b900000)]
  0x00000252715483d0 JavaThread "Cache worker for file content cache (C:\Users\user\.gradle\caches\8.14.3\fileContent)" [_thread_blocked, id=33372, stack(0x000000759b900000,0x000000759ba00000)]
  0x000002527154a230 JavaThread "jar transforms Thread 6" [_thread_blocked, id=21528, stack(0x000000759ba00000,0x000000759bb00000)]
  0x00000252715479b0 JavaThread "jar transforms Thread 7" [_thread_blocked, id=25656, stack(0x000000759bb00000,0x000000759bc00000)]
  0x0000025271546a80 JavaThread "jar transforms Thread 8" [_thread_blocked, id=24980, stack(0x000000759bc00000,0x000000759bd00000)]
  0x000002527154bb80 JavaThread "Cache worker for cache directory md-supplier (C:\Users\user\.gradle\caches\8.14.3\md-supplier)" [_thread_blocked, id=31720, stack(0x000000759bd00000,0x000000759be00000)]
  0x000002527154b670 JavaThread "Cache worker for cache directory md-rule (C:\Users\user\.gradle\caches\8.14.3\md-rule)" [_thread_blocked, id=6868, stack(0x000000759be00000,0x000000759bf00000)]
  0x0000025270e7ddc0 JavaThread "C2 CompilerThread1" daemon [_thread_in_native, id=12184, stack(0x000000759bf00000,0x000000759c000000)]
  0x000002526fd16080 JavaThread "C2 CompilerThread2" daemon [_thread_in_native, id=31540, stack(0x000000759c000000,0x000000759c100000)]
  0x000002527154c090 JavaThread "Cache worker for Build Output Cleanup Cache (C:\Users\user\OneDrive\Documents\capstone\repo\SAMFMS\SAMFMSDriverApp\node_modules\@react-native\gradle-plugin\.gradle\buildOutputCleanup)" [_thread_blocked, id=31116, stack(0x000000759c100000,0x000000759c200000)]

Other Threads:
  0x00000252693dd030 VMThread "VM Thread" [stack: 0x0000007598c00000,0x0000007598d00000] [id=11000]
  0x0000025248f92a30 WatcherThread [stack: 0x0000007599800000,0x0000007599900000] [id=22552]
  0x0000025248fef6d0 GCTaskThread "GC Thread#0" [stack: 0x0000007598700000,0x0000007598800000] [id=10704]
  0x0000025269810da0 GCTaskThread "GC Thread#1" [stack: 0x0000007599900000,0x0000007599a00000] [id=31788]
  0x000002526e1c9a80 GCTaskThread "GC Thread#2" [stack: 0x0000007599a00000,0x0000007599b00000] [id=32776]
  0x000002526ec75180 GCTaskThread "GC Thread#3" [stack: 0x0000007599b00000,0x0000007599c00000] [id=23176]
  0x000002526e9a8b00 GCTaskThread "GC Thread#4" [stack: 0x0000007599c00000,0x0000007599d00000] [id=32824]
  0x000002526f86b190 GCTaskThread "GC Thread#5" [stack: 0x000000759a700000,0x000000759a800000] [id=30724]
  0x000002526f80e450 GCTaskThread "GC Thread#6" [stack: 0x000000759a800000,0x000000759a900000] [id=31140]
  0x000002526f8a8830 GCTaskThread "GC Thread#7" [stack: 0x000000759a900000,0x000000759aa00000] [id=33272]
  0x0000025249000530 ConcurrentGCThread "G1 Main Marker" [stack: 0x0000007598800000,0x0000007598900000] [id=1540]
  0x0000025249001b30 ConcurrentGCThread "G1 Conc#0" [stack: 0x0000007598900000,0x0000007598a00000] [id=11980]
  0x0000025270f5ce40 ConcurrentGCThread "G1 Conc#1" [stack: 0x000000759af00000,0x000000759b000000] [id=1796]
  0x00000252692980f0 ConcurrentGCThread "G1 Refine#0" [stack: 0x0000007598a00000,0x0000007598b00000] [id=2028]
  0x000002526fde4690 ConcurrentGCThread "G1 Refine#1" [stack: 0x000000759b500000,0x000000759b600000] [id=32836]
  0x0000025269298a30 ConcurrentGCThread "G1 Service" [stack: 0x0000007598b00000,0x0000007598c00000] [id=5088]

Threads with active compile tasks:
C2 CompilerThread0    16887 4698  s    4       java.util.jar.JarFile::getInputStream (72 bytes)
C2 CompilerThread1    16887 4754       4       jdk.internal.loader.URLClassPath$JarLoader$2::getInputStream (15 bytes)
C2 CompilerThread2    16887 4755   !   4       java.util.zip.ZipFile::getInputStream (275 bytes)

VM state: not at safepoint (normal execution)

VM Mutex/Monitor currently owned by a thread: None

Heap address: 0x0000000080000000, size: 2048 MB, Compressed Oops mode: 32-bit

CDS archive(s) mapped at: [0x0000025200000000-0x0000025200bb0000-0x0000025200bb0000), size 12255232, SharedBaseAddress: 0x0000025200000000, ArchiveRelocationMode: 1.
Compressed class space mapped at: 0x0000025201000000-0x000002521b000000, reserved size: 436207616
Narrow klass base: 0x0000025200000000, Narrow klass shift: 0, Narrow klass range: 0x100000000

GC Precious Log:
 CPUs: 8 total, 8 available
 Memory: 5965M
 Large Page Support: Disabled
 NUMA Support: Disabled
 Compressed Oops: Enabled (32-bit)
 Heap Region Size: 1M
 Heap Min Capacity: 8M
 Heap Initial Capacity: 94M
 Heap Max Capacity: 2G
 Pre-touch: Disabled
 Parallel Workers: 8
 Concurrent Workers: 2
 Concurrent Refinement Workers: 8
 Periodic GC: Disabled

Heap:
 garbage-first heap   total 89088K, used 49404K [0x0000000080000000, 0x0000000100000000)
  region size 1024K, 15 young (15360K), 3 survivors (3072K)
 Metaspace       used 39729K, committed 40256K, reserved 491520K
  class space    used 5514K, committed 5760K, reserved 425984K

Heap Regions: E=young(eden), S=young(survivor), O=old, HS=humongous(starts), HC=humongous(continues), CS=collection set, F=free, OA=open archive, CA=closed archive, TAMS=top-at-mark-start (previous, next)
|   0|0x0000000080000000, 0x0000000080100000, 0x0000000080100000|100%|HS|  |TAMS 0x0000000080100000, 0x0000000080000000| Complete 
|   1|0x0000000080100000, 0x0000000080200000, 0x0000000080200000|100%|HC|  |TAMS 0x0000000080200000, 0x0000000080100000| Complete 
|   2|0x0000000080200000, 0x0000000080300000, 0x0000000080300000|100%|HC|  |TAMS 0x0000000080300000, 0x0000000080200000| Complete 
|   3|0x0000000080300000, 0x0000000080400000, 0x0000000080400000|100%| O|  |TAMS 0x0000000080400000, 0x0000000080300000| Untracked 
|   4|0x0000000080400000, 0x0000000080500000, 0x0000000080500000|100%| O|  |TAMS 0x0000000080500000, 0x0000000080400000| Untracked 
|   5|0x0000000080500000, 0x0000000080600000, 0x0000000080600000|100%| O|  |TAMS 0x0000000080600000, 0x0000000080500000| Untracked 
|   6|0x0000000080600000, 0x0000000080700000, 0x0000000080700000|100%|HS|  |TAMS 0x0000000080700000, 0x0000000080600000| Complete 
|   7|0x0000000080700000, 0x0000000080800000, 0x0000000080800000|100%| O|  |TAMS 0x0000000080800000, 0x0000000080700000| Untracked 
|   8|0x0000000080800000, 0x0000000080900000, 0x0000000080900000|100%| O|  |TAMS 0x0000000080900000, 0x0000000080800000| Untracked 
|   9|0x0000000080900000, 0x0000000080a00000, 0x0000000080a00000|100%| O|  |TAMS 0x0000000080a00000, 0x0000000080900000| Untracked 
|  10|0x0000000080a00000, 0x0000000080b00000, 0x0000000080b00000|100%| O|  |TAMS 0x0000000080b00000, 0x0000000080a00000| Untracked 
|  11|0x0000000080b00000, 0x0000000080c00000, 0x0000000080c00000|100%| O|  |TAMS 0x0000000080c00000, 0x0000000080b00000| Untracked 
|  12|0x0000000080c00000, 0x0000000080d00000, 0x0000000080d00000|100%| O|  |TAMS 0x0000000080d00000, 0x0000000080c00000| Untracked 
|  13|0x0000000080d00000, 0x0000000080e00000, 0x0000000080e00000|100%| O|  |TAMS 0x0000000080e00000, 0x0000000080d00000| Untracked 
|  14|0x0000000080e00000, 0x0000000080f00000, 0x0000000080f00000|100%| O|  |TAMS 0x0000000080f00000, 0x0000000080e00000| Untracked 
|  15|0x0000000080f00000, 0x0000000081000000, 0x0000000081000000|100%| O|  |TAMS 0x0000000081000000, 0x0000000080f00000| Untracked 
|  16|0x0000000081000000, 0x0000000081100000, 0x0000000081100000|100%| O|  |TAMS 0x0000000081100000, 0x0000000081000000| Untracked 
|  17|0x0000000081100000, 0x0000000081200000, 0x0000000081200000|100%| O|  |TAMS 0x0000000081200000, 0x0000000081100000| Untracked 
|  18|0x0000000081200000, 0x0000000081300000, 0x0000000081300000|100%| O|  |TAMS 0x0000000081300000, 0x0000000081200000| Untracked 
|  19|0x0000000081300000, 0x0000000081400000, 0x0000000081400000|100%| O|  |TAMS 0x0000000081400000, 0x0000000081300000| Untracked 
|  20|0x0000000081400000, 0x000000008140d200, 0x0000000081500000|  5%| O|  |TAMS 0x000000008140d200, 0x0000000081400000| Untracked 
|  21|0x0000000081500000, 0x0000000081600000, 0x0000000081600000|100%| O|  |TAMS 0x0000000081600000, 0x0000000081500000| Untracked 
|  22|0x0000000081600000, 0x0000000081700000, 0x0000000081700000|100%| O|  |TAMS 0x0000000081700000, 0x0000000081600000| Untracked 
|  23|0x0000000081700000, 0x0000000081800000, 0x0000000081800000|100%| O|  |TAMS 0x0000000081800000, 0x0000000081700000| Untracked 
|  24|0x0000000081800000, 0x0000000081900000, 0x0000000081900000|100%| O|  |TAMS 0x0000000081900000, 0x0000000081800000| Untracked 
|  25|0x0000000081900000, 0x0000000081a00000, 0x0000000081a00000|100%| O|  |TAMS 0x0000000081a00000, 0x0000000081900000| Untracked 
|  26|0x0000000081a00000, 0x0000000081b00000, 0x0000000081b00000|100%| O|  |TAMS 0x0000000081b00000, 0x0000000081a00000| Untracked 
|  27|0x0000000081b00000, 0x0000000081c00000, 0x0000000081c00000|100%| O|  |TAMS 0x0000000081c00000, 0x0000000081b00000| Untracked 
|  28|0x0000000081c00000, 0x0000000081d00000, 0x0000000081d00000|100%| O|  |TAMS 0x0000000081c2d800, 0x0000000081c00000| Untracked 
|  29|0x0000000081d00000, 0x0000000081e00000, 0x0000000081e00000|100%| O|  |TAMS 0x0000000081d00000, 0x0000000081d00000| Untracked 
|  30|0x0000000081e00000, 0x0000000081f00000, 0x0000000081f00000|100%| O|  |TAMS 0x0000000081e00000, 0x0000000081e00000| Untracked 
|  31|0x0000000081f00000, 0x0000000081f3b008, 0x0000000082000000| 23%| O|  |TAMS 0x0000000081f00000, 0x0000000081f00000| Untracked 
|  32|0x0000000082000000, 0x0000000082000000, 0x0000000082100000|  0%| F|  |TAMS 0x0000000082000000, 0x0000000082000000| Untracked 
|  33|0x0000000082100000, 0x0000000082100000, 0x0000000082200000|  0%| F|  |TAMS 0x0000000082100000, 0x0000000082100000| Untracked 
|  34|0x0000000082200000, 0x0000000082300000, 0x0000000082300000|100%| O|  |TAMS 0x0000000082200000, 0x0000000082200000| Untracked 
|  35|0x0000000082300000, 0x0000000082400000, 0x0000000082400000|100%| O|  |TAMS 0x0000000082300000, 0x0000000082300000| Untracked 
|  36|0x0000000082400000, 0x0000000082500000, 0x0000000082500000|100%| O|  |TAMS 0x0000000082400000, 0x0000000082400000| Untracked 
|  37|0x0000000082500000, 0x0000000082600000, 0x0000000082600000|100%| O|  |TAMS 0x0000000082500000, 0x0000000082500000| Untracked 
|  38|0x0000000082600000, 0x0000000082600000, 0x0000000082700000|  0%| F|  |TAMS 0x0000000082600000, 0x0000000082600000| Untracked 
|  39|0x0000000082700000, 0x0000000082700000, 0x0000000082800000|  0%| F|  |TAMS 0x0000000082700000, 0x0000000082700000| Untracked 
|  40|0x0000000082800000, 0x0000000082800000, 0x0000000082900000|  0%| F|  |TAMS 0x0000000082800000, 0x0000000082800000| Untracked 
|  41|0x0000000082900000, 0x0000000082900000, 0x0000000082a00000|  0%| F|  |TAMS 0x0000000082900000, 0x0000000082900000| Untracked 
|  42|0x0000000082a00000, 0x0000000082a00000, 0x0000000082b00000|  0%| F|  |TAMS 0x0000000082a00000, 0x0000000082a00000| Untracked 
|  43|0x0000000082b00000, 0x0000000082b00000, 0x0000000082c00000|  0%| F|  |TAMS 0x0000000082b00000, 0x0000000082b00000| Untracked 
|  44|0x0000000082c00000, 0x0000000082c00000, 0x0000000082d00000|  0%| F|  |TAMS 0x0000000082c00000, 0x0000000082c00000| Untracked 
|  45|0x0000000082d00000, 0x0000000082d00000, 0x0000000082e00000|  0%| F|  |TAMS 0x0000000082d00000, 0x0000000082d00000| Untracked 
|  46|0x0000000082e00000, 0x0000000082e00000, 0x0000000082f00000|  0%| F|  |TAMS 0x0000000082e00000, 0x0000000082e00000| Untracked 
|  47|0x0000000082f00000, 0x0000000082f00000, 0x0000000083000000|  0%| F|  |TAMS 0x0000000082f00000, 0x0000000082f00000| Untracked 
|  48|0x0000000083000000, 0x0000000083000000, 0x0000000083100000|  0%| F|  |TAMS 0x0000000083000000, 0x0000000083000000| Untracked 
|  49|0x0000000083100000, 0x0000000083100000, 0x0000000083200000|  0%| F|  |TAMS 0x0000000083100000, 0x0000000083100000| Untracked 
|  50|0x0000000083200000, 0x00000000832f71a0, 0x0000000083300000| 96%| S|CS|TAMS 0x0000000083200000, 0x0000000083200000| Complete 
|  51|0x0000000083300000, 0x0000000083400000, 0x0000000083400000|100%| S|CS|TAMS 0x0000000083300000, 0x0000000083300000| Complete 
|  52|0x0000000083400000, 0x0000000083400000, 0x0000000083500000|  0%| F|  |TAMS 0x0000000083400000, 0x0000000083400000| Untracked 
|  53|0x0000000083500000, 0x0000000083500000, 0x0000000083600000|  0%| F|  |TAMS 0x0000000083500000, 0x0000000083500000| Untracked 
|  54|0x0000000083600000, 0x0000000083600000, 0x0000000083700000|  0%| F|  |TAMS 0x0000000083600000, 0x0000000083600000| Untracked 
|  55|0x0000000083700000, 0x0000000083700000, 0x0000000083800000|  0%| F|  |TAMS 0x0000000083700000, 0x0000000083700000| Untracked 
|  56|0x0000000083800000, 0x0000000083900000, 0x0000000083900000|100%| S|CS|TAMS 0x0000000083800000, 0x0000000083800000| Complete 
|  57|0x0000000083900000, 0x0000000083900000, 0x0000000083a00000|  0%| F|  |TAMS 0x0000000083900000, 0x0000000083900000| Untracked 
|  58|0x0000000083a00000, 0x0000000083a00000, 0x0000000083b00000|  0%| F|  |TAMS 0x0000000083a00000, 0x0000000083a00000| Untracked 
|  59|0x0000000083b00000, 0x0000000083b00000, 0x0000000083c00000|  0%| F|  |TAMS 0x0000000083b00000, 0x0000000083b00000| Untracked 
|  60|0x0000000083c00000, 0x0000000083c00000, 0x0000000083d00000|  0%| F|  |TAMS 0x0000000083c00000, 0x0000000083c00000| Untracked 
|  61|0x0000000083d00000, 0x0000000083d00000, 0x0000000083e00000|  0%| F|  |TAMS 0x0000000083d00000, 0x0000000083d00000| Untracked 
|  62|0x0000000083e00000, 0x0000000083e00000, 0x0000000083f00000|  0%| F|  |TAMS 0x0000000083e00000, 0x0000000083e00000| Untracked 
|  63|0x0000000083f00000, 0x0000000083f00000, 0x0000000084000000|  0%| F|  |TAMS 0x0000000083f00000, 0x0000000083f00000| Untracked 
|  64|0x0000000084000000, 0x0000000084000000, 0x0000000084100000|  0%| F|  |TAMS 0x0000000084000000, 0x0000000084000000| Untracked 
|  65|0x0000000084100000, 0x0000000084100000, 0x0000000084200000|  0%| F|  |TAMS 0x0000000084100000, 0x0000000084100000| Untracked 
|  66|0x0000000084200000, 0x0000000084200000, 0x0000000084300000|  0%| F|  |TAMS 0x0000000084200000, 0x0000000084200000| Untracked 
|  67|0x0000000084300000, 0x0000000084300000, 0x0000000084400000|  0%| F|  |TAMS 0x0000000084300000, 0x0000000084300000| Untracked 
|  68|0x0000000084400000, 0x0000000084400000, 0x0000000084500000|  0%| F|  |TAMS 0x0000000084400000, 0x0000000084400000| Untracked 
|  69|0x0000000084500000, 0x0000000084500000, 0x0000000084600000|  0%| F|  |TAMS 0x0000000084500000, 0x0000000084500000| Untracked 
|  70|0x0000000084600000, 0x0000000084600000, 0x0000000084700000|  0%| F|  |TAMS 0x0000000084600000, 0x0000000084600000| Untracked 
|  71|0x0000000084700000, 0x0000000084700000, 0x0000000084800000|  0%| F|  |TAMS 0x0000000084700000, 0x0000000084700000| Untracked 
|  72|0x0000000084800000, 0x0000000084800000, 0x0000000084900000|  0%| F|  |TAMS 0x0000000084800000, 0x0000000084800000| Untracked 
|  73|0x0000000084900000, 0x0000000084900000, 0x0000000084a00000|  0%| F|  |TAMS 0x0000000084900000, 0x0000000084900000| Untracked 
|  74|0x0000000084a00000, 0x0000000084a00000, 0x0000000084b00000|  0%| F|  |TAMS 0x0000000084a00000, 0x0000000084a00000| Untracked 
|  75|0x0000000084b00000, 0x0000000084b92458, 0x0000000084c00000| 57%| E|  |TAMS 0x0000000084b00000, 0x0000000084b00000| Complete 
|  76|0x0000000084c00000, 0x0000000084d00000, 0x0000000084d00000|100%| E|CS|TAMS 0x0000000084c00000, 0x0000000084c00000| Complete 
|  77|0x0000000084d00000, 0x0000000084e00000, 0x0000000084e00000|100%| E|CS|TAMS 0x0000000084d00000, 0x0000000084d00000| Complete 
|  78|0x0000000084e00000, 0x0000000084f00000, 0x0000000084f00000|100%| E|CS|TAMS 0x0000000084e00000, 0x0000000084e00000| Complete 
|  79|0x0000000084f00000, 0x0000000085000000, 0x0000000085000000|100%| E|CS|TAMS 0x0000000084f00000, 0x0000000084f00000| Complete 
|  80|0x0000000085000000, 0x0000000085100000, 0x0000000085100000|100%| E|CS|TAMS 0x0000000085000000, 0x0000000085000000| Complete 
|  81|0x0000000085100000, 0x0000000085200000, 0x0000000085200000|100%| E|CS|TAMS 0x0000000085100000, 0x0000000085100000| Complete 
|  82|0x0000000085200000, 0x0000000085300000, 0x0000000085300000|100%| E|CS|TAMS 0x0000000085200000, 0x0000000085200000| Complete 
|  83|0x0000000085300000, 0x0000000085400000, 0x0000000085400000|100%| E|CS|TAMS 0x0000000085300000, 0x0000000085300000| Complete 
|  84|0x0000000085400000, 0x0000000085500000, 0x0000000085500000|100%| E|CS|TAMS 0x0000000085400000, 0x0000000085400000| Complete 
|  85|0x0000000085500000, 0x0000000085600000, 0x0000000085600000|100%| E|CS|TAMS 0x0000000085500000, 0x0000000085500000| Complete 
|  93|0x0000000085d00000, 0x0000000085e00000, 0x0000000085e00000|100%| E|CS|TAMS 0x0000000085d00000, 0x0000000085d00000| Complete 

Card table byte_map: [0x0000025262150000,0x0000025262550000] _byte_map_base: 0x0000025261d50000

Marking Bits (Prev, Next): (CMBitMap*) 0x0000025248fefc00, (CMBitMap*) 0x0000025248fefc40
 Prev Bits: [0x0000025262950000, 0x0000025264950000)
 Next Bits: [0x0000025264950000, 0x0000025266950000)

Polling page: 0x0000025249040000

Metaspace:

Usage:
  Non-class:     33.41 MB used.
      Class:      5.39 MB used.
       Both:     38.80 MB used.

Virtual space:
  Non-class space:       64.00 MB reserved,      33.69 MB ( 53%) committed,  1 nodes.
      Class space:      416.00 MB reserved,       5.62 MB (  1%) committed,  1 nodes.
             Both:      480.00 MB reserved,      39.31 MB (  8%) committed. 

Chunk freelists:
   Non-Class:  13.78 MB
       Class:  10.31 MB
        Both:  24.09 MB

MaxMetaspaceSize: 512.00 MB
CompressedClassSpaceSize: 416.00 MB
Initial GC threshold: 21.00 MB
Current GC threshold: 58.69 MB
CDS: on
MetaspaceReclaimPolicy: balanced
 - commit_granule_bytes: 65536.
 - commit_granule_words: 8192.
 - virtual_space_node_default_size: 8388608.
 - enlarge_chunks_in_place: 1.
 - new_chunks_are_fully_committed: 0.
 - uncommit_free_chunks: 1.
 - use_allocation_guard: 0.
 - handle_deallocations: 1.


Internal statistics:

num_allocs_failed_limit: 6.
num_arena_births: 534.
num_arena_deaths: 0.
num_vsnodes_births: 2.
num_vsnodes_deaths: 0.
num_space_committed: 629.
num_space_uncommitted: 0.
num_chunks_returned_to_freelist: 6.
num_chunks_taken_from_freelist: 2048.
num_chunk_merges: 3.
num_chunk_splits: 1327.
num_chunks_enlarged: 889.
num_inconsistent_stats: 0.

CodeHeap 'non-profiled nmethods': size=120000Kb used=2403Kb max_used=2403Kb free=117596Kb
 bounds [0x0000025259db0000, 0x000002525a020000, 0x00000252612e0000]
CodeHeap 'profiled nmethods': size=120000Kb used=9725Kb max_used=9725Kb free=110274Kb
 bounds [0x00000252522e0000, 0x0000025252c60000, 0x0000025259810000]
CodeHeap 'non-nmethods': size=5760Kb used=2305Kb max_used=2351Kb free=3454Kb
 bounds [0x0000025259810000, 0x0000025259a80000, 0x0000025259db0000]
 total_blobs=5575 nmethods=4762 adapters=725
 compilation: enabled
              stopped_count=0, restarted_count=0
 full_count=0

Compilation events (20 events):
Event: 15.625 Thread 0x0000025269403f40 4727       1       sun.reflect.generics.reflectiveObjects.LazyReflectiveObjectGenerator::getFactory (5 bytes)
Event: 15.625 Thread 0x0000025269403f40 nmethod 4727 0x000002525a003390 code [0x000002525a003520, 0x000002525a0035f8]
Event: 15.625 Thread 0x0000025269403f40 4730       3       org.objectweb.asm.SymbolTable$Entry::<init> (17 bytes)
Event: 15.625 Thread 0x0000025269403f40 nmethod 4730 0x0000025252c42990 code [0x0000025252c42b40, 0x0000025252c42cc8]
Event: 15.626 Thread 0x0000025269403f40 4731       3       org.gradle.internal.instantiation.generator.AsmBackedClassGenerator$ClassBuilderImpl::access$4300 (4 bytes)
Event: 15.626 Thread 0x0000025269403f40 nmethod 4731 0x0000025252c42d90 code [0x0000025252c42f20, 0x0000025252c43018]
Event: 15.626 Thread 0x0000025269403f40 4735       3       java.util.Spliterators$ArraySpliterator::<init> (10 bytes)
Event: 15.626 Thread 0x0000025269403f40 nmethod 4735 0x0000025252c43090 code [0x0000025252c43240, 0x0000025252c43498]
Event: 15.626 Thread 0x0000025269403f40 4732       3       org.gradle.model.internal.asm.MethodVisitorScope::_LDC (6 bytes)
Event: 15.626 Thread 0x0000025269403f40 nmethod 4732 0x0000025252c43590 code [0x0000025252c43720, 0x0000025252c43868]
Event: 15.626 Thread 0x0000025269403f40 4733       3       org.objectweb.asm.MethodVisitor::visitLdcInsn (87 bytes)
Event: 15.627 Thread 0x0000025269403f40 nmethod 4733 0x0000025252c43910 code [0x0000025252c43b20, 0x0000025252c44528]
Event: 15.627 Thread 0x0000025269403f40 4734       1       org.gradle.internal.instantiation.generator.AsmBackedClassGenerator$ClassBuilderImpl::access$3900 (5 bytes)
Event: 15.627 Thread 0x0000025269403f40 nmethod 4734 0x000002525a003690 code [0x000002525a003820, 0x000002525a0038d8]
Event: 15.630 Thread 0x0000025269403f40 4737       3       org.gradle.cache.internal.DefaultCrossBuildInMemoryCacheFactory$AbstractCrossBuildInMemoryCache::get (24 bytes)
Event: 15.631 Thread 0x0000025269403f40 nmethod 4737 0x0000025252c44710 code [0x0000025252c44940, 0x0000025252c45268]
Event: 15.631 Thread 0x0000025269403f40 4738       3       org.gradle.cache.internal.DefaultCrossBuildInMemoryCacheFactory$AbstractCrossBuildInMemoryCache$$Lambda$142/0x00000252011b5220::<init> (15 bytes)
Event: 15.631 Thread 0x0000025269403f40 nmethod 4738 0x0000025252c45510 code [0x0000025252c456c0, 0x0000025252c458d8]
Event: 15.826 Thread 0x0000025269403f40 4739       3       java.util.stream.ReferencePipeline$Head::forEach (26 bytes)
Event: 15.827 Thread 0x0000025269403f40 nmethod 4739 0x0000025252c45990 code [0x0000025252c45bc0, 0x0000025252c462f8]

GC Heap History (20 events):
Event: 0.927 GC heap before
{Heap before GC invocations=0 (full 0):
 garbage-first heap   total 96256K, used 23552K [0x0000000080000000, 0x0000000100000000)
  region size 1024K, 23 young (23552K), 0 survivors (0K)
 Metaspace       used 1045K, committed 1216K, reserved 491520K
  class space    used 73K, committed 128K, reserved 425984K
}
Event: 0.935 GC heap after
{Heap after GC invocations=1 (full 0):
 garbage-first heap   total 96256K, used 2048K [0x0000000080000000, 0x0000000100000000)
  region size 1024K, 2 young (2048K), 2 survivors (2048K)
 Metaspace       used 1045K, committed 1216K, reserved 491520K
  class space    used 73K, committed 128K, reserved 425984K
}
Event: 2.716 GC heap before
{Heap before GC invocations=1 (full 0):
 garbage-first heap   total 96256K, used 40960K [0x0000000080000000, 0x0000000100000000)
  region size 1024K, 37 young (37888K), 2 survivors (2048K)
 Metaspace       used 4353K, committed 4544K, reserved 491520K
  class space    used 547K, committed 640K, reserved 425984K
}
Event: 2.726 GC heap after
{Heap after GC invocations=2 (full 0):
 garbage-first heap   total 96256K, used 10794K [0x0000000080000000, 0x0000000100000000)
  region size 1024K, 5 young (5120K), 5 survivors (5120K)
 Metaspace       used 4353K, committed 4544K, reserved 491520K
  class space    used 547K, committed 640K, reserved 425984K
}
Event: 3.891 GC heap before
{Heap before GC invocations=2 (full 0):
 garbage-first heap   total 96256K, used 52778K [0x0000000080000000, 0x0000000100000000)
  region size 1024K, 44 young (45056K), 5 survivors (5120K)
 Metaspace       used 4446K, committed 4608K, reserved 491520K
  class space    used 549K, committed 640K, reserved 425984K
}
Event: 3.900 GC heap after
{Heap after GC invocations=3 (full 0):
 garbage-first heap   total 96256K, used 16127K [0x0000000080000000, 0x0000000100000000)
  region size 1024K, 4 young (4096K), 4 survivors (4096K)
 Metaspace       used 4446K, committed 4608K, reserved 491520K
  class space    used 549K, committed 640K, reserved 425984K
}
Event: 6.906 GC heap before
{Heap before GC invocations=3 (full 0):
 garbage-first heap   total 96256K, used 61183K [0x0000000080000000, 0x0000000100000000)
  region size 1024K, 49 young (50176K), 4 survivors (4096K)
 Metaspace       used 12727K, committed 12992K, reserved 491520K
  class space    used 1709K, committed 1856K, reserved 425984K
}
Event: 6.913 GC heap after
{Heap after GC invocations=4 (full 0):
 garbage-first heap   total 96256K, used 20721K [0x0000000080000000, 0x0000000100000000)
  region size 1024K, 5 young (5120K), 5 survivors (5120K)
 Metaspace       used 12727K, committed 12992K, reserved 491520K
  class space    used 1709K, committed 1856K, reserved 425984K
}
Event: 8.738 GC heap before
{Heap before GC invocations=4 (full 0):
 garbage-first heap   total 96256K, used 64753K [0x0000000080000000, 0x0000000100000000)
  region size 1024K, 49 young (50176K), 5 survivors (5120K)
 Metaspace       used 18819K, committed 19136K, reserved 491520K
  class space    used 2716K, committed 2880K, reserved 425984K
}
Event: 8.743 GC heap after
{Heap after GC invocations=5 (full 0):
 garbage-first heap   total 96256K, used 23300K [0x0000000080000000, 0x0000000100000000)
  region size 1024K, 3 young (3072K), 3 survivors (3072K)
 Metaspace       used 18819K, committed 19136K, reserved 491520K
  class space    used 2716K, committed 2880K, reserved 425984K
}
Event: 9.392 GC heap before
{Heap before GC invocations=5 (full 0):
 garbage-first heap   total 96256K, used 45828K [0x0000000080000000, 0x0000000100000000)
  region size 1024K, 26 young (26624K), 3 survivors (3072K)
 Metaspace       used 21187K, committed 21504K, reserved 491520K
  class space    used 3093K, committed 3264K, reserved 425984K
}
Event: 9.397 GC heap after
{Heap after GC invocations=6 (full 0):
 garbage-first heap   total 96256K, used 24600K [0x0000000080000000, 0x0000000100000000)
  region size 1024K, 4 young (4096K), 4 survivors (4096K)
 Metaspace       used 21187K, committed 21504K, reserved 491520K
  class space    used 3093K, committed 3264K, reserved 425984K
}
Event: 10.705 GC heap before
{Heap before GC invocations=7 (full 0):
 garbage-first heap   total 89088K, used 70680K [0x0000000080000000, 0x0000000100000000)
  region size 1024K, 50 young (51200K), 4 survivors (4096K)
 Metaspace       used 27058K, committed 27456K, reserved 491520K
  class space    used 3950K, committed 4160K, reserved 425984K
}
Event: 10.711 GC heap after
{Heap after GC invocations=8 (full 0):
 garbage-first heap   total 89088K, used 28046K [0x0000000080000000, 0x0000000100000000)
  region size 1024K, 6 young (6144K), 6 survivors (6144K)
 Metaspace       used 27058K, committed 27456K, reserved 491520K
  class space    used 3950K, committed 4160K, reserved 425984K
}
Event: 11.826 GC heap before
{Heap before GC invocations=8 (full 0):
 garbage-first heap   total 89088K, used 63886K [0x0000000080000000, 0x0000000100000000)
  region size 1024K, 42 young (43008K), 6 survivors (6144K)
 Metaspace       used 33488K, committed 33984K, reserved 491520K
  class space    used 4716K, committed 4928K, reserved 425984K
}
Event: 11.832 GC heap after
{Heap after GC invocations=9 (full 0):
 garbage-first heap   total 89088K, used 32721K [0x0000000080000000, 0x0000000100000000)
  region size 1024K, 5 young (5120K), 5 survivors (5120K)
 Metaspace       used 33488K, committed 33984K, reserved 491520K
  class space    used 4716K, committed 4928K, reserved 425984K
}
Event: 12.823 GC heap before
{Heap before GC invocations=9 (full 0):
 garbage-first heap   total 89088K, used 68561K [0x0000000080000000, 0x0000000100000000)
  region size 1024K, 36 young (36864K), 5 survivors (5120K)
 Metaspace       used 35538K, committed 35968K, reserved 491520K
  class space    used 4892K, committed 5120K, reserved 425984K
}
Event: 12.829 GC heap after
{Heap after GC invocations=10 (full 0):
 garbage-first heap   total 89088K, used 35251K [0x0000000080000000, 0x0000000100000000)
  region size 1024K, 4 young (4096K), 4 survivors (4096K)
 Metaspace       used 35538K, committed 35968K, reserved 491520K
  class space    used 4892K, committed 5120K, reserved 425984K
}
Event: 14.938 GC heap before
{Heap before GC invocations=11 (full 0):
 garbage-first heap   total 89088K, used 65971K [0x0000000080000000, 0x0000000100000000)
  region size 1024K, 34 young (34816K), 4 survivors (4096K)
 Metaspace       used 38371K, committed 38848K, reserved 491520K
  class space    used 5301K, committed 5504K, reserved 425984K
}
Event: 14.943 GC heap after
{Heap after GC invocations=12 (full 0):
 garbage-first heap   total 89088K, used 38140K [0x0000000080000000, 0x0000000100000000)
  region size 1024K, 3 young (3072K), 3 survivors (3072K)
 Metaspace       used 38371K, committed 38848K, reserved 491520K
  class space    used 5301K, committed 5504K, reserved 425984K
}

Dll operation events (15 events):
Event: 0.022 Loaded shared library C:\Program Files\Eclipse Adoptium\jdk-17.0.11.9-hotspot\bin\java.dll
Event: 0.069 Loaded shared library C:\Program Files\Eclipse Adoptium\jdk-17.0.11.9-hotspot\bin\jsvml.dll
Event: 0.193 Loaded shared library C:\Program Files\Eclipse Adoptium\jdk-17.0.11.9-hotspot\bin\zip.dll
Event: 0.200 Loaded shared library C:\Program Files\Eclipse Adoptium\jdk-17.0.11.9-hotspot\bin\instrument.dll
Event: 0.211 Loaded shared library C:\Program Files\Eclipse Adoptium\jdk-17.0.11.9-hotspot\bin\net.dll
Event: 0.217 Loaded shared library C:\Program Files\Eclipse Adoptium\jdk-17.0.11.9-hotspot\bin\nio.dll
Event: 0.223 Loaded shared library C:\Program Files\Eclipse Adoptium\jdk-17.0.11.9-hotspot\bin\zip.dll
Event: 0.838 Loaded shared library C:\Program Files\Eclipse Adoptium\jdk-17.0.11.9-hotspot\bin\jimage.dll
Event: 1.352 Loaded shared library C:\Program Files\Eclipse Adoptium\jdk-17.0.11.9-hotspot\bin\verify.dll
Event: 1.609 Loaded shared library C:\Users\user\.gradle\native\1def1411415f61bf3af743bc5b6707747c0891f09f0c88961ee8f79bc544acac\windows-amd64\native-platform.dll
Event: 1.640 Loaded shared library C:\Users\user\.gradle\native\0.2.7\x86_64-windows-gnu\gradle-fileevents.dll
Event: 4.732 Loaded shared library C:\Program Files\Eclipse Adoptium\jdk-17.0.11.9-hotspot\bin\management.dll
Event: 4.742 Loaded shared library C:\Program Files\Eclipse Adoptium\jdk-17.0.11.9-hotspot\bin\management_ext.dll
Event: 5.378 Loaded shared library C:\Program Files\Eclipse Adoptium\jdk-17.0.11.9-hotspot\bin\extnet.dll
Event: 6.239 Loaded shared library C:\Program Files\Eclipse Adoptium\jdk-17.0.11.9-hotspot\bin\sunmscapi.dll

Deoptimization events (20 events):
Event: 13.935 Thread 0x000002526e911980 DEOPT PACKING pc=0x0000025259f2bbd8 sp=0x000000759a3f7130
Event: 13.935 Thread 0x000002526e911980 DEOPT UNPACKING pc=0x00000252598669a3 sp=0x000000759a3f70d8 mode 2
Event: 14.040 Thread 0x000002526e911980 DEOPT PACKING pc=0x00000252523d164b sp=0x000000759a3f29b0
Event: 14.040 Thread 0x000002526e911980 DEOPT UNPACKING pc=0x0000025259867143 sp=0x000000759a3f1ed0 mode 0
Event: 14.578 Thread 0x000002526e911980 Uncommon trap: trap_request=0xffffffbe fr.pc=0x0000025259fe45ac relative=0x00000000000006ec
Event: 14.578 Thread 0x000002526e911980 Uncommon trap: reason=profile_predicate action=maybe_recompile pc=0x0000025259fe45ac method=java.lang.PublicMethods$MethodList.filter([Ljava/lang/reflect/Method;Ljava/lang/String;[Ljava/lang/Class;Z)Ljava/lang/PublicMethods$MethodList; @ 21 c2
Event: 14.578 Thread 0x000002526e911980 DEOPT PACKING pc=0x0000025259fe45ac sp=0x000000759a3f6ba0
Event: 14.578 Thread 0x000002526e911980 DEOPT UNPACKING pc=0x00000252598669a3 sp=0x000000759a3f6b58 mode 2
Event: 14.578 Thread 0x000002526e911980 Uncommon trap: trap_request=0xffffffbe fr.pc=0x0000025259fe45ac relative=0x00000000000006ec
Event: 14.578 Thread 0x000002526e911980 Uncommon trap: reason=profile_predicate action=maybe_recompile pc=0x0000025259fe45ac method=java.lang.PublicMethods$MethodList.filter([Ljava/lang/reflect/Method;Ljava/lang/String;[Ljava/lang/Class;Z)Ljava/lang/PublicMethods$MethodList; @ 21 c2
Event: 14.578 Thread 0x000002526e911980 DEOPT PACKING pc=0x0000025259fe45ac sp=0x000000759a3f6ba0
Event: 14.578 Thread 0x000002526e911980 DEOPT UNPACKING pc=0x00000252598669a3 sp=0x000000759a3f6b58 mode 2
Event: 14.910 Thread 0x000002526e911980 Uncommon trap: trap_request=0xffffffbe fr.pc=0x0000025259fe45ac relative=0x00000000000006ec
Event: 14.910 Thread 0x000002526e911980 Uncommon trap: reason=profile_predicate action=maybe_recompile pc=0x0000025259fe45ac method=java.lang.PublicMethods$MethodList.filter([Ljava/lang/reflect/Method;Ljava/lang/String;[Ljava/lang/Class;Z)Ljava/lang/PublicMethods$MethodList; @ 21 c2
Event: 14.910 Thread 0x000002526e911980 DEOPT PACKING pc=0x0000025259fe45ac sp=0x000000759a3f6d60
Event: 14.911 Thread 0x000002526e911980 DEOPT UNPACKING pc=0x00000252598669a3 sp=0x000000759a3f6d18 mode 2
Event: 14.911 Thread 0x000002526e911980 Uncommon trap: trap_request=0xffffffbe fr.pc=0x0000025259fe45ac relative=0x00000000000006ec
Event: 14.911 Thread 0x000002526e911980 Uncommon trap: reason=profile_predicate action=maybe_recompile pc=0x0000025259fe45ac method=java.lang.PublicMethods$MethodList.filter([Ljava/lang/reflect/Method;Ljava/lang/String;[Ljava/lang/Class;Z)Ljava/lang/PublicMethods$MethodList; @ 21 c2
Event: 14.911 Thread 0x000002526e911980 DEOPT PACKING pc=0x0000025259fe45ac sp=0x000000759a3f6d60
Event: 14.911 Thread 0x000002526e911980 DEOPT UNPACKING pc=0x00000252598669a3 sp=0x000000759a3f6d18 mode 2

Classes unloaded (0 events):
No events

Classes redefined (0 events):
No events

Internal exceptions (20 events):
Event: 13.744 Thread 0x000002526e911980 Exception <a 'java/lang/ClassNotFoundException'{0x0000000084907780}: org/gradle/plugin/use/internal/PluginsAwareScriptCustomizer> (0x0000000084907780) 
thrown [s\src\hotspot\share\classfile\systemDictionary.cpp, line 256]
Event: 13.746 Thread 0x000002526e911980 Exception <a 'java/lang/ClassNotFoundException'{0x000000008491ab70}: org/gradle/initialization/SettingsScriptCustomizer> (0x000000008491ab70) 
thrown [s\src\hotspot\share\classfile\systemDictionary.cpp, line 256]
Event: 13.747 Thread 0x000002526e911980 Exception <a 'java/lang/ClassNotFoundException'{0x0000000084929958}: settings_1ipaqr08hjxhw3wdqg3fsuh96Customizer> (0x0000000084929958) 
thrown [s\src\hotspot\share\classfile\systemDictionary.cpp, line 256]
Event: 13.782 Thread 0x000002526e911980 Exception <a 'java/lang/ClassNotFoundException'{0x00000000849dd0b8}: org/gradle/initialization/DefaultSettings_DecoratedBeanInfo> (0x00000000849dd0b8) 
thrown [s\src\hotspot\share\classfile\systemDictionary.cpp, line 256]
Event: 13.784 Thread 0x000002526e911980 Exception <a 'java/lang/ClassNotFoundException'{0x00000000849edd78}: org/gradle/initialization/DefaultSettingsBeanInfo> (0x00000000849edd78) 
thrown [s\src\hotspot\share\classfile\systemDictionary.cpp, line 256]
Event: 13.785 Thread 0x000002526e911980 Exception <a 'java/lang/ClassNotFoundException'{0x00000000849fea28}: org/gradle/initialization/DefaultSettingsCustomizer> (0x00000000849fea28) 
thrown [s\src\hotspot\share\classfile\systemDictionary.cpp, line 256]
Event: 13.818 Thread 0x000002526e911980 Exception <a 'java/lang/ClassNotFoundException'{0x00000000848499d0}: org/gradle/initialization/DefaultSettings_DecoratedCustomizer> (0x00000000848499d0) 
thrown [s\src\hotspot\share\classfile\systemDictionary.cpp, line 256]
Event: 13.860 Thread 0x000002526e911980 Exception <a 'java/lang/ClassNotFoundException'{0x000000008473f4a0}: org/gradle/plugin/management/internal/DefaultPluginManagementSpec_DecoratedBeanInfo> (0x000000008473f4a0) 
thrown [s\src\hotspot\share\classfile\systemDictionary.cpp, line 256]
Event: 13.861 Thread 0x000002526e911980 Exception <a 'java/lang/ClassNotFoundException'{0x0000000084755110}: org/gradle/plugin/management/internal/DefaultPluginManagementSpecBeanInfo> (0x0000000084755110) 
thrown [s\src\hotspot\share\classfile\systemDictionary.cpp, line 256]
Event: 13.863 Thread 0x000002526e911980 Exception <a 'java/lang/ClassNotFoundException'{0x000000008476a830}: org/gradle/plugin/management/internal/DefaultPluginManagementSpecCustomizer> (0x000000008476a830) 
thrown [s\src\hotspot\share\classfile\systemDictionary.cpp, line 256]
Event: 13.871 Thread 0x000002526e911980 Exception <a 'java/lang/ClassNotFoundException'{0x00000000847916e0}: org/gradle/plugin/management/internal/DefaultPluginManagementSpec_DecoratedCustomizer> (0x00000000847916e0) 
thrown [s\src\hotspot\share\classfile\systemDictionary.cpp, line 256]
Event: 13.907 Thread 0x000002526e911980 Exception <a 'java/lang/ClassNotFoundException'{0x000000008462e2a8}: org/gradle/plugin/use/internal/PluginRequestCollector$PluginDependenciesSpecImplBeanInfo> (0x000000008462e2a8) 
thrown [s\src\hotspot\share\classfile\systemDictionary.cpp, line 256]
Event: 13.914 Thread 0x000002526e911980 Exception <a 'java/lang/ClassNotFoundException'{0x0000000084641818}: org/gradle/plugin/use/internal/PluginRequestCollector$PluginDependenciesSpecImplCustomizer> (0x0000000084641818) 
thrown [s\src\hotspot\share\classfile\systemDictionary.cpp, line 256]
Event: 13.953 Thread 0x000002526e911980 Exception <a 'java/lang/IncompatibleClassChangeError'{0x00000000846c14c8}: Found class java.lang.Object, but interface was expected> (0x00000000846c14c8) 
thrown [s\src\hotspot\share\interpreter\linkResolver.cpp, line 826]
Event: 14.745 Thread 0x000002526e911980 Exception <a 'java/lang/NoSuchMethodError'{0x0000000083a69b50}: 'java.lang.Object java.lang.invoke.DirectMethodHandle$Holder.newInvokeSpecial(java.lang.Object, java.lang.Object, java.lang.Object, java.lang.Object, java.lang.Object, java.lang.Object, java.lang.Object, java.lang.Object, java.lang.Object, java.lang.Object, java.lang.Object)'> (0x0000000083a69b50) 
thrown [s\src\hotspot\share\interpreter\linkResolver.cpp, line 759]
Event: 14.748 Thread 0x000002526e911980 Exception <a 'java/lang/NoSuchMethodError'{0x0000000083a6f930}: 'java.lang.Object java.lang.invoke.DirectMethodHandle$Holder.invokeSpecial(java.lang.Object, java.lang.Object, java.lang.Object, java.lang.Object, java.lang.Object, java.lang.Object, java.lang.Object, java.lang.Object, java.lang.Object, java.lang.Object, java.lang.Object, java.lang.Object)'> (0x0000000083a6f930) 
thrown [s\src\hotspot\share\interpreter\linkResolver.cpp, line 759]
Event: 14.749 Thread 0x000002526e911980 Exception <a 'java/lang/NoSuchMethodError'{0x0000000083a75270}: 'java.lang.Object java.lang.invoke.Invokers$Holder.linkToTargetMethod(java.lang.Object, java.lang.Object, java.lang.Object, java.lang.Object, java.lang.Object, java.lang.Object, java.lang.Object, java.lang.Object, java.lang.Object, java.lang.Object, java.lang.Object)'> (0x0000000083a75270) 
thrown [s\src\hotspot\share\interpreter\linkResolver.cpp, line 759]
Event: 14.835 Thread 0x000002526e911980 Exception <a 'java/lang/NoSuchMethodError'{0x0000000083ae9a40}: 'java.lang.Object java.lang.invoke.DirectMethodHandle$Holder.newInvokeSpecial(java.lang.Object, java.lang.Object, java.lang.Object, java.lang.Object, java.lang.Object, java.lang.Object, java.lang.Object, java.lang.Object, java.lang.Object, java.lang.Object, java.lang.Object, java.lang.Object)'> (0x0000000083ae9a40) 
thrown [s\src\hotspot\share\interpreter\linkResolver.cpp, line 759]
Event: 14.837 Thread 0x000002526e911980 Exception <a 'java/lang/NoSuchMethodError'{0x0000000083aefa08}: 'java.lang.Object java.lang.invoke.DirectMethodHandle$Holder.invokeSpecial(java.lang.Object, java.lang.Object, java.lang.Object, java.lang.Object, java.lang.Object, java.lang.Object, java.lang.Object, java.lang.Object, java.lang.Object, java.lang.Object, java.lang.Object, java.lang.Object, java.lang.Object)'> (0x0000000083aefa08) 
thrown [s\src\hotspot\share\interpreter\linkResolver.cpp, line 759]
Event: 14.838 Thread 0x000002526e911980 Exception <a 'java/lang/NoSuchMethodError'{0x0000000083af54d0}: 'java.lang.Object java.lang.invoke.Invokers$Holder.linkToTargetMethod(java.lang.Object, java.lang.Object, java.lang.Object, java.lang.Object, java.lang.Object, java.lang.Object, java.lang.Object, java.lang.Object, java.lang.Object, java.lang.Object, java.lang.Object, java.lang.Object)'> (0x0000000083af54d0) 
thrown [s\src\hotspot\share\interpreter\linkResolver.cpp, line 759]

VM Operations (20 events):
Event: 11.832 Executing VM operation: G1CollectForAllocation done
Event: 11.893 Executing VM operation: HandshakeAllThreads
Event: 11.893 Executing VM operation: HandshakeAllThreads done
Event: 12.190 Executing VM operation: ICBufferFull
Event: 12.191 Executing VM operation: ICBufferFull done
Event: 12.822 Executing VM operation: CollectForMetadataAllocation
Event: 12.833 Executing VM operation: CollectForMetadataAllocation done
Event: 12.853 Executing VM operation: G1PauseRemark
Event: 12.856 Executing VM operation: G1PauseRemark done
Event: 12.864 Executing VM operation: G1PauseCleanup
Event: 12.865 Executing VM operation: G1PauseCleanup done
Event: 13.410 Executing VM operation: HandshakeAllThreads
Event: 13.411 Executing VM operation: HandshakeAllThreads done
Event: 13.807 Executing VM operation: ICBufferFull
Event: 13.807 Executing VM operation: ICBufferFull done
Event: 14.818 Executing VM operation: Cleanup
Event: 14.835 Executing VM operation: Cleanup done
Event: 14.938 Executing VM operation: G1CollectForAllocation
Event: 14.943 Executing VM operation: G1CollectForAllocation done
Event: 15.947 Executing VM operation: Cleanup

Events (20 events):
Event: 12.884 Thread 0x00000252715479b0 Thread added: 0x00000252715479b0
Event: 12.958 Thread 0x0000025271546a80 Thread added: 0x0000025271546a80
Event: 13.013 loading class sun/reflect/MagicAccessorImpl
Event: 13.013 loading class sun/reflect/MagicAccessorImpl done
Event: 13.100 loading class java/util/function/IntBinaryOperator
Event: 13.101 loading class java/util/function/IntBinaryOperator done
Event: 13.150 loading class jdk/internal/reflect/UnsafeObjectFieldAccessorImpl
Event: 13.151 loading class jdk/internal/reflect/UnsafeObjectFieldAccessorImpl done
Event: 13.252 loading class java/util/BitSet$1BitSetSpliterator
Event: 13.252 loading class java/util/BitSet$1BitSetSpliterator done
Event: 13.486 loading class java/lang/SafeVarargs
Event: 13.486 loading class java/lang/SafeVarargs done
Event: 13.555 loading class jdk/internal/reflect/UnsafeStaticIntegerFieldAccessorImpl
Event: 13.557 loading class jdk/internal/reflect/UnsafeStaticIntegerFieldAccessorImpl done
Event: 13.628 loading class sun/nio/fs/WindowsException
Event: 13.628 loading class sun/nio/fs/WindowsException done
Event: 13.933 loading class java/util/DualPivotQuicksort
Event: 13.934 loading class java/util/DualPivotQuicksort done
Event: 14.894 Thread 0x000002527154bb80 Thread added: 0x000002527154bb80
Event: 15.010 Thread 0x000002527154b670 Thread added: 0x000002527154b670


Dynamic libraries:
0x00007ff7f0960000 - 0x00007ff7f096e000 	C:\Program Files\Eclipse Adoptium\jdk-17.0.11.9-hotspot\bin\java.exe
0x00007ffc00dc0000 - 0x00007ffc01029000 	C:\WINDOWS\SYSTEM32\ntdll.dll
0x00007ffbffb60000 - 0x00007ffbffc29000 	C:\WINDOWS\System32\KERNEL32.DLL
0x00007ffbfe0a0000 - 0x00007ffbfe493000 	C:\WINDOWS\System32\KERNELBASE.dll
0x00007ffbfdf50000 - 0x00007ffbfe09b000 	C:\WINDOWS\System32\ucrtbase.dll
0x00007ffbdc880000 - 0x00007ffbdc897000 	C:\Program Files\Eclipse Adoptium\jdk-17.0.11.9-hotspot\bin\jli.dll
0x00007ffbfeef0000 - 0x00007ffbff0b4000 	C:\WINDOWS\System32\USER32.dll
0x00007ffbd90f0000 - 0x00007ffbd910b000 	C:\Program Files\Eclipse Adoptium\jdk-17.0.11.9-hotspot\bin\VCRUNTIME140.dll
0x00007ffbfeb60000 - 0x00007ffbfeb87000 	C:\WINDOWS\System32\win32u.dll
0x00007ffc00920000 - 0x00007ffc0094b000 	C:\WINDOWS\System32\GDI32.dll
0x00007ffbfe600000 - 0x00007ffbfe72d000 	C:\WINDOWS\System32\gdi32full.dll
0x00007ffbfe730000 - 0x00007ffbfe7d3000 	C:\WINDOWS\System32\msvcp_win.dll
0x00007ffbe33e0000 - 0x00007ffbe3673000 	C:\WINDOWS\WinSxS\amd64_microsoft.windows.common-controls_6595b64144ccf1df_6.0.26100.5074_none_3e0d6f78e32fd63f\COMCTL32.dll
0x00007ffbfeca0000 - 0x00007ffbfed49000 	C:\WINDOWS\System32\msvcrt.dll
0x00007ffc00d40000 - 0x00007ffc00d6f000 	C:\WINDOWS\System32\IMM32.DLL
0x00007ffbe6950000 - 0x00007ffbe695c000 	C:\Program Files\Eclipse Adoptium\jdk-17.0.11.9-hotspot\bin\vcruntime140_1.dll
0x00007ffbd1820000 - 0x00007ffbd18ad000 	C:\Program Files\Eclipse Adoptium\jdk-17.0.11.9-hotspot\bin\msvcp140.dll
0x00007ffb9cc70000 - 0x00007ffb9d8d2000 	C:\Program Files\Eclipse Adoptium\jdk-17.0.11.9-hotspot\bin\server\jvm.dll
0x00007ffc00340000 - 0x00007ffc003f4000 	C:\WINDOWS\System32\ADVAPI32.dll
0x00007ffc00b70000 - 0x00007ffc00c16000 	C:\WINDOWS\System32\sechost.dll
0x00007ffc00c20000 - 0x00007ffc00d38000 	C:\WINDOWS\System32\RPCRT4.dll
0x00007ffbdc950000 - 0x00007ffbdc95a000 	C:\WINDOWS\SYSTEM32\WSOCK32.dll
0x00007ffbfddb0000 - 0x00007ffbfde0e000 	C:\WINDOWS\SYSTEM32\POWRPROF.dll
0x00007ffc00120000 - 0x00007ffc00194000 	C:\WINDOWS\System32\WS2_32.dll
0x00007ffbf25b0000 - 0x00007ffbf25bb000 	C:\WINDOWS\SYSTEM32\VERSION.dll
0x00007ffbf2e60000 - 0x00007ffbf2e95000 	C:\WINDOWS\SYSTEM32\WINMM.dll
0x00007ffbfdd90000 - 0x00007ffbfdda4000 	C:\WINDOWS\SYSTEM32\UMPDC.dll
0x00007ffbfcd30000 - 0x00007ffbfcd4b000 	C:\WINDOWS\SYSTEM32\kernel.appcore.dll
0x00007ffbdbb90000 - 0x00007ffbdbb9a000 	C:\Program Files\Eclipse Adoptium\jdk-17.0.11.9-hotspot\bin\jimage.dll
0x00007ffbefa60000 - 0x00007ffbefca2000 	C:\WINDOWS\SYSTEM32\DBGHELP.DLL
0x00007ffc00420000 - 0x00007ffc0079b000 	C:\WINDOWS\System32\combase.dll
0x00007ffbff0c0000 - 0x00007ffbff197000 	C:\WINDOWS\System32\OLEAUT32.dll
0x00007ffbe7ec0000 - 0x00007ffbe7efd000 	C:\WINDOWS\SYSTEM32\dbgcore.DLL
0x00007ffbfe4a0000 - 0x00007ffbfe539000 	C:\WINDOWS\System32\bcryptPrimitives.dll
0x00007ffbd2720000 - 0x00007ffbd272e000 	C:\Program Files\Eclipse Adoptium\jdk-17.0.11.9-hotspot\bin\instrument.dll
0x00007ffbd7020000 - 0x00007ffbd7045000 	C:\Program Files\Eclipse Adoptium\jdk-17.0.11.9-hotspot\bin\java.dll
0x00007ffbaf880000 - 0x00007ffbaf957000 	C:\Program Files\Eclipse Adoptium\jdk-17.0.11.9-hotspot\bin\jsvml.dll
0x00007ffbff1a0000 - 0x00007ffbff8ed000 	C:\WINDOWS\System32\SHELL32.dll
0x00007ffbfe960000 - 0x00007ffbfeacc000 	C:\WINDOWS\System32\wintypes.dll
0x00007ffbfbbb0000 - 0x00007ffbfc409000 	C:\WINDOWS\SYSTEM32\windows.storage.dll
0x00007ffc00820000 - 0x00007ffc00910000 	C:\WINDOWS\System32\SHCORE.dll
0x00007ffbfee40000 - 0x00007ffbfeea2000 	C:\WINDOWS\System32\shlwapi.dll
0x00007ffbfde70000 - 0x00007ffbfde99000 	C:\WINDOWS\SYSTEM32\profapi.dll
0x00007ffbccac0000 - 0x00007ffbccad8000 	C:\Program Files\Eclipse Adoptium\jdk-17.0.11.9-hotspot\bin\zip.dll
0x00007ffbd2c60000 - 0x00007ffbd2c79000 	C:\Program Files\Eclipse Adoptium\jdk-17.0.11.9-hotspot\bin\net.dll
0x00007ffbf8010000 - 0x00007ffbf812f000 	C:\WINDOWS\SYSTEM32\WINHTTP.dll
0x00007ffbfd2b0000 - 0x00007ffbfd31b000 	C:\WINDOWS\system32\mswsock.dll
0x00007ffbd17b0000 - 0x00007ffbd17c6000 	C:\Program Files\Eclipse Adoptium\jdk-17.0.11.9-hotspot\bin\nio.dll
0x00007ffbdb940000 - 0x00007ffbdb950000 	C:\Program Files\Eclipse Adoptium\jdk-17.0.11.9-hotspot\bin\verify.dll
0x00007ffbf2970000 - 0x00007ffbf2997000 	C:\Users\user\.gradle\native\1def1411415f61bf3af743bc5b6707747c0891f09f0c88961ee8f79bc544acac\windows-amd64\native-platform.dll
0x00007ffbc2700000 - 0x00007ffbc2778000 	C:\Users\user\.gradle\native\0.2.7\x86_64-windows-gnu\gradle-fileevents.dll
0x00007ffbd90e0000 - 0x00007ffbd90e9000 	C:\Program Files\Eclipse Adoptium\jdk-17.0.11.9-hotspot\bin\management.dll
0x00007ffbd7010000 - 0x00007ffbd701b000 	C:\Program Files\Eclipse Adoptium\jdk-17.0.11.9-hotspot\bin\management_ext.dll
0x00007ffbffc30000 - 0x00007ffbffc38000 	C:\WINDOWS\System32\PSAPI.DLL
0x00007ffbfc780000 - 0x00007ffbfc7b4000 	C:\WINDOWS\SYSTEM32\IPHLPAPI.DLL
0x00007ffbfeee0000 - 0x00007ffbfeeea000 	C:\WINDOWS\System32\NSI.dll
0x00007ffbf8570000 - 0x00007ffbf858e000 	C:\WINDOWS\SYSTEM32\dhcpcsvc6.DLL
0x00007ffbf83e0000 - 0x00007ffbf8403000 	C:\WINDOWS\SYSTEM32\dhcpcsvc.DLL
0x00007ffbfc820000 - 0x00007ffbfc946000 	C:\WINDOWS\SYSTEM32\DNSAPI.dll
0x00007ffbd2c50000 - 0x00007ffbd2c59000 	C:\Program Files\Eclipse Adoptium\jdk-17.0.11.9-hotspot\bin\extnet.dll
0x00007ffbfd550000 - 0x00007ffbfd56b000 	C:\WINDOWS\SYSTEM32\CRYPTSP.dll
0x00007ffbfcc90000 - 0x00007ffbfcccb000 	C:\WINDOWS\system32\rsaenh.dll
0x00007ffbfd350000 - 0x00007ffbfd37b000 	C:\WINDOWS\SYSTEM32\USERENV.dll
0x00007ffbfde40000 - 0x00007ffbfde66000 	C:\WINDOWS\SYSTEM32\bcrypt.dll
0x00007ffbfd570000 - 0x00007ffbfd57c000 	C:\WINDOWS\SYSTEM32\CRYPTBASE.dll
0x00007ffbf8f60000 - 0x00007ffbf8f6e000 	C:\Program Files\Eclipse Adoptium\jdk-17.0.11.9-hotspot\bin\sunmscapi.dll
0x00007ffbfe7e0000 - 0x00007ffbfe957000 	C:\WINDOWS\System32\CRYPT32.dll
0x00007ffbfd770000 - 0x00007ffbfd7a0000 	C:\WINDOWS\SYSTEM32\ncrypt.dll
0x00007ffbfd720000 - 0x00007ffbfd75f000 	C:\WINDOWS\SYSTEM32\NTASN1.dll
0x00007ffb64200000 - 0x00007ffb64208000 	C:\WINDOWS\system32\wshunix.dll

dbghelp: loaded successfully - version: 4.0.5 - missing functions: none
symbol engine: initialized successfully - sym options: 0x614 - pdb path: .;C:\Program Files\Eclipse Adoptium\jdk-17.0.11.9-hotspot\bin;C:\WINDOWS\SYSTEM32;C:\WINDOWS\WinSxS\amd64_microsoft.windows.common-controls_6595b64144ccf1df_6.0.26100.5074_none_3e0d6f78e32fd63f;C:\Program Files\Eclipse Adoptium\jdk-17.0.11.9-hotspot\bin\server;C:\Users\user\.gradle\native\1def1411415f61bf3af743bc5b6707747c0891f09f0c88961ee8f79bc544acac\windows-amd64;C:\Users\user\.gradle\native\0.2.7\x86_64-windows-gnu

VM Arguments:
jvm_args: --add-opens=java.base/java.lang=ALL-UNNAMED --add-opens=java.base/java.lang.invoke=ALL-UNNAMED --add-opens=java.base/java.util=ALL-UNNAMED --add-opens=java.prefs/java.util.prefs=ALL-UNNAMED --add-exports=jdk.compiler/com.sun.tools.javac.api=ALL-UNNAMED --add-exports=jdk.compiler/com.sun.tools.javac.util=ALL-UNNAMED --add-opens=java.base/java.util=ALL-UNNAMED --add-opens=java.prefs/java.util.prefs=ALL-UNNAMED --add-opens=java.base/java.nio.charset=ALL-UNNAMED --add-opens=java.base/java.net=ALL-UNNAMED --add-opens=java.base/java.util.concurrent.atomic=ALL-UNNAMED --add-opens=java.xml/javax.xml.namespace=ALL-UNNAMED -XX:MaxMetaspaceSize=512m -Xmx2048m -Dfile.encoding=UTF-8 -Duser.country=ZA -Duser.language=en -Duser.variant -javaagent:C:\Users\user\.gradle\wrapper\dists\gradle-8.14.3-bin\cv11ve7ro1n3o1j4so8xd9n66\gradle-8.14.3\lib\agents\gradle-instrumentation-agent-8.14.3.jar 
java_command: org.gradle.launcher.daemon.bootstrap.GradleDaemon 8.14.3
java_class_path (initial): C:\Users\user\.gradle\wrapper\dists\gradle-8.14.3-bin\cv11ve7ro1n3o1j4so8xd9n66\gradle-8.14.3\lib\gradle-daemon-main-8.14.3.jar
Launcher Type: SUN_STANDARD

[Global flags]
     intx CICompilerCount                          = 4                                         {product} {ergonomic}
   size_t CompressedClassSpaceSize                 = 436207616                                 {product} {ergonomic}
     uint ConcGCThreads                            = 2                                         {product} {ergonomic}
     uint G1ConcRefinementThreads                  = 8                                         {product} {ergonomic}
   size_t G1HeapRegionSize                         = 1048576                                   {product} {ergonomic}
    uintx GCDrainStackTargetSize                   = 64                                        {product} {ergonomic}
   size_t InitialHeapSize                          = 98566144                                  {product} {ergonomic}
   size_t MarkStackSize                            = 4194304                                   {product} {ergonomic}
   size_t MaxHeapSize                              = 2147483648                                {product} {command line}
   size_t MaxMetaspaceSize                         = 536870912                                 {product} {command line}
   size_t MaxNewSize                               = 1287651328                                {product} {ergonomic}
   size_t MinHeapDeltaBytes                        = 1048576                                   {product} {ergonomic}
   size_t MinHeapSize                              = 8388608                                   {product} {ergonomic}
    uintx NonNMethodCodeHeapSize                   = 5839372                                {pd product} {ergonomic}
    uintx NonProfiledCodeHeapSize                  = 122909434                              {pd product} {ergonomic}
    uintx ProfiledCodeHeapSize                     = 122909434                              {pd product} {ergonomic}
    uintx ReservedCodeCacheSize                    = 251658240                              {pd product} {ergonomic}
     bool SegmentedCodeCache                       = true                                      {product} {ergonomic}
   size_t SoftMaxHeapSize                          = 2147483648                             {manageable} {ergonomic}
     bool UseCompressedClassPointers               = true                           {product lp64_product} {ergonomic}
     bool UseCompressedOops                        = true                           {product lp64_product} {ergonomic}
     bool UseG1GC                                  = true                                      {product} {ergonomic}
     bool UseLargePagesIndividualAllocation        = false                                  {pd product} {ergonomic}

Logging:
Log output configuration:
 #0: stdout all=warning uptime,level,tags
 #1: stderr all=off uptime,level,tags

Environment Variables:
PATH=C:\Program Files (x86)\Common Files\Intel\Shared Libraries\redist\intel64\compiler;C:\Program Files\Eclipse Adoptium\jdk-17.0.11.9-hotspot\bin;C:\Program Files\Common Files\Oracle\Java\javapath;C:\WINDOWS\system32;C:\WINDOWS;C:\WINDOWS\System32\Wbem;C:\WINDOWS\System32\WindowsPowerShell\v1.0\;C:\Program Files\nodejs\;C:\Program Files\Microsoft SQL Server\150\Tools\Binn\;C:\Program Files\dotnet\;C:\Program Files (x86)\Windows Kits\10\Windows Performance Toolkit\;C:\Program Files\Git\cmd;C:\ProgramData\chocolatey\bin;C:\Program Files\swipl\bin;C:\Program Files\MongoDB\Server\8.0\bin;C:\Program Files\Docker\Docker\resources\bin;C:\WINDOWS\System32\OpenSSH\;C:\Users\user\AppData\Local\Programs\Python\Python313\Scripts\;C:\Users\user\AppData\Local\Programs\Python\Python313\;C:\Users\user\AppData\Local\Microsoft\WindowsApps;C:\Users\user\AppData\Local\Programs\Microsoft VS Code\bin;C:\Users\user\AppData\Local\Microsoft\WinGet\Packages\Schniz.fnm_Microsoft.Winget.Source_8wekyb3d8bbwe;C:\Users\user\AppData\Roaming\npm;C:\msys64\ucrt64\bin;C:\Users\user\.dotnet\tools;C:\Users\user\AppData\Local\GitHubDesktop\bin;C:\Users\user\Downloads\apache-maven-3.9.9-bin\apache-maven-3.9.9\bin;C:\MinGW\bin;C:\Users\user\AppData\Local\Pandoc\;C:\Users\user\Downloads\platform-tools-latest-windows\platform-tools;
USERNAME=user
OS=Windows_NT
PROCESSOR_IDENTIFIER=AMD64 Family 23 Model 160 Stepping 0, AuthenticAMD
TMP=C:\Users\user\AppData\Local\Temp
TEMP=C:\Users\user\AppData\Local\Temp



Periodic native trim disabled


---------------  S Y S T E M  ---------------

OS:
 Windows 11 , 64 bit Build 26100 (10.0.26100.5074)
OS uptime: 0 days 17:21 hours
Hyper-V role detected

CPU: total 8 (initial active 8) (8 cores per cpu, 2 threads per core) family 23 model 160 stepping 0 microcode 0x8a00009, cx8, cmov, fxsr, ht, mmx, 3dnowpref, sse, sse2, sse3, ssse3, sse4a, sse4.1, sse4.2, popcnt, lzcnt, tsc, tscinvbit, avx, avx2, aes, clmul, bmi1, bmi2, adx, sha, fma, vzeroupper, clflush, clflushopt, hv
Processor Information for all 8 processors :
  Max Mhz: 2801, Current Mhz: 2801, Mhz Limit: 2801

Memory: 4k page, system-wide physical 5965M (887M free)
TotalPageFile size 24397M (AvailPageFile size 14M)
current process WorkingSet (physical memory assigned to process): 222M, peak: 233M
current process commit charge ("private bytes"): 280M, peak: 283M

vm_info: OpenJDK 64-Bit Server VM (17.0.11+9) for windows-amd64 JRE (17.0.11+9), built on Apr 17 2024 06:07:48 by "admin" with MS VC++ 16.10 / 16.11 (VS2019)

END.
