#
# There is insufficient memory for the Java Runtime Environment to continue.
# Native memory allocation (mmap) failed to map 67108864 bytes for G1 virtual space
# Possible reasons:
#   The system is out of physical RAM or swap space
#   The process is running with CompressedOops enabled, and the Java Heap may be blocking the growth of the native heap
# Possible solutions:
#   Reduce memory load on the system
#   Increase physical memory or swap space
#   Check if swap backing store is full
#   Decrease Java heap size (-Xmx/-Xms)
#   Decrease number of Java threads
#   Decrease Java thread stack sizes (-Xss)
#   Set larger code cache with -XX:ReservedCodeCacheSize=
#   JVM is running with Unscaled Compressed Oops mode in which the Java heap is
#     placed in the first 4GB address space. The Java Heap base address is the
#     maximum limit for the native heap growth. Please use -XX:HeapBaseMinAddress
#     to set the Java Heap base and to place the Java Heap above 4GB virtual address.
# This output file may be truncated or incomplete.
#
#  Out of Memory Error (os_windows.cpp:3548), pid=22676, tid=17580
#
# JRE version:  (17.0.11+7) (build )
# Java VM: Java HotSpot(TM) 64-Bit Server VM (17.0.11+7-LTS-207, mixed mode, sharing, tiered, compressed oops, compressed class ptrs, g1 gc, windows-amd64)
# No core dump will be written. Minidumps are not enabled by default on client versions of Windows
#

---------------  S U M M A R Y ------------

Command Line: -Xmx64m -Xms64m -Dorg.gradle.appname=gradlew C:\Users\user\OneDrive\Documents\capstone\repo\SAMFMS\SAMFMSDriverApp\android\\gradle\wrapper\gradle-wrapper.jar app:installDebug -PreactNativeDevServerPort=8081

Host: AMD Ryzen 5 7520U with Radeon Graphics         , 8 cores, 5G,  Windows 11 , 64 bit Build 26100 (10.0.26100.5074)
Time: Thu Sep 18 19:29:34 2025 South Africa Standard Time elapsed time: 2.766751 seconds (0d 0h 0m 2s)

---------------  T H R E A D  ---------------

Current thread (0x0000027d01c46290):  JavaThread "Unknown thread" [_thread_in_vm, id=17580, stack(0x000000a8f3000000,0x000000a8f3100000)]

Stack: [0x000000a8f3000000,0x000000a8f3100000]
Native frames: (J=compiled Java code, j=interpreted, Vv=VM code, C=native code)
V  [jvm.dll+0x679cca]
V  [jvm.dll+0x7da13d]
V  [jvm.dll+0x7dba83]
V  [jvm.dll+0x7dc0f3]
V  [jvm.dll+0x2449af]
V  [jvm.dll+0x676ce9]
V  [jvm.dll+0x66b852]
V  [jvm.dll+0x3018d6]
V  [jvm.dll+0x308e76]
V  [jvm.dll+0x3596ee]
V  [jvm.dll+0x35991f]
V  [jvm.dll+0x2d89a8]
V  [jvm.dll+0x2d9914]
V  [jvm.dll+0x7ac6b1]
V  [jvm.dll+0x366f61]
V  [jvm.dll+0x78b609]
V  [jvm.dll+0x3ec22f]
V  [jvm.dll+0x3ede61]
C  [jli.dll+0x5297]
C  [ucrtbase.dll+0x37b0]
C  [KERNEL32.DLL+0x2e8d7]
C  [ntdll.dll+0x8d9c]


---------------  P R O C E S S  ---------------

Threads class SMR info:
_java_thread_list=0x00007ffaa72c7a18, length=0, elements={
}

Java Threads: ( => current thread )

Other Threads:
  0x0000027d01c66bc0 GCTaskThread "GC Thread#0" [stack: 0x000000a8f3100000,0x000000a8f3200000] [id=20308]
  0x0000027d01c69320 ConcurrentGCThread "G1 Main Marker" [stack: 0x000000a8f3200000,0x000000a8f3300000] [id=24084]
  0x0000027d01c6ba10 ConcurrentGCThread "G1 Conc#0" [stack: 0x000000a8f3300000,0x000000a8f3400000] [id=7188]

[error occurred during error reporting (printing all threads), id 0xc0000005, EXCEPTION_ACCESS_VIOLATION (0xc0000005) at pc=0x00007ffaa6af9497]

VM state: not at safepoint (not fully initialized)

VM Mutex/Monitor currently owned by a thread:  ([mutex/lock_event])
[0x0000027d01c417a0] Heap_lock - owner thread: 0x0000027d01c46290

Heap address: 0x00000000fc000000, size: 64 MB, Compressed Oops mode: 32-bit

CDS archive(s) mapped at: [0x0000000000000000-0x0000000000000000-0x0000000000000000), size 0, SharedBaseAddress: 0x0000000800000000, ArchiveRelocationMode: 1.
Narrow klass base: 0x0000000000000000, Narrow klass shift: 0, Narrow klass range: 0x0

GC Precious Log:
<Empty>

Heap:
 garbage-first heap   total 0K, used 0K [0x00000000fc000000, 0x0000000100000000)
  region size 1024K, 0 young (0K), 0 survivors (0K)

[error occurred during error reporting (printing heap information), id 0xc0000005, EXCEPTION_ACCESS_VIOLATION (0xc0000005) at pc=0x00007ffaa6ee3559]

GC Heap History (0 events):
No events

Deoptimization events (0 events):
No events

Classes unloaded (0 events):
No events

Classes redefined (0 events):
No events

Internal exceptions (0 events):
No events

VM Operations (0 events):
No events

Events (1 events):
Event: 0.017 Loaded shared library C:\Program Files\Java\jdk-17\bin\java.dll


Dynamic libraries:
0x00007ff684820000 - 0x00007ff684830000 	C:\Program Files\Java\jdk-17\bin\java.exe
0x00007ffb77e40000 - 0x00007ffb780a9000 	C:\WINDOWS\SYSTEM32\ntdll.dll
0x00007ffb75e30000 - 0x00007ffb75ef9000 	C:\WINDOWS\System32\KERNEL32.DLL
0x00007ffb752e0000 - 0x00007ffb756d3000 	C:\WINDOWS\System32\KERNELBASE.dll
0x00007ffb75190000 - 0x00007ffb752db000 	C:\WINDOWS\System32\ucrtbase.dll
0x00007ffb63ec0000 - 0x00007ffb63edb000 	C:\Program Files\Java\jdk-17\bin\VCRUNTIME140.dll
0x00007ffb6fcf0000 - 0x00007ffb6fd09000 	C:\Program Files\Java\jdk-17\bin\jli.dll
0x00007ffb766b0000 - 0x00007ffb76764000 	C:\WINDOWS\System32\ADVAPI32.dll
0x00007ffb76c90000 - 0x00007ffb76d39000 	C:\WINDOWS\System32\msvcrt.dll
0x00007ffb77400000 - 0x00007ffb774a6000 	C:\WINDOWS\System32\sechost.dll
0x00007ffb771e0000 - 0x00007ffb772f8000 	C:\WINDOWS\System32\RPCRT4.dll
0x00007ffb77500000 - 0x00007ffb776c4000 	C:\WINDOWS\System32\USER32.dll
0x00007ffb757a0000 - 0x00007ffb757c7000 	C:\WINDOWS\System32\win32u.dll
0x00007ffb77180000 - 0x00007ffb771ab000 	C:\WINDOWS\System32\GDI32.dll
0x00007ffb75060000 - 0x00007ffb7518d000 	C:\WINDOWS\System32\gdi32full.dll
0x00007ffb75ac0000 - 0x00007ffb75b63000 	C:\WINDOWS\System32\msvcp_win.dll
0x00007ffb5b890000 - 0x00007ffb5bb23000 	C:\WINDOWS\WinSxS\amd64_microsoft.windows.common-controls_6595b64144ccf1df_6.0.26100.5074_none_3e0d6f78e32fd63f\COMCTL32.dll
0x00007ffb68660000 - 0x00007ffb6866b000 	C:\WINDOWS\SYSTEM32\VERSION.dll
0x00007ffb75df0000 - 0x00007ffb75e1f000 	C:\WINDOWS\System32\IMM32.DLL
0x00007ffb6fd30000 - 0x00007ffb6fd3c000 	C:\Program Files\Java\jdk-17\bin\vcruntime140_1.dll
0x00007ffb1e690000 - 0x00007ffb1e71e000 	C:\Program Files\Java\jdk-17\bin\msvcp140.dll
0x00007ffaa6810000 - 0x00007ffaa73f0000 	C:\Program Files\Java\jdk-17\bin\server\jvm.dll
0x00007ffb767f0000 - 0x00007ffb767f8000 	C:\WINDOWS\System32\PSAPI.DLL
0x00007ffb59680000 - 0x00007ffb5968a000 	C:\WINDOWS\SYSTEM32\WSOCK32.dll
0x00007ffb76d50000 - 0x00007ffb76dc4000 	C:\WINDOWS\System32\WS2_32.dll
0x00007ffb69f50000 - 0x00007ffb69f85000 	C:\WINDOWS\SYSTEM32\WINMM.dll
0x00007ffb73db0000 - 0x00007ffb73dcb000 	C:\WINDOWS\SYSTEM32\kernel.appcore.dll
0x00007ffb63f10000 - 0x00007ffb63f1a000 	C:\Program Files\Java\jdk-17\bin\jimage.dll
0x00007ffb67490000 - 0x00007ffb676d2000 	C:\WINDOWS\SYSTEM32\DBGHELP.DLL
0x00007ffb77970000 - 0x00007ffb77ceb000 	C:\WINDOWS\System32\combase.dll
0x00007ffb76ed0000 - 0x00007ffb76fa7000 	C:\WINDOWS\System32\OLEAUT32.dll
0x00007ffb5f5a0000 - 0x00007ffb5f5dd000 	C:\WINDOWS\SYSTEM32\dbgcore.DLL
0x00007ffb75b70000 - 0x00007ffb75c09000 	C:\WINDOWS\System32\bcryptPrimitives.dll
0x00007ffb530a0000 - 0x00007ffb530c5000 	C:\Program Files\Java\jdk-17\bin\java.dll

dbghelp: loaded successfully - version: 4.0.5 - missing functions: none
symbol engine: initialized successfully - sym options: 0x614 - pdb path: .;C:\Program Files\Java\jdk-17\bin;C:\WINDOWS\SYSTEM32;C:\WINDOWS\WinSxS\amd64_microsoft.windows.common-controls_6595b64144ccf1df_6.0.26100.5074_none_3e0d6f78e32fd63f;C:\Program Files\Java\jdk-17\bin\server

VM Arguments:
jvm_args: -Xmx64m -Xms64m -Dorg.gradle.appname=gradlew 
java_command: C:\Users\user\OneDrive\Documents\capstone\repo\SAMFMS\SAMFMSDriverApp\android\\gradle\wrapper\gradle-wrapper.jar app:installDebug -PreactNativeDevServerPort=8081
java_class_path (initial): C:\Users\user\OneDrive\Documents\capstone\repo\SAMFMS\SAMFMSDriverApp\android\\gradle\wrapper\gradle-wrapper.jar
Launcher Type: SUN_STANDARD

[Global flags]
     intx CICompilerCount                          = 4                                         {product} {ergonomic}
     uint ConcGCThreads                            = 2                                         {product} {ergonomic}
     uint G1ConcRefinementThreads                  = 8                                         {product} {ergonomic}
   size_t G1HeapRegionSize                         = 1048576                                   {product} {ergonomic}
    uintx GCDrainStackTargetSize                   = 64                                        {product} {ergonomic}
   size_t InitialHeapSize                          = 67108864                                  {product} {command line}
   size_t MarkStackSize                            = 4194304                                   {product} {ergonomic}
   size_t MaxHeapSize                              = 67108864                                  {product} {command line}
   size_t MinHeapDeltaBytes                        = 1048576                                   {product} {ergonomic}
   size_t MinHeapSize                              = 67108864                                  {product} {command line}
    uintx NonNMethodCodeHeapSize                   = 5839372                                {pd product} {ergonomic}
    uintx NonProfiledCodeHeapSize                  = 122909434                              {pd product} {ergonomic}
    uintx ProfiledCodeHeapSize                     = 122909434                              {pd product} {ergonomic}
    uintx ReservedCodeCacheSize                    = 251658240                              {pd product} {ergonomic}
     bool SegmentedCodeCache                       = true                                      {product} {ergonomic}
   size_t SoftMaxHeapSize                          = 67108864                               {manageable} {ergonomic}
     bool UseCompressedClassPointers               = true                           {product lp64_product} {ergonomic}
     bool UseCompressedOops                        = true                           {product lp64_product} {ergonomic}
     bool UseG1GC                                  = true                                      {product} {ergonomic}
     bool UseLargePagesIndividualAllocation        = false                                  {pd product} {ergonomic}

Logging:
Log output configuration:
 #0: stdout all=warning uptime,level,tags
 #1: stderr all=off uptime,level,tags

Environment Variables:
JAVA_HOME=C:\Program Files\Java\jdk-17
PATH=C:\Users\user\OneDrive\Documents\capstone\repo\SAMFMS\SAMFMSDriverApp\node_modules\.bin;C:\Users\user\OneDrive\Documents\capstone\repo\SAMFMS\SAMFMSDriverApp\node_modules\.bin;C:\Users\user\OneDrive\Documents\capstone\repo\SAMFMS\node_modules\.bin;C:\Users\user\OneDrive\Documents\capstone\repo\node_modules\.bin;C:\Users\user\OneDrive\Documents\capstone\node_modules\.bin;C:\Users\user\OneDrive\Documents\node_modules\.bin;C:\Users\user\OneDrive\node_modules\.bin;C:\Users\user\node_modules\.bin;C:\Users\node_modules\.bin;C:\node_modules\.bin;C:\Program Files\nodejs\node_modules\npm\node_modules\@npmcli\run-script\lib\node-gyp-bin;C:\Program Files (x86)\Common Files\Intel\Shared Libraries\redist\intel64\compiler;C:\Program Files\Eclipse Adoptium\jdk-17.0.11.9-hotspot\bin;C:\Program Files\Common Files\Oracle\Java\javapath;C:\WINDOWS\system32;C:\WINDOWS;C:\WINDOWS\System32\Wbem;C:\WINDOWS\System32\WindowsPowerShell\v1.0\;C:\Program Files\nodejs\;C:\Program Files\Microsoft SQL Server\150\Tools\Binn\;C:\Program Files\dotnet\;C:\Program Files (x86)\Windows Kits\10\Windows Performance Toolkit\;C:\Program Files\Git\cmd;C:\ProgramData\chocolatey\bin;C:\Program Files\swipl\bin;C:\Program Files\MongoDB\Server\8.0\bin;C:\Program Files\Docker\Docker\resources\bin;C:\WINDOWS\System32\OpenSSH\;C:\Users\user\AppData\Local\Android\Sdk\platform-tools;C:\Users\user\AppData\Local\Android\Sdk\tools\bin;C:\Users\user\AppData\Local\Programs\Python\Python313\Scripts\;C:\Users\user\AppData\Local\Programs\Python\Python313\;C:\Users\user\AppData\Local\Microsoft\WindowsApps;C:\Users\user\AppData\Local\Programs\Microsoft VS Code\bin;C:\Users\user\AppData\Local\Microsoft\WinGet\Packages\Schniz.fnm_Microsoft.Winget.Source_8wekyb3d8bbwe;C:\Users\user\AppData\Roaming\npm;C:\msys64\ucrt64\bin;C:\Users\user\.dotnet\tools;C:\Users\user\AppData\Local\GitHubDesktop\bin;C:\Users\user\Downloads\apache-maven-3.9.9-bin\apache-maven-3.9.9\bin;C:\MinGW\bin;C:\Users\user\AppData\Local\Pandoc\;C:\Users\user\Down
USERNAME=user
LANG=en_US.UTF-8
OS=Windows_NT
PROCESSOR_IDENTIFIER=AMD64 Family 23 Model 160 Stepping 0, AuthenticAMD



---------------  S Y S T E M  ---------------

OS:
 Windows 11 , 64 bit Build 26100 (10.0.26100.5074)
OS uptime: 0 days 22:07 hours
Hyper-V role detected

CPU: total 8 (initial active 8) (8 cores per cpu, 2 threads per core) family 23 model 160 stepping 0 microcode 0x8a00009, cx8, cmov, fxsr, ht, mmx, 3dnowpref, sse, sse2, sse3, ssse3, sse4a, sse4.1, sse4.2, popcnt, lzcnt, tsc, tscinvbit, avx, avx2, aes, clmul, bmi1, bmi2, adx, sha, fma, vzeroupper, clflush, clflushopt, hv

Memory: 4k page, system-wide physical 5965M (251M free)
TotalPageFile size 24397M (AvailPageFile size 21M)
current process WorkingSet (physical memory assigned to process): 11M, peak: 11M
current process commit charge ("private bytes"): 59M, peak: 123M

vm_info: Java HotSpot(TM) 64-Bit Server VM (17.0.11+7-LTS-207) for windows-amd64 JRE (17.0.11+7-LTS-207), built on Mar 11 2024 19:01:50 by "mach5one" with MS VC++ 17.6 (VS2022)

END.
