#
# There is insufficient memory for the Java Runtime Environment to continue.
# Native memory allocation (malloc) failed to allocate 2097408 bytes for Chunk::new
# Possible reasons:
#   The system is out of physical RAM or swap space
#   The process is running with CompressedOops enabled, and the Java Heap may be blocking the growth of the native heap
# Possible solutions:
#   Reduce memory load on the system
#   Increase physical memory or swap space
#   Check if swap backing store is full
#   Decrease Java heap size (-Xmx/-Xms)
#   Decrease number of Java threads
#   Decrease Java thread stack sizes (-Xss)
#   Set larger code cache with -XX:ReservedCodeCacheSize=
#   JVM is running with Zero Based Compressed Oops mode in which the Java heap is
#     placed in the first 32GB address space. The Java Heap base address is the
#     maximum limit for the native heap growth. Please use -XX:HeapBaseMinAddress
#     to set the Java Heap base and to place the Java Heap above 32GB virtual address.
# This output file may be truncated or incomplete.
#
#  Out of Memory Error (arena.cpp:189), pid=16860, tid=20116
#
# JRE version: Java(TM) SE Runtime Environment (17.0.11+7) (build 17.0.11+7-LTS-207)
# Java VM: Java HotSpot(TM) 64-Bit Server VM (17.0.11+7-LTS-207, mixed mode, sharing, tiered, compressed oops, compressed class ptrs, g1 gc, windows-amd64)
# No core dump will be written. Minidumps are not enabled by default on client versions of Windows
#

---------------  S U M M A R Y ------------

Command Line: --add-opens=java.base/java.lang=ALL-UNNAMED --add-opens=java.base/java.lang.invoke=ALL-UNNAMED --add-opens=java.base/java.util=ALL-UNNAMED --add-opens=java.prefs/java.util.prefs=ALL-UNNAMED --add-exports=jdk.compiler/com.sun.tools.javac.api=ALL-UNNAMED --add-exports=jdk.compiler/com.sun.tools.javac.util=ALL-UNNAMED --add-opens=java.base/java.util=ALL-UNNAMED --add-opens=java.prefs/java.util.prefs=ALL-UNNAMED --add-opens=java.base/java.nio.charset=ALL-UNNAMED --add-opens=java.base/java.net=ALL-UNNAMED --add-opens=java.base/java.util.concurrent.atomic=ALL-UNNAMED --add-opens=java.xml/javax.xml.namespace=ALL-UNNAMED -XX:MaxMetaspaceSize=1024m -XX:+HeapDumpOnOutOfMemoryError -XX:+UseG1GC -Xmx4096m -Dfile.encoding=UTF-8 -Duser.country=ZA -Duser.language=en -Duser.variant -javaagent:C:\Users\user\.gradle\wrapper\dists\gradle-8.14.3-bin\cv11ve7ro1n3o1j4so8xd9n66\gradle-8.14.3\lib\agents\gradle-instrumentation-agent-8.14.3.jar org.gradle.launcher.daemon.bootstrap.GradleDaemon 8.14.3

Host: AMD Ryzen 5 7520U with Radeon Graphics         , 8 cores, 5G,  Windows 11 , 64 bit Build 26100 (10.0.26100.5074)
Time: Thu Sep 18 20:42:53 2025 South Africa Standard Time elapsed time: 860.295776 seconds (0d 0h 14m 20s)

---------------  T H R E A D  ---------------

Current thread (0x0000017b7f13a650):  JavaThread "C2 CompilerThread0" daemon [_thread_in_native, id=20116, stack(0x00000058c4600000,0x00000058c4700000)]


Current CompileTask:
C2: 860295 20959       4       org.gradle.api.internal.artifacts.ModuleComponentSelectorSerializer::read (50 bytes)

Stack: [0x00000058c4600000,0x00000058c4700000]
Native frames: (J=compiled Java code, j=interpreted, Vv=VM code, C=native code)
V  [jvm.dll+0x679cca]
V  [jvm.dll+0x7da13d]
V  [jvm.dll+0x7dba83]
V  [jvm.dll+0x7dc0f3]
V  [jvm.dll+0x2449af]
V  [jvm.dll+0xab83b]
V  [jvm.dll+0xabe1c]
V  [jvm.dll+0x3615ae]
V  [jvm.dll+0x1b9fca]
V  [jvm.dll+0x216337]
V  [jvm.dll+0x21560f]
V  [jvm.dll+0x1a2040]
V  [jvm.dll+0x225a2b]
V  [jvm.dll+0x223bcb]
V  [jvm.dll+0x7903ec]
V  [jvm.dll+0x78a85a]
V  [jvm.dll+0x678bb5]
C  [ucrtbase.dll+0x37b0]
C  [KERNEL32.DLL+0x2e8d7]
C  [ntdll.dll+0x8d9c]


---------------  P R O C E S S  ---------------

Threads class SMR info:
_java_thread_list=0x0000017b5fb92970, length=63, elements={
0x0000017b7ab1c6a0, 0x0000017b7f118430, 0x0000017b7f119a70, 0x0000017b7f131cc0,
0x0000017b7f1345a0, 0x0000017b7f1359e0, 0x0000017b7f136e20, 0x0000017b7f13a650,
0x0000017b7f13db90, 0x0000017b7f13f010, 0x0000017b7f107080, 0x0000017b1ea73900,
0x0000017b58462110, 0x0000017b58463040, 0x0000017b58463550, 0x0000017b59a64d30,
0x0000017b59a633e0, 0x0000017b59a63e00, 0x0000017b59a65750, 0x0000017b59a61fa0,
0x0000017b59a624b0, 0x0000017b59a66170, 0x0000017b580d3f10, 0x0000017b5c0b08f0,
0x0000017b5c0b3170, 0x0000017b5c0b3b90, 0x0000017b5c0b03e0, 0x0000017b5c0b40a0,
0x0000017b5c7e2200, 0x0000017b5c7e4570, 0x0000017b5bfe9bb0, 0x0000017b5bfea5d0,
0x0000017b5bfe9190, 0x0000017b5bfeba10, 0x0000017b5bfe96a0, 0x0000017b5bfee290,
0x0000017b5bfebf20, 0x0000017b5bfece50, 0x0000017b5bfeaae0, 0x0000017b5bfeaff0,
0x0000017b5bfee7a0, 0x0000017b5bfed870, 0x0000017b5bfeb500, 0x0000017b5bfeecb0,
0x0000017b5bfef1c0, 0x0000017b5bfedd80, 0x0000017b5bfef6d0, 0x0000017b5bfed360,
0x0000017b5bfefbe0, 0x0000017b5bfec430, 0x0000017b5bff00f0, 0x0000017b5bff0600,
0x0000017b5c0d8750, 0x0000017b5c0da0a0, 0x0000017b5c0da5b0, 0x0000017b5c0d8240,
0x0000017b5c0daac0, 0x0000017b5c0dc410, 0x0000017b5c0db9f0, 0x0000017b5c0dafd0,
0x0000017b5c0dbf00, 0x0000017b5c0d9b90, 0x0000017b5f5e6070
}

Java Threads: ( => current thread )
  0x0000017b7ab1c6a0 JavaThread "main" [_thread_blocked, id=4992, stack(0x00000058c3900000,0x00000058c3a00000)]
  0x0000017b7f118430 JavaThread "Reference Handler" daemon [_thread_blocked, id=14100, stack(0x00000058c4000000,0x00000058c4100000)]
  0x0000017b7f119a70 JavaThread "Finalizer" daemon [_thread_blocked, id=11616, stack(0x00000058c4100000,0x00000058c4200000)]
  0x0000017b7f131cc0 JavaThread "Signal Dispatcher" daemon [_thread_blocked, id=5736, stack(0x00000058c4200000,0x00000058c4300000)]
  0x0000017b7f1345a0 JavaThread "Attach Listener" daemon [_thread_blocked, id=8540, stack(0x00000058c4300000,0x00000058c4400000)]
  0x0000017b7f1359e0 JavaThread "Service Thread" daemon [_thread_blocked, id=15900, stack(0x00000058c4400000,0x00000058c4500000)]
  0x0000017b7f136e20 JavaThread "Monitor Deflation Thread" daemon [_thread_blocked, id=20208, stack(0x00000058c4500000,0x00000058c4600000)]
=>0x0000017b7f13a650 JavaThread "C2 CompilerThread0" daemon [_thread_in_native, id=20116, stack(0x00000058c4600000,0x00000058c4700000)]
  0x0000017b7f13db90 JavaThread "C1 CompilerThread0" daemon [_thread_blocked, id=3296, stack(0x00000058c4700000,0x00000058c4800000)]
  0x0000017b7f13f010 JavaThread "Sweeper thread" daemon [_thread_blocked, id=1768, stack(0x00000058c4800000,0x00000058c4900000)]
  0x0000017b7f107080 JavaThread "Common-Cleaner" daemon [_thread_blocked, id=3416, stack(0x00000058c4900000,0x00000058c4a00000)]
  0x0000017b1ea73900 JavaThread "Notification Thread" daemon [_thread_blocked, id=6636, stack(0x00000058c4a00000,0x00000058c4b00000)]
  0x0000017b58462110 JavaThread "Daemon health stats" [_thread_blocked, id=12844, stack(0x00000058c4d00000,0x00000058c4e00000)]
  0x0000017b58463040 JavaThread "Incoming local TCP Connector on port 53304" [_thread_in_native, id=12720, stack(0x00000058c5200000,0x00000058c5300000)]
  0x0000017b58463550 JavaThread "Daemon periodic checks" [_thread_blocked, id=25144, stack(0x00000058c5300000,0x00000058c5400000)]
  0x0000017b59a64d30 JavaThread "Cache worker for journal cache (C:\Users\user\.gradle\caches\journal-1)" [_thread_blocked, id=22948, stack(0x00000058c4c00000,0x00000058c4d00000)]
  0x0000017b59a633e0 JavaThread "File lock request listener" [_thread_in_native, id=8252, stack(0x00000058c5e00000,0x00000058c5f00000)]
  0x0000017b59a63e00 JavaThread "Cache worker for file hash cache (C:\Users\user\.gradle\caches\8.14.3\fileHashes)" [_thread_blocked, id=11640, stack(0x00000058c5f00000,0x00000058c6000000)]
  0x0000017b59a65750 JavaThread "File watcher server" daemon [_thread_in_native, id=11260, stack(0x00000058c6500000,0x00000058c6600000)]
  0x0000017b59a61fa0 JavaThread "File watcher consumer" daemon [_thread_blocked, id=18384, stack(0x00000058c6600000,0x00000058c6700000)]
  0x0000017b59a624b0 JavaThread "jar transforms" [_thread_blocked, id=1936, stack(0x00000058c6800000,0x00000058c6900000)]
  0x0000017b59a66170 JavaThread "Cache worker for file content cache (C:\Users\user\.gradle\caches\8.14.3\fileContent)" [_thread_blocked, id=20812, stack(0x00000058c6a00000,0x00000058c6b00000)]
  0x0000017b580d3f10 JavaThread "Memory manager" [_thread_blocked, id=4516, stack(0x00000058c6000000,0x00000058c6100000)]
  0x0000017b5c0b08f0 JavaThread "jar transforms Thread 2" [_thread_blocked, id=1824, stack(0x00000058cd000000,0x00000058cd100000)]
  0x0000017b5c0b3170 JavaThread "jar transforms Thread 3" [_thread_blocked, id=7064, stack(0x00000058cd100000,0x00000058cd200000)]
  0x0000017b5c0b3b90 JavaThread "jar transforms Thread 4" [_thread_blocked, id=25260, stack(0x00000058cd500000,0x00000058cd600000)]
  0x0000017b5c0b03e0 JavaThread "jar transforms Thread 5" [_thread_blocked, id=17756, stack(0x00000058c8a00000,0x00000058c8b00000)]
  0x0000017b5c0b40a0 JavaThread "jar transforms Thread 6" [_thread_blocked, id=23120, stack(0x00000058cd600000,0x00000058cd700000)]
  0x0000017b5c7e2200 JavaThread "jar transforms Thread 7" [_thread_blocked, id=23644, stack(0x00000058cd900000,0x00000058cda00000)]
  0x0000017b5c7e4570 JavaThread "jar transforms Thread 8" [_thread_blocked, id=13172, stack(0x00000058cda00000,0x00000058cdb00000)]
  0x0000017b5bfe9bb0 JavaThread "Daemon Thread 2" [_thread_blocked, id=21936, stack(0x00000058c3600000,0x00000058c3700000)]
  0x0000017b5bfea5d0 JavaThread "Handler for socket connection from /127.0.0.1:53304 to /127.0.0.1:53619" [_thread_in_native, id=21828, stack(0x00000058c3700000,0x00000058c3800000)]
  0x0000017b5bfe9190 JavaThread "Cancel handler" [_thread_blocked, id=22032, stack(0x00000058c3800000,0x00000058c3900000)]
  0x0000017b5bfeba10 JavaThread "Daemon worker Thread 2" [_thread_in_Java, id=12484, stack(0x00000058c5400000,0x00000058c5500000)]
  0x0000017b5bfe96a0 JavaThread "Asynchronous log dispatcher for DefaultDaemonConnection: socket connection from /127.0.0.1:53304 to /127.0.0.1:53619" [_thread_blocked, id=12336, stack(0x00000058c5500000,0x00000058c5600000)]
  0x0000017b5bfee290 JavaThread "Stdin handler" [_thread_blocked, id=19372, stack(0x00000058c5600000,0x00000058c5700000)]
  0x0000017b5bfebf20 JavaThread "Daemon client event forwarder" [_thread_blocked, id=23072, stack(0x00000058c5700000,0x00000058c5800000)]
  0x0000017b5bfece50 JavaThread "Cache worker for file hash cache (C:\Users\user\OneDrive\Documents\capstone\repo\SAMFMS\SAMFMSDriverApp\android\.gradle\8.14.3\fileHashes)" [_thread_blocked, id=5708, stack(0x00000058c5800000,0x00000058c5900000)]
  0x0000017b5bfeaae0 JavaThread "Cache worker for Build Output Cleanup Cache (C:\Users\user\OneDrive\Documents\capstone\repo\SAMFMS\SAMFMSDriverApp\android\.gradle\buildOutputCleanup)" [_thread_blocked, id=8036, stack(0x00000058c5900000,0x00000058c5a00000)]
  0x0000017b5bfeaff0 JavaThread "Cache worker for checksums cache (C:\Users\user\OneDrive\Documents\capstone\repo\SAMFMS\SAMFMSDriverApp\android\.gradle\8.14.3\checksums)" [_thread_blocked, id=19960, stack(0x00000058c5a00000,0x00000058c5b00000)]
  0x0000017b5bfee7a0 JavaThread "Cache worker for cache directory md-supplier (C:\Users\user\.gradle\caches\8.14.3\md-supplier)" [_thread_blocked, id=17876, stack(0x00000058c6100000,0x00000058c6200000)]
  0x0000017b5bfed870 JavaThread "Cache worker for cache directory md-rule (C:\Users\user\.gradle\caches\8.14.3\md-rule)" [_thread_blocked, id=24748, stack(0x00000058c6200000,0x00000058c6300000)]
  0x0000017b5bfeb500 JavaThread "Cache worker for Build Output Cleanup Cache (C:\Users\user\OneDrive\Documents\capstone\repo\SAMFMS\SAMFMSDriverApp\node_modules\@react-native\gradle-plugin\.gradle\buildOutputCleanup)" [_thread_blocked, id=12900, stack(0x00000058c6300000,0x00000058c6400000)]
  0x0000017b5bfeecb0 JavaThread "Unconstrained build operations" [_thread_blocked, id=20464, stack(0x00000058c6b00000,0x00000058c6c00000)]
  0x0000017b5bfef1c0 JavaThread "Unconstrained build operations Thread 2" [_thread_blocked, id=21596, stack(0x00000058c6c00000,0x00000058c6d00000)]
  0x0000017b5bfedd80 JavaThread "Unconstrained build operations Thread 3" [_thread_blocked, id=25496, stack(0x00000058c6d00000,0x00000058c6e00000)]
  0x0000017b5bfef6d0 JavaThread "Unconstrained build operations Thread 4" [_thread_blocked, id=24728, stack(0x00000058c6e00000,0x00000058c6f00000)]
  0x0000017b5bfed360 JavaThread "Unconstrained build operations Thread 5" [_thread_blocked, id=16824, stack(0x00000058c6900000,0x00000058c6a00000)]
  0x0000017b5bfefbe0 JavaThread "Unconstrained build operations Thread 6" [_thread_blocked, id=21000, stack(0x00000058c6f00000,0x00000058c7000000)]
  0x0000017b5bfec430 JavaThread "Unconstrained build operations Thread 7" [_thread_blocked, id=17804, stack(0x00000058c7000000,0x00000058c7100000)]
  0x0000017b5bff00f0 JavaThread "Unconstrained build operations Thread 8" [_thread_blocked, id=20072, stack(0x00000058c7100000,0x00000058c7200000)]
  0x0000017b5bff0600 JavaThread "Unconstrained build operations Thread 9" [_thread_blocked, id=5840, stack(0x00000058c7200000,0x00000058c7300000)]
  0x0000017b5c0d8750 JavaThread "Unconstrained build operations Thread 10" [_thread_blocked, id=18328, stack(0x00000058c7300000,0x00000058c7400000)]
  0x0000017b5c0da0a0 JavaThread "Unconstrained build operations Thread 11" [_thread_blocked, id=4828, stack(0x00000058c7400000,0x00000058c7500000)]
  0x0000017b5c0da5b0 JavaThread "Unconstrained build operations Thread 12" [_thread_blocked, id=9860, stack(0x00000058c7500000,0x00000058c7600000)]
  0x0000017b5c0d8240 JavaThread "Unconstrained build operations Thread 13" [_thread_blocked, id=9064, stack(0x00000058c7600000,0x00000058c7700000)]
  0x0000017b5c0daac0 JavaThread "Unconstrained build operations Thread 14" [_thread_blocked, id=25596, stack(0x00000058c7700000,0x00000058c7800000)]
  0x0000017b5c0dc410 JavaThread "Unconstrained build operations Thread 15" [_thread_blocked, id=8868, stack(0x00000058c7800000,0x00000058c7900000)]
  0x0000017b5c0db9f0 JavaThread "Unconstrained build operations Thread 16" [_thread_blocked, id=15432, stack(0x00000058c7900000,0x00000058c7a00000)]
  0x0000017b5c0dafd0 JavaThread "Unconstrained build operations Thread 17" [_thread_blocked, id=12632, stack(0x00000058c7a00000,0x00000058c7b00000)]
  0x0000017b5c0dbf00 JavaThread "Unconstrained build operations Thread 18" [_thread_blocked, id=22532, stack(0x00000058c7b00000,0x00000058c7c00000)]
  0x0000017b5c0d9b90 JavaThread "build event listener" [_thread_blocked, id=17056, stack(0x00000058c7c00000,0x00000058c7d00000)]
  0x0000017b5f5e6070 JavaThread "C2 CompilerThread1" daemon [_thread_in_native, id=23048, stack(0x00000058c7d00000,0x00000058c7e00000)]

Other Threads:
  0x0000017b7f115370 VMThread "VM Thread" [stack: 0x00000058c3f00000,0x00000058c4000000] [id=18036]
  0x0000017b7aba4f70 WatcherThread [stack: 0x00000058c4b00000,0x00000058c4c00000] [id=25412]
  0x0000017b7ab89380 GCTaskThread "GC Thread#0" [stack: 0x00000058c3a00000,0x00000058c3b00000] [id=16556]
  0x0000017b1eb70000 GCTaskThread "GC Thread#1" [stack: 0x00000058c4e00000,0x00000058c4f00000] [id=5012]
  0x0000017b1ed0ea00 GCTaskThread "GC Thread#2" [stack: 0x00000058c4f00000,0x00000058c5000000] [id=20096]
  0x0000017b1eca5610 GCTaskThread "GC Thread#3" [stack: 0x00000058c5000000,0x00000058c5100000] [id=5432]
  0x0000017b582d88b0 GCTaskThread "GC Thread#4" [stack: 0x00000058c5100000,0x00000058c5200000] [id=8364]
  0x0000017b593e0700 GCTaskThread "GC Thread#5" [stack: 0x00000058c5b00000,0x00000058c5c00000] [id=10600]
  0x0000017b58cffdc0 GCTaskThread "GC Thread#6" [stack: 0x00000058c5c00000,0x00000058c5d00000] [id=23980]
  0x0000017b59a10420 GCTaskThread "GC Thread#7" [stack: 0x00000058c5d00000,0x00000058c5e00000] [id=25556]
  0x0000017b7ab9a1e0 ConcurrentGCThread "G1 Main Marker" [stack: 0x00000058c3b00000,0x00000058c3c00000] [id=8500]
  0x0000017b7ab9c7e0 ConcurrentGCThread "G1 Conc#0" [stack: 0x00000058c3c00000,0x00000058c3d00000] [id=23200]
  0x0000017b5a735e20 ConcurrentGCThread "G1 Conc#1" [stack: 0x00000058c6400000,0x00000058c6500000] [id=5316]
  0x0000017b7efd10b0 ConcurrentGCThread "G1 Refine#0" [stack: 0x00000058c3d00000,0x00000058c3e00000] [id=5412]
  0x0000017b5a149750 ConcurrentGCThread "G1 Refine#1" [stack: 0x00000058c6700000,0x00000058c6800000] [id=25140]
  0x0000017b7efd28a0 ConcurrentGCThread "G1 Service" [stack: 0x00000058c3e00000,0x00000058c3f00000] [id=1620]

Threads with active compile tasks:
C2 CompilerThread0   860341 20959       4       org.gradle.api.internal.artifacts.ModuleComponentSelectorSerializer::read (50 bytes)
C2 CompilerThread1   860341 21020       4       org.gradle.internal.operations.DefaultBuildOperationRunner::call (24 bytes)

VM state: not at safepoint (normal execution)

VM Mutex/Monitor currently owned by a thread: None

Heap address: 0x0000000700000000, size: 4096 MB, Compressed Oops mode: Zero based, Oop shift amount: 3

CDS archive(s) mapped at: [0x0000017b1f000000-0x0000017b1fbd0000-0x0000017b1fbd0000), size 12386304, SharedBaseAddress: 0x0000017b1f000000, ArchiveRelocationMode: 1.
Compressed class space mapped at: 0x0000017b20000000-0x0000017b54000000, reserved size: 872415232
Narrow klass base: 0x0000017b1f000000, Narrow klass shift: 0, Narrow klass range: 0x100000000

GC Precious Log:
 CPUs: 8 total, 8 available
 Memory: 5965M
 Large Page Support: Disabled
 NUMA Support: Disabled
 Compressed Oops: Enabled (Zero based)
 Heap Region Size: 2M
 Heap Min Capacity: 8M
 Heap Initial Capacity: 94M
 Heap Max Capacity: 4G
 Pre-touch: Disabled
 Parallel Workers: 8
 Concurrent Workers: 2
 Concurrent Refinement Workers: 8
 Periodic GC: Disabled

Heap:
 garbage-first heap   total 583680K, used 360630K [0x0000000700000000, 0x0000000800000000)
  region size 2048K, 41 young (83968K), 5 survivors (10240K)
 Metaspace       used 123464K, committed 125248K, reserved 983040K
  class space    used 16936K, committed 17728K, reserved 851968K

Heap Regions: E=young(eden), S=young(survivor), O=old, HS=humongous(starts), HC=humongous(continues), CS=collection set, F=free, OA=open archive, CA=closed archive, TAMS=top-at-mark-start (previous, next)
|   0|0x0000000700000000, 0x0000000700200000, 0x0000000700200000|100%|HS|  |TAMS 0x0000000700200000, 0x0000000700000000| Complete 
|   1|0x0000000700200000, 0x0000000700400000, 0x0000000700400000|100%|HC|  |TAMS 0x0000000700400000, 0x0000000700200000| Complete 
|   2|0x0000000700400000, 0x0000000700600000, 0x0000000700600000|100%| O|  |TAMS 0x0000000700600000, 0x0000000700400000| Untracked 
|   3|0x0000000700600000, 0x0000000700800000, 0x0000000700800000|100%| O|  |TAMS 0x0000000700800000, 0x0000000700600000| Untracked 
|   4|0x0000000700800000, 0x0000000700a00000, 0x0000000700a00000|100%| O|  |TAMS 0x0000000700a00000, 0x0000000700800000| Untracked 
|   5|0x0000000700a00000, 0x0000000700c00000, 0x0000000700c00000|100%| O|  |TAMS 0x0000000700c00000, 0x0000000700a00000| Untracked 
|   6|0x0000000700c00000, 0x0000000700e00000, 0x0000000700e00000|100%| O|  |TAMS 0x0000000700e00000, 0x0000000700c00000| Untracked 
|   7|0x0000000700e00000, 0x0000000701000000, 0x0000000701000000|100%| O|  |TAMS 0x0000000701000000, 0x0000000700e00000| Untracked 
|   8|0x0000000701000000, 0x0000000701200000, 0x0000000701200000|100%| O|  |TAMS 0x0000000701200000, 0x0000000701000000| Untracked 
|   9|0x0000000701200000, 0x0000000701400000, 0x0000000701400000|100%| O|  |TAMS 0x0000000701400000, 0x0000000701200000| Untracked 
|  10|0x0000000701400000, 0x0000000701600000, 0x0000000701600000|100%| O|  |TAMS 0x0000000701600000, 0x0000000701400000| Untracked 
|  11|0x0000000701600000, 0x0000000701800000, 0x0000000701800000|100%| O|  |TAMS 0x0000000701800000, 0x0000000701600000| Untracked 
|  12|0x0000000701800000, 0x0000000701a00000, 0x0000000701a00000|100%| O|  |TAMS 0x0000000701a00000, 0x0000000701800000| Untracked 
|  13|0x0000000701a00000, 0x0000000701c00000, 0x0000000701c00000|100%| O|  |TAMS 0x0000000701c00000, 0x0000000701a00000| Untracked 
|  14|0x0000000701c00000, 0x0000000701e00000, 0x0000000701e00000|100%| O|  |TAMS 0x0000000701e00000, 0x0000000701c00000| Untracked 
|  15|0x0000000701e00000, 0x0000000702000000, 0x0000000702000000|100%| O|  |TAMS 0x0000000702000000, 0x0000000701e00000| Untracked 
|  16|0x0000000702000000, 0x0000000702200000, 0x0000000702200000|100%| O|  |TAMS 0x0000000702200000, 0x0000000702000000| Untracked 
|  17|0x0000000702200000, 0x0000000702400000, 0x0000000702400000|100%| O|  |TAMS 0x0000000702400000, 0x0000000702200000| Untracked 
|  18|0x0000000702400000, 0x0000000702600000, 0x0000000702600000|100%| O|  |TAMS 0x0000000702600000, 0x0000000702400000| Untracked 
|  19|0x0000000702600000, 0x0000000702800000, 0x0000000702800000|100%| O|  |TAMS 0x0000000702800000, 0x0000000702600000| Untracked 
|  20|0x0000000702800000, 0x0000000702a00000, 0x0000000702a00000|100%|HS|  |TAMS 0x0000000702a00000, 0x0000000702800000| Complete 
|  21|0x0000000702a00000, 0x0000000702c00000, 0x0000000702c00000|100%|HC|  |TAMS 0x0000000702c00000, 0x0000000702a00000| Complete 
|  22|0x0000000702c00000, 0x0000000702e00000, 0x0000000702e00000|100%| O|  |TAMS 0x0000000702e00000, 0x0000000702c00000| Untracked 
|  23|0x0000000702e00000, 0x0000000703000000, 0x0000000703000000|100%| O|  |TAMS 0x0000000703000000, 0x0000000702e00000| Untracked 
|  24|0x0000000703000000, 0x0000000703200000, 0x0000000703200000|100%|HS|  |TAMS 0x0000000703200000, 0x0000000703000000| Complete 
|  25|0x0000000703200000, 0x0000000703400000, 0x0000000703400000|100%|HC|  |TAMS 0x0000000703400000, 0x0000000703200000| Complete 
|  26|0x0000000703400000, 0x0000000703600000, 0x0000000703600000|100%| O|  |TAMS 0x0000000703600000, 0x0000000703400000| Untracked 
|  27|0x0000000703600000, 0x0000000703800000, 0x0000000703800000|100%| O|  |TAMS 0x0000000703800000, 0x0000000703600000| Untracked 
|  28|0x0000000703800000, 0x0000000703a00000, 0x0000000703a00000|100%| O|  |TAMS 0x0000000703a00000, 0x0000000703800000| Untracked 
|  29|0x0000000703a00000, 0x0000000703c00000, 0x0000000703c00000|100%| O|  |TAMS 0x0000000703c00000, 0x0000000703a00000| Untracked 
|  30|0x0000000703c00000, 0x0000000703e00000, 0x0000000703e00000|100%| O|  |TAMS 0x0000000703e00000, 0x0000000703c00000| Untracked 
|  31|0x0000000703e00000, 0x0000000704000000, 0x0000000704000000|100%| O|  |TAMS 0x0000000704000000, 0x0000000703e00000| Untracked 
|  32|0x0000000704000000, 0x0000000704200000, 0x0000000704200000|100%| O|  |TAMS 0x0000000704200000, 0x0000000704000000| Untracked 
|  33|0x0000000704200000, 0x0000000704400000, 0x0000000704400000|100%| O|  |TAMS 0x0000000704400000, 0x0000000704200000| Untracked 
|  34|0x0000000704400000, 0x0000000704600000, 0x0000000704600000|100%| O|  |TAMS 0x0000000704600000, 0x0000000704400000| Untracked 
|  35|0x0000000704600000, 0x0000000704800000, 0x0000000704800000|100%| O|  |TAMS 0x0000000704800000, 0x0000000704600000| Untracked 
|  36|0x0000000704800000, 0x0000000704800000, 0x0000000704a00000|  0%| F|  |TAMS 0x0000000704800000, 0x0000000704800000| Untracked 
|  37|0x0000000704a00000, 0x0000000704c00000, 0x0000000704c00000|100%| O|  |TAMS 0x0000000704c00000, 0x0000000704a00000| Untracked 
|  38|0x0000000704c00000, 0x0000000704e00000, 0x0000000704e00000|100%| O|  |TAMS 0x0000000704e00000, 0x0000000704c00000| Untracked 
|  39|0x0000000704e00000, 0x0000000705000000, 0x0000000705000000|100%| O|  |TAMS 0x0000000705000000, 0x0000000704e00000| Untracked 
|  40|0x0000000705000000, 0x0000000705200000, 0x0000000705200000|100%| O|  |TAMS 0x0000000705200000, 0x0000000705000000| Untracked 
|  41|0x0000000705200000, 0x0000000705200000, 0x0000000705400000|  0%| F|  |TAMS 0x0000000705200000, 0x0000000705200000| Untracked 
|  42|0x0000000705400000, 0x0000000705600000, 0x0000000705600000|100%| O|  |TAMS 0x0000000705600000, 0x0000000705400000| Untracked 
|  43|0x0000000705600000, 0x0000000705800000, 0x0000000705800000|100%| O|  |TAMS 0x0000000705800000, 0x0000000705600000| Untracked 
|  44|0x0000000705800000, 0x0000000705a00000, 0x0000000705a00000|100%| O|  |TAMS 0x0000000705a00000, 0x0000000705800000| Untracked 
|  45|0x0000000705a00000, 0x0000000705c00000, 0x0000000705c00000|100%| O|  |TAMS 0x0000000705c00000, 0x0000000705a00000| Untracked 
|  46|0x0000000705c00000, 0x0000000705e00000, 0x0000000705e00000|100%| O|  |TAMS 0x0000000705e00000, 0x0000000705c00000| Untracked 
|  47|0x0000000705e00000, 0x0000000706000000, 0x0000000706000000|100%| O|  |TAMS 0x0000000706000000, 0x0000000705e00000| Untracked 
|  48|0x0000000706000000, 0x0000000706200000, 0x0000000706200000|100%| O|  |TAMS 0x0000000706200000, 0x0000000706000000| Untracked 
|  49|0x0000000706200000, 0x0000000706400000, 0x0000000706400000|100%| O|  |TAMS 0x0000000706400000, 0x0000000706200000| Untracked 
|  50|0x0000000706400000, 0x0000000706600000, 0x0000000706600000|100%| O|  |TAMS 0x0000000706600000, 0x0000000706400000| Untracked 
|  51|0x0000000706600000, 0x0000000706800000, 0x0000000706800000|100%| O|  |TAMS 0x0000000706800000, 0x0000000706600000| Untracked 
|  52|0x0000000706800000, 0x0000000706a00000, 0x0000000706a00000|100%|HS|  |TAMS 0x0000000706a00000, 0x0000000706800000| Complete 
|  53|0x0000000706a00000, 0x0000000706c00000, 0x0000000706c00000|100%|HC|  |TAMS 0x0000000706c00000, 0x0000000706a00000| Complete 
|  54|0x0000000706c00000, 0x0000000706e00000, 0x0000000706e00000|100%| O|  |TAMS 0x0000000706e00000, 0x0000000706c00000| Untracked 
|  55|0x0000000706e00000, 0x0000000707000000, 0x0000000707000000|100%| O|  |TAMS 0x0000000707000000, 0x0000000706e00000| Untracked 
|  56|0x0000000707000000, 0x0000000707200000, 0x0000000707200000|100%| O|  |TAMS 0x0000000707200000, 0x0000000707000000| Untracked 
|  57|0x0000000707200000, 0x0000000707400000, 0x0000000707400000|100%| O|  |TAMS 0x0000000707400000, 0x0000000707200000| Untracked 
|  58|0x0000000707400000, 0x0000000707600000, 0x0000000707600000|100%| O|  |TAMS 0x0000000707600000, 0x0000000707400000| Untracked 
|  59|0x0000000707600000, 0x0000000707800000, 0x0000000707800000|100%|HS|  |TAMS 0x0000000707800000, 0x0000000707600000| Complete 
|  60|0x0000000707800000, 0x0000000707a00000, 0x0000000707a00000|100%| O|  |TAMS 0x0000000707a00000, 0x0000000707800000| Untracked 
|  61|0x0000000707a00000, 0x0000000707c00000, 0x0000000707c00000|100%| O|  |TAMS 0x0000000707c00000, 0x0000000707a00000| Untracked 
|  62|0x0000000707c00000, 0x0000000707e00000, 0x0000000707e00000|100%| O|  |TAMS 0x0000000707e00000, 0x0000000707c00000| Untracked 
|  63|0x0000000707e00000, 0x0000000708000000, 0x0000000708000000|100%| O|  |TAMS 0x0000000708000000, 0x0000000707e00000| Untracked 
|  64|0x0000000708000000, 0x0000000708200000, 0x0000000708200000|100%| O|  |TAMS 0x0000000708200000, 0x0000000708000000| Untracked 
|  65|0x0000000708200000, 0x0000000708400000, 0x0000000708400000|100%| O|  |TAMS 0x0000000708400000, 0x0000000708200000| Untracked 
|  66|0x0000000708400000, 0x0000000708600000, 0x0000000708600000|100%| O|  |TAMS 0x0000000708600000, 0x0000000708400000| Untracked 
|  67|0x0000000708600000, 0x0000000708800000, 0x0000000708800000|100%| O|  |TAMS 0x0000000708800000, 0x0000000708600000| Untracked 
|  68|0x0000000708800000, 0x0000000708a00000, 0x0000000708a00000|100%| O|  |TAMS 0x0000000708a00000, 0x0000000708800000| Untracked 
|  69|0x0000000708a00000, 0x0000000708c00000, 0x0000000708c00000|100%| O|  |TAMS 0x0000000708c00000, 0x0000000708a00000| Untracked 
|  70|0x0000000708c00000, 0x0000000708e00000, 0x0000000708e00000|100%| O|  |TAMS 0x0000000708e00000, 0x0000000708c00000| Untracked 
|  71|0x0000000708e00000, 0x0000000709000000, 0x0000000709000000|100%| O|  |TAMS 0x0000000709000000, 0x0000000708e00000| Untracked 
|  72|0x0000000709000000, 0x0000000709200000, 0x0000000709200000|100%| O|  |TAMS 0x0000000709200000, 0x0000000709000000| Untracked 
|  73|0x0000000709200000, 0x0000000709400000, 0x0000000709400000|100%| O|  |TAMS 0x0000000709400000, 0x0000000709200000| Untracked 
|  74|0x0000000709400000, 0x0000000709600000, 0x0000000709600000|100%| O|  |TAMS 0x0000000709600000, 0x0000000709400000| Untracked 
|  75|0x0000000709600000, 0x0000000709800000, 0x0000000709800000|100%| O|  |TAMS 0x0000000709800000, 0x0000000709600000| Untracked 
|  76|0x0000000709800000, 0x0000000709a00000, 0x0000000709a00000|100%|HS|  |TAMS 0x0000000709a00000, 0x0000000709800000| Complete 
|  77|0x0000000709a00000, 0x0000000709c00000, 0x0000000709c00000|100%| O|  |TAMS 0x0000000709c00000, 0x0000000709a00000| Untracked 
|  78|0x0000000709c00000, 0x0000000709e00000, 0x0000000709e00000|100%| O|  |TAMS 0x0000000709e00000, 0x0000000709c00000| Untracked 
|  79|0x0000000709e00000, 0x000000070a000000, 0x000000070a000000|100%| O|  |TAMS 0x000000070a000000, 0x0000000709e00000| Untracked 
|  80|0x000000070a000000, 0x000000070a200000, 0x000000070a200000|100%| O|  |TAMS 0x000000070a200000, 0x000000070a000000| Untracked 
|  81|0x000000070a200000, 0x000000070a400000, 0x000000070a400000|100%| O|  |TAMS 0x000000070a400000, 0x000000070a200000| Untracked 
|  82|0x000000070a400000, 0x000000070a600000, 0x000000070a600000|100%| O|  |TAMS 0x000000070a600000, 0x000000070a400000| Untracked 
|  83|0x000000070a600000, 0x000000070a800000, 0x000000070a800000|100%| O|  |TAMS 0x000000070a800000, 0x000000070a600000| Untracked 
|  84|0x000000070a800000, 0x000000070aa00000, 0x000000070aa00000|100%| O|  |TAMS 0x000000070aa00000, 0x000000070a800000| Untracked 
|  85|0x000000070aa00000, 0x000000070ac00000, 0x000000070ac00000|100%| O|  |TAMS 0x000000070ac00000, 0x000000070aa00000| Untracked 
|  86|0x000000070ac00000, 0x000000070ae00000, 0x000000070ae00000|100%| O|  |TAMS 0x000000070ae00000, 0x000000070ac00000| Untracked 
|  87|0x000000070ae00000, 0x000000070b000000, 0x000000070b000000|100%| O|  |TAMS 0x000000070b000000, 0x000000070ae00000| Untracked 
|  88|0x000000070b000000, 0x000000070b200000, 0x000000070b200000|100%| O|  |TAMS 0x000000070b200000, 0x000000070b000000| Untracked 
|  89|0x000000070b200000, 0x000000070b400000, 0x000000070b400000|100%| O|  |TAMS 0x000000070b400000, 0x000000070b200000| Untracked 
|  90|0x000000070b400000, 0x000000070b600000, 0x000000070b600000|100%| O|  |TAMS 0x000000070b600000, 0x000000070b400000| Untracked 
|  91|0x000000070b600000, 0x000000070b800000, 0x000000070b800000|100%| O|  |TAMS 0x000000070b800000, 0x000000070b600000| Untracked 
|  92|0x000000070b800000, 0x000000070ba00000, 0x000000070ba00000|100%| O|  |TAMS 0x000000070ba00000, 0x000000070b800000| Untracked 
|  93|0x000000070ba00000, 0x000000070bc00000, 0x000000070bc00000|100%| O|  |TAMS 0x000000070bc00000, 0x000000070ba00000| Untracked 
|  94|0x000000070bc00000, 0x000000070be00000, 0x000000070be00000|100%| O|  |TAMS 0x000000070be00000, 0x000000070bc00000| Untracked 
|  95|0x000000070be00000, 0x000000070c000000, 0x000000070c000000|100%| O|  |TAMS 0x000000070c000000, 0x000000070be00000| Untracked 
|  96|0x000000070c000000, 0x000000070c200000, 0x000000070c200000|100%| O|  |TAMS 0x000000070c200000, 0x000000070c000000| Untracked 
|  97|0x000000070c200000, 0x000000070c400000, 0x000000070c400000|100%| O|  |TAMS 0x000000070c400000, 0x000000070c200000| Untracked 
|  98|0x000000070c400000, 0x000000070c600000, 0x000000070c600000|100%| O|  |TAMS 0x000000070c600000, 0x000000070c400000| Untracked 
|  99|0x000000070c600000, 0x000000070c800000, 0x000000070c800000|100%| O|  |TAMS 0x000000070c800000, 0x000000070c600000| Untracked 
| 100|0x000000070c800000, 0x000000070ca00000, 0x000000070ca00000|100%| O|  |TAMS 0x000000070ca00000, 0x000000070c800000| Untracked 
| 101|0x000000070ca00000, 0x000000070cc00000, 0x000000070cc00000|100%| O|  |TAMS 0x000000070cc00000, 0x000000070ca00000| Untracked 
| 102|0x000000070cc00000, 0x000000070ce00000, 0x000000070ce00000|100%| O|  |TAMS 0x000000070ce00000, 0x000000070cc00000| Untracked 
| 103|0x000000070ce00000, 0x000000070d000000, 0x000000070d000000|100%| O|  |TAMS 0x000000070d000000, 0x000000070ce00000| Untracked 
| 104|0x000000070d000000, 0x000000070d200000, 0x000000070d200000|100%| O|  |TAMS 0x000000070d200000, 0x000000070d000000| Untracked 
| 105|0x000000070d200000, 0x000000070d400000, 0x000000070d400000|100%| O|  |TAMS 0x000000070d400000, 0x000000070d200000| Untracked 
| 106|0x000000070d400000, 0x000000070d600000, 0x000000070d600000|100%| O|  |TAMS 0x000000070d600000, 0x000000070d400000| Untracked 
| 107|0x000000070d600000, 0x000000070d800000, 0x000000070d800000|100%| O|  |TAMS 0x000000070d800000, 0x000000070d600000| Untracked 
| 108|0x000000070d800000, 0x000000070da00000, 0x000000070da00000|100%| O|  |TAMS 0x000000070da00000, 0x000000070d800000| Untracked 
| 109|0x000000070da00000, 0x000000070dc00000, 0x000000070dc00000|100%| O|  |TAMS 0x000000070dc00000, 0x000000070da00000| Untracked 
| 110|0x000000070dc00000, 0x000000070dc00000, 0x000000070de00000|  0%| F|  |TAMS 0x000000070dc00000, 0x000000070dc00000| Untracked 
| 111|0x000000070de00000, 0x000000070e000000, 0x000000070e000000|100%| O|  |TAMS 0x000000070e000000, 0x000000070de00000| Untracked 
| 112|0x000000070e000000, 0x000000070e200000, 0x000000070e200000|100%| O|  |TAMS 0x000000070e200000, 0x000000070e000000| Untracked 
| 113|0x000000070e200000, 0x000000070e400000, 0x000000070e400000|100%| O|  |TAMS 0x000000070e400000, 0x000000070e200000| Untracked 
| 114|0x000000070e400000, 0x000000070e600000, 0x000000070e600000|100%| O|  |TAMS 0x000000070e600000, 0x000000070e400000| Untracked 
| 115|0x000000070e600000, 0x000000070e800000, 0x000000070e800000|100%| O|  |TAMS 0x000000070e800000, 0x000000070e600000| Untracked 
| 116|0x000000070e800000, 0x000000070ea00000, 0x000000070ea00000|100%| O|  |TAMS 0x000000070ea00000, 0x000000070e800000| Untracked 
| 117|0x000000070ea00000, 0x000000070ec00000, 0x000000070ec00000|100%| O|  |TAMS 0x000000070ec00000, 0x000000070ea00000| Untracked 
| 118|0x000000070ec00000, 0x000000070ee00000, 0x000000070ee00000|100%| O|  |TAMS 0x000000070ee00000, 0x000000070ec00000| Untracked 
| 119|0x000000070ee00000, 0x000000070ee00000, 0x000000070f000000|  0%| F|  |TAMS 0x000000070ee00000, 0x000000070ee00000| Untracked 
| 120|0x000000070f000000, 0x000000070f200000, 0x000000070f200000|100%| O|  |TAMS 0x000000070f200000, 0x000000070f000000| Untracked 
| 121|0x000000070f200000, 0x000000070f400000, 0x000000070f400000|100%| O|  |TAMS 0x000000070f400000, 0x000000070f200000| Untracked 
| 122|0x000000070f400000, 0x000000070f600000, 0x000000070f600000|100%| O|  |TAMS 0x000000070f600000, 0x000000070f400000| Untracked 
| 123|0x000000070f600000, 0x000000070f800000, 0x000000070f800000|100%| O|  |TAMS 0x000000070f800000, 0x000000070f600000| Untracked 
| 124|0x000000070f800000, 0x000000070fa00000, 0x000000070fa00000|100%| O|  |TAMS 0x000000070fa00000, 0x000000070f800000| Untracked 
| 125|0x000000070fa00000, 0x000000070fa00000, 0x000000070fc00000|  0%| F|  |TAMS 0x000000070fa00000, 0x000000070fa00000| Untracked 
| 126|0x000000070fc00000, 0x000000070fe00000, 0x000000070fe00000|100%| O|  |TAMS 0x000000070fe00000, 0x000000070fc00000| Untracked 
| 127|0x000000070fe00000, 0x0000000710000000, 0x0000000710000000|100%| O|  |TAMS 0x0000000710000000, 0x000000070fe00000| Untracked 
| 128|0x0000000710000000, 0x0000000710200000, 0x0000000710200000|100%| O|  |TAMS 0x0000000710200000, 0x0000000710000000| Untracked 
| 129|0x0000000710200000, 0x0000000710400000, 0x0000000710400000|100%| O|  |TAMS 0x0000000710400000, 0x0000000710200000| Untracked 
| 130|0x0000000710400000, 0x0000000710600000, 0x0000000710600000|100%| O|  |TAMS 0x0000000710600000, 0x0000000710400000| Untracked 
| 131|0x0000000710600000, 0x0000000710800000, 0x0000000710800000|100%| O|  |TAMS 0x0000000710800000, 0x0000000710600000| Untracked 
| 132|0x0000000710800000, 0x0000000710a00000, 0x0000000710a00000|100%| O|  |TAMS 0x00000007109c0a00, 0x0000000710800000| Untracked 
| 133|0x0000000710a00000, 0x0000000710c00000, 0x0000000710c00000|100%| O|  |TAMS 0x0000000710a00000, 0x0000000710a00000| Untracked 
| 134|0x0000000710c00000, 0x0000000710e00000, 0x0000000710e00000|100%| O|  |TAMS 0x0000000710c00000, 0x0000000710c00000| Untracked 
| 135|0x0000000710e00000, 0x0000000711000000, 0x0000000711000000|100%| O|  |TAMS 0x0000000710e00000, 0x0000000710e00000| Untracked 
| 136|0x0000000711000000, 0x0000000711200000, 0x0000000711200000|100%| O|  |TAMS 0x0000000711000000, 0x0000000711000000| Untracked 
| 137|0x0000000711200000, 0x0000000711400000, 0x0000000711400000|100%| O|  |TAMS 0x0000000711200000, 0x0000000711200000| Untracked 
| 138|0x0000000711400000, 0x0000000711600000, 0x0000000711600000|100%| O|  |TAMS 0x0000000711400000, 0x0000000711400000| Untracked 
| 139|0x0000000711600000, 0x0000000711800000, 0x0000000711800000|100%| O|  |TAMS 0x0000000711600000, 0x0000000711600000| Untracked 
| 140|0x0000000711800000, 0x0000000711a00000, 0x0000000711a00000|100%| O|  |TAMS 0x0000000711800000, 0x0000000711800000| Untracked 
| 141|0x0000000711a00000, 0x0000000711b21e00, 0x0000000711c00000| 56%| O|  |TAMS 0x0000000711a00000, 0x0000000711a00000| Untracked 
| 142|0x0000000711c00000, 0x0000000711c00000, 0x0000000711e00000|  0%| F|  |TAMS 0x0000000711c00000, 0x0000000711c00000| Untracked 
| 143|0x0000000711e00000, 0x0000000711e00000, 0x0000000712000000|  0%| F|  |TAMS 0x0000000711e00000, 0x0000000711e00000| Untracked 
| 144|0x0000000712000000, 0x0000000712000000, 0x0000000712200000|  0%| F|  |TAMS 0x0000000712000000, 0x0000000712000000| Untracked 
| 145|0x0000000712200000, 0x0000000712200000, 0x0000000712400000|  0%| F|  |TAMS 0x0000000712200000, 0x0000000712200000| Untracked 
| 146|0x0000000712400000, 0x0000000712400000, 0x0000000712600000|  0%| F|  |TAMS 0x0000000712400000, 0x0000000712400000| Untracked 
| 147|0x0000000712600000, 0x0000000712600000, 0x0000000712800000|  0%| F|  |TAMS 0x0000000712600000, 0x0000000712600000| Untracked 
| 148|0x0000000712800000, 0x0000000712800000, 0x0000000712a00000|  0%| F|  |TAMS 0x0000000712800000, 0x0000000712800000| Untracked 
| 149|0x0000000712a00000, 0x0000000712a00000, 0x0000000712c00000|  0%| F|  |TAMS 0x0000000712a00000, 0x0000000712a00000| Untracked 
| 150|0x0000000712c00000, 0x0000000712c00000, 0x0000000712e00000|  0%| F|  |TAMS 0x0000000712c00000, 0x0000000712c00000| Untracked 
| 151|0x0000000712e00000, 0x0000000712e00000, 0x0000000713000000|  0%| F|  |TAMS 0x0000000712e00000, 0x0000000712e00000| Untracked 
| 152|0x0000000713000000, 0x0000000713000000, 0x0000000713200000|  0%| F|  |TAMS 0x0000000713000000, 0x0000000713000000| Untracked 
| 153|0x0000000713200000, 0x0000000713200000, 0x0000000713400000|  0%| F|  |TAMS 0x0000000713200000, 0x0000000713200000| Untracked 
| 154|0x0000000713400000, 0x0000000713400000, 0x0000000713600000|  0%| F|  |TAMS 0x0000000713400000, 0x0000000713400000| Untracked 
| 155|0x0000000713600000, 0x0000000713600000, 0x0000000713800000|  0%| F|  |TAMS 0x0000000713600000, 0x0000000713600000| Untracked 
| 156|0x0000000713800000, 0x0000000713800000, 0x0000000713a00000|  0%| F|  |TAMS 0x0000000713800000, 0x0000000713800000| Untracked 
| 157|0x0000000713a00000, 0x0000000713a00000, 0x0000000713c00000|  0%| F|  |TAMS 0x0000000713a00000, 0x0000000713a00000| Untracked 
| 158|0x0000000713c00000, 0x0000000713c00000, 0x0000000713e00000|  0%| F|  |TAMS 0x0000000713c00000, 0x0000000713c00000| Untracked 
| 159|0x0000000713e00000, 0x0000000713e00000, 0x0000000714000000|  0%| F|  |TAMS 0x0000000713e00000, 0x0000000713e00000| Untracked 
| 160|0x0000000714000000, 0x0000000714000000, 0x0000000714200000|  0%| F|  |TAMS 0x0000000714000000, 0x0000000714000000| Untracked 
| 161|0x0000000714200000, 0x0000000714200000, 0x0000000714400000|  0%| F|  |TAMS 0x0000000714200000, 0x0000000714200000| Untracked 
| 162|0x0000000714400000, 0x0000000714400000, 0x0000000714600000|  0%| F|  |TAMS 0x0000000714400000, 0x0000000714400000| Untracked 
| 163|0x0000000714600000, 0x0000000714600000, 0x0000000714800000|  0%| F|  |TAMS 0x0000000714600000, 0x0000000714600000| Untracked 
| 164|0x0000000714800000, 0x0000000714800000, 0x0000000714a00000|  0%| F|  |TAMS 0x0000000714800000, 0x0000000714800000| Untracked 
| 165|0x0000000714a00000, 0x0000000714a00000, 0x0000000714c00000|  0%| F|  |TAMS 0x0000000714a00000, 0x0000000714a00000| Untracked 
| 166|0x0000000714c00000, 0x0000000714c00000, 0x0000000714e00000|  0%| F|  |TAMS 0x0000000714c00000, 0x0000000714c00000| Untracked 
| 167|0x0000000714e00000, 0x0000000714e00000, 0x0000000715000000|  0%| F|  |TAMS 0x0000000714e00000, 0x0000000714e00000| Untracked 
| 168|0x0000000715000000, 0x0000000715000000, 0x0000000715200000|  0%| F|  |TAMS 0x0000000715000000, 0x0000000715000000| Untracked 
| 169|0x0000000715200000, 0x0000000715200000, 0x0000000715400000|  0%| F|  |TAMS 0x0000000715200000, 0x0000000715200000| Untracked 
| 170|0x0000000715400000, 0x0000000715400000, 0x0000000715600000|  0%| F|  |TAMS 0x0000000715400000, 0x0000000715400000| Untracked 
| 171|0x0000000715600000, 0x0000000715600000, 0x0000000715800000|  0%| F|  |TAMS 0x0000000715600000, 0x0000000715600000| Untracked 
| 172|0x0000000715800000, 0x0000000715800000, 0x0000000715a00000|  0%| F|  |TAMS 0x0000000715800000, 0x0000000715800000| Untracked 
| 173|0x0000000715a00000, 0x0000000715a00000, 0x0000000715c00000|  0%| F|  |TAMS 0x0000000715a00000, 0x0000000715a00000| Untracked 
| 174|0x0000000715c00000, 0x0000000715c00000, 0x0000000715e00000|  0%| F|  |TAMS 0x0000000715c00000, 0x0000000715c00000| Untracked 
| 175|0x0000000715e00000, 0x0000000715e00000, 0x0000000716000000|  0%| F|  |TAMS 0x0000000715e00000, 0x0000000715e00000| Untracked 
| 176|0x0000000716000000, 0x000000071610bcc0, 0x0000000716200000| 52%| S|CS|TAMS 0x0000000716000000, 0x0000000716000000| Complete 
| 177|0x0000000716200000, 0x0000000716400000, 0x0000000716400000|100%| S|CS|TAMS 0x0000000716200000, 0x0000000716200000| Complete 
| 178|0x0000000716400000, 0x0000000716600000, 0x0000000716600000|100%| S|CS|TAMS 0x0000000716400000, 0x0000000716400000| Complete 
| 179|0x0000000716600000, 0x0000000716800000, 0x0000000716800000|100%| S|CS|TAMS 0x0000000716600000, 0x0000000716600000| Complete 
| 180|0x0000000716800000, 0x0000000716a00000, 0x0000000716a00000|100%| S|CS|TAMS 0x0000000716800000, 0x0000000716800000| Complete 
| 181|0x0000000716a00000, 0x0000000716a00000, 0x0000000716c00000|  0%| F|  |TAMS 0x0000000716a00000, 0x0000000716a00000| Untracked 
| 182|0x0000000716c00000, 0x0000000716c00000, 0x0000000716e00000|  0%| F|  |TAMS 0x0000000716c00000, 0x0000000716c00000| Untracked 
| 183|0x0000000716e00000, 0x0000000716e00000, 0x0000000717000000|  0%| F|  |TAMS 0x0000000716e00000, 0x0000000716e00000| Untracked 
| 184|0x0000000717000000, 0x0000000717000000, 0x0000000717200000|  0%| F|  |TAMS 0x0000000717000000, 0x0000000717000000| Untracked 
| 185|0x0000000717200000, 0x0000000717200000, 0x0000000717400000|  0%| F|  |TAMS 0x0000000717200000, 0x0000000717200000| Untracked 
| 186|0x0000000717400000, 0x0000000717400000, 0x0000000717600000|  0%| F|  |TAMS 0x0000000717400000, 0x0000000717400000| Untracked 
| 187|0x0000000717600000, 0x0000000717600000, 0x0000000717800000|  0%| F|  |TAMS 0x0000000717600000, 0x0000000717600000| Untracked 
| 188|0x0000000717800000, 0x0000000717800000, 0x0000000717a00000|  0%| F|  |TAMS 0x0000000717800000, 0x0000000717800000| Untracked 
| 189|0x0000000717a00000, 0x0000000717a00000, 0x0000000717c00000|  0%| F|  |TAMS 0x0000000717a00000, 0x0000000717a00000| Untracked 
| 190|0x0000000717c00000, 0x0000000717c00000, 0x0000000717e00000|  0%| F|  |TAMS 0x0000000717c00000, 0x0000000717c00000| Untracked 
| 191|0x0000000717e00000, 0x0000000717e00000, 0x0000000718000000|  0%| F|  |TAMS 0x0000000717e00000, 0x0000000717e00000| Untracked 
| 192|0x0000000718000000, 0x0000000718000000, 0x0000000718200000|  0%| F|  |TAMS 0x0000000718000000, 0x0000000718000000| Untracked 
| 193|0x0000000718200000, 0x0000000718200000, 0x0000000718400000|  0%| F|  |TAMS 0x0000000718200000, 0x0000000718200000| Untracked 
| 194|0x0000000718400000, 0x0000000718400000, 0x0000000718600000|  0%| F|  |TAMS 0x0000000718400000, 0x0000000718400000| Untracked 
| 195|0x0000000718600000, 0x0000000718600000, 0x0000000718800000|  0%| F|  |TAMS 0x0000000718600000, 0x0000000718600000| Untracked 
| 196|0x0000000718800000, 0x0000000718800000, 0x0000000718a00000|  0%| F|  |TAMS 0x0000000718800000, 0x0000000718800000| Untracked 
| 197|0x0000000718a00000, 0x0000000718a00000, 0x0000000718c00000|  0%| F|  |TAMS 0x0000000718a00000, 0x0000000718a00000| Untracked 
| 198|0x0000000718c00000, 0x0000000718c00000, 0x0000000718e00000|  0%| F|  |TAMS 0x0000000718c00000, 0x0000000718c00000| Untracked 
| 199|0x0000000718e00000, 0x0000000718e00000, 0x0000000719000000|  0%| F|  |TAMS 0x0000000718e00000, 0x0000000718e00000| Untracked 
| 200|0x0000000719000000, 0x0000000719000000, 0x0000000719200000|  0%| F|  |TAMS 0x0000000719000000, 0x0000000719000000| Untracked 
| 201|0x0000000719200000, 0x0000000719200000, 0x0000000719400000|  0%| F|  |TAMS 0x0000000719200000, 0x0000000719200000| Untracked 
| 202|0x0000000719400000, 0x0000000719400000, 0x0000000719600000|  0%| F|  |TAMS 0x0000000719400000, 0x0000000719400000| Untracked 
| 203|0x0000000719600000, 0x0000000719600000, 0x0000000719800000|  0%| F|  |TAMS 0x0000000719600000, 0x0000000719600000| Untracked 
| 204|0x0000000719800000, 0x0000000719800000, 0x0000000719a00000|  0%| F|  |TAMS 0x0000000719800000, 0x0000000719800000| Untracked 
| 205|0x0000000719a00000, 0x0000000719a00000, 0x0000000719c00000|  0%| F|  |TAMS 0x0000000719a00000, 0x0000000719a00000| Untracked 
| 206|0x0000000719c00000, 0x0000000719c00000, 0x0000000719e00000|  0%| F|  |TAMS 0x0000000719c00000, 0x0000000719c00000| Untracked 
| 207|0x0000000719e00000, 0x0000000719e00000, 0x000000071a000000|  0%| F|  |TAMS 0x0000000719e00000, 0x0000000719e00000| Untracked 
| 208|0x000000071a000000, 0x000000071a000000, 0x000000071a200000|  0%| F|  |TAMS 0x000000071a000000, 0x000000071a000000| Untracked 
| 209|0x000000071a200000, 0x000000071a200000, 0x000000071a400000|  0%| F|  |TAMS 0x000000071a200000, 0x000000071a200000| Untracked 
| 210|0x000000071a400000, 0x000000071a400000, 0x000000071a600000|  0%| F|  |TAMS 0x000000071a400000, 0x000000071a400000| Untracked 
| 211|0x000000071a600000, 0x000000071a600000, 0x000000071a800000|  0%| F|  |TAMS 0x000000071a600000, 0x000000071a600000| Untracked 
| 212|0x000000071a800000, 0x000000071a800000, 0x000000071aa00000|  0%| F|  |TAMS 0x000000071a800000, 0x000000071a800000| Untracked 
| 213|0x000000071aa00000, 0x000000071aa00000, 0x000000071ac00000|  0%| F|  |TAMS 0x000000071aa00000, 0x000000071aa00000| Untracked 
| 214|0x000000071ac00000, 0x000000071ac00000, 0x000000071ae00000|  0%| F|  |TAMS 0x000000071ac00000, 0x000000071ac00000| Untracked 
| 215|0x000000071ae00000, 0x000000071ae00000, 0x000000071b000000|  0%| F|  |TAMS 0x000000071ae00000, 0x000000071ae00000| Untracked 
| 216|0x000000071b000000, 0x000000071b000000, 0x000000071b200000|  0%| F|  |TAMS 0x000000071b000000, 0x000000071b000000| Untracked 
| 217|0x000000071b200000, 0x000000071b200000, 0x000000071b400000|  0%| F|  |TAMS 0x000000071b200000, 0x000000071b200000| Untracked 
| 218|0x000000071b400000, 0x000000071b400000, 0x000000071b600000|  0%| F|  |TAMS 0x000000071b400000, 0x000000071b400000| Untracked 
| 219|0x000000071b600000, 0x000000071b600000, 0x000000071b800000|  0%| F|  |TAMS 0x000000071b600000, 0x000000071b600000| Untracked 
| 220|0x000000071b800000, 0x000000071b800000, 0x000000071ba00000|  0%| F|  |TAMS 0x000000071b800000, 0x000000071b800000| Untracked 
| 221|0x000000071ba00000, 0x000000071ba00000, 0x000000071bc00000|  0%| F|  |TAMS 0x000000071ba00000, 0x000000071ba00000| Untracked 
| 222|0x000000071bc00000, 0x000000071bc00000, 0x000000071be00000|  0%| F|  |TAMS 0x000000071bc00000, 0x000000071bc00000| Untracked 
| 223|0x000000071be00000, 0x000000071be00000, 0x000000071c000000|  0%| F|  |TAMS 0x000000071be00000, 0x000000071be00000| Untracked 
| 224|0x000000071c000000, 0x000000071c000000, 0x000000071c200000|  0%| F|  |TAMS 0x000000071c000000, 0x000000071c000000| Untracked 
| 225|0x000000071c200000, 0x000000071c200000, 0x000000071c400000|  0%| F|  |TAMS 0x000000071c200000, 0x000000071c200000| Untracked 
| 226|0x000000071c400000, 0x000000071c400000, 0x000000071c600000|  0%| F|  |TAMS 0x000000071c400000, 0x000000071c400000| Untracked 
| 227|0x000000071c600000, 0x000000071c600000, 0x000000071c800000|  0%| F|  |TAMS 0x000000071c600000, 0x000000071c600000| Untracked 
| 228|0x000000071c800000, 0x000000071c800000, 0x000000071ca00000|  0%| F|  |TAMS 0x000000071c800000, 0x000000071c800000| Untracked 
| 229|0x000000071ca00000, 0x000000071ca00000, 0x000000071cc00000|  0%| F|  |TAMS 0x000000071ca00000, 0x000000071ca00000| Untracked 
| 230|0x000000071cc00000, 0x000000071cc00000, 0x000000071ce00000|  0%| F|  |TAMS 0x000000071cc00000, 0x000000071cc00000| Untracked 
| 231|0x000000071ce00000, 0x000000071ce00000, 0x000000071d000000|  0%| F|  |TAMS 0x000000071ce00000, 0x000000071ce00000| Untracked 
| 232|0x000000071d000000, 0x000000071d000000, 0x000000071d200000|  0%| F|  |TAMS 0x000000071d000000, 0x000000071d000000| Untracked 
| 233|0x000000071d200000, 0x000000071d200000, 0x000000071d400000|  0%| F|  |TAMS 0x000000071d200000, 0x000000071d200000| Untracked 
| 234|0x000000071d400000, 0x000000071d400000, 0x000000071d600000|  0%| F|  |TAMS 0x000000071d400000, 0x000000071d400000| Untracked 
| 235|0x000000071d600000, 0x000000071d600000, 0x000000071d800000|  0%| F|  |TAMS 0x000000071d600000, 0x000000071d600000| Untracked 
| 236|0x000000071d800000, 0x000000071d800000, 0x000000071da00000|  0%| F|  |TAMS 0x000000071d800000, 0x000000071d800000| Untracked 
| 237|0x000000071da00000, 0x000000071da00000, 0x000000071dc00000|  0%| F|  |TAMS 0x000000071da00000, 0x000000071da00000| Untracked 
| 238|0x000000071dc00000, 0x000000071dc00000, 0x000000071de00000|  0%| F|  |TAMS 0x000000071dc00000, 0x000000071dc00000| Untracked 
| 239|0x000000071de00000, 0x000000071de00000, 0x000000071e000000|  0%| F|  |TAMS 0x000000071de00000, 0x000000071de00000| Untracked 
| 240|0x000000071e000000, 0x000000071e000000, 0x000000071e200000|  0%| F|  |TAMS 0x000000071e000000, 0x000000071e000000| Untracked 
| 241|0x000000071e200000, 0x000000071e200000, 0x000000071e400000|  0%| F|  |TAMS 0x000000071e200000, 0x000000071e200000| Untracked 
| 242|0x000000071e400000, 0x000000071e400000, 0x000000071e600000|  0%| F|  |TAMS 0x000000071e400000, 0x000000071e400000| Untracked 
| 243|0x000000071e600000, 0x000000071e600000, 0x000000071e800000|  0%| F|  |TAMS 0x000000071e600000, 0x000000071e600000| Untracked 
| 244|0x000000071e800000, 0x000000071e800000, 0x000000071ea00000|  0%| F|  |TAMS 0x000000071e800000, 0x000000071e800000| Untracked 
| 245|0x000000071ea00000, 0x000000071ea00000, 0x000000071ec00000|  0%| F|  |TAMS 0x000000071ea00000, 0x000000071ea00000| Untracked 
| 246|0x000000071ec00000, 0x000000071ec00000, 0x000000071ee00000|  0%| F|  |TAMS 0x000000071ec00000, 0x000000071ec00000| Untracked 
| 247|0x000000071ee00000, 0x000000071ee00000, 0x000000071f000000|  0%| F|  |TAMS 0x000000071ee00000, 0x000000071ee00000| Untracked 
| 248|0x000000071f000000, 0x000000071f000000, 0x000000071f200000|  0%| F|  |TAMS 0x000000071f000000, 0x000000071f000000| Untracked 
| 249|0x000000071f200000, 0x000000071f3a2f38, 0x000000071f400000| 81%| E|  |TAMS 0x000000071f200000, 0x000000071f200000| Complete 
| 250|0x000000071f400000, 0x000000071f600000, 0x000000071f600000|100%| E|CS|TAMS 0x000000071f400000, 0x000000071f400000| Complete 
| 251|0x000000071f600000, 0x000000071f800000, 0x000000071f800000|100%| E|CS|TAMS 0x000000071f600000, 0x000000071f600000| Complete 
| 252|0x000000071f800000, 0x000000071fa00000, 0x000000071fa00000|100%| E|CS|TAMS 0x000000071f800000, 0x000000071f800000| Complete 
| 253|0x000000071fa00000, 0x000000071fc00000, 0x000000071fc00000|100%| E|CS|TAMS 0x000000071fa00000, 0x000000071fa00000| Complete 
| 254|0x000000071fc00000, 0x000000071fe00000, 0x000000071fe00000|100%| E|CS|TAMS 0x000000071fc00000, 0x000000071fc00000| Complete 
| 255|0x000000071fe00000, 0x0000000720000000, 0x0000000720000000|100%| E|CS|TAMS 0x000000071fe00000, 0x000000071fe00000| Complete 
| 256|0x0000000720000000, 0x0000000720200000, 0x0000000720200000|100%| E|CS|TAMS 0x0000000720000000, 0x0000000720000000| Complete 
| 257|0x0000000720200000, 0x0000000720400000, 0x0000000720400000|100%| E|CS|TAMS 0x0000000720200000, 0x0000000720200000| Complete 
| 258|0x0000000720400000, 0x0000000720600000, 0x0000000720600000|100%| E|CS|TAMS 0x0000000720400000, 0x0000000720400000| Complete 
| 259|0x0000000720600000, 0x0000000720800000, 0x0000000720800000|100%| E|CS|TAMS 0x0000000720600000, 0x0000000720600000| Complete 
| 260|0x0000000720800000, 0x0000000720a00000, 0x0000000720a00000|100%| E|CS|TAMS 0x0000000720800000, 0x0000000720800000| Complete 
| 261|0x0000000720a00000, 0x0000000720c00000, 0x0000000720c00000|100%| E|CS|TAMS 0x0000000720a00000, 0x0000000720a00000| Complete 
| 262|0x0000000720c00000, 0x0000000720e00000, 0x0000000720e00000|100%| E|CS|TAMS 0x0000000720c00000, 0x0000000720c00000| Complete 
| 263|0x0000000720e00000, 0x0000000721000000, 0x0000000721000000|100%| E|CS|TAMS 0x0000000720e00000, 0x0000000720e00000| Complete 
| 264|0x0000000721000000, 0x0000000721200000, 0x0000000721200000|100%| E|CS|TAMS 0x0000000721000000, 0x0000000721000000| Complete 
| 265|0x0000000721200000, 0x0000000721400000, 0x0000000721400000|100%| E|CS|TAMS 0x0000000721200000, 0x0000000721200000| Complete 
| 266|0x0000000721400000, 0x0000000721600000, 0x0000000721600000|100%| E|CS|TAMS 0x0000000721400000, 0x0000000721400000| Complete 
| 267|0x0000000721600000, 0x0000000721800000, 0x0000000721800000|100%| E|CS|TAMS 0x0000000721600000, 0x0000000721600000| Complete 
| 268|0x0000000721800000, 0x0000000721a00000, 0x0000000721a00000|100%| E|CS|TAMS 0x0000000721800000, 0x0000000721800000| Complete 
| 269|0x0000000721a00000, 0x0000000721c00000, 0x0000000721c00000|100%| E|CS|TAMS 0x0000000721a00000, 0x0000000721a00000| Complete 
| 270|0x0000000721c00000, 0x0000000721e00000, 0x0000000721e00000|100%| E|CS|TAMS 0x0000000721c00000, 0x0000000721c00000| Complete 
| 271|0x0000000721e00000, 0x0000000722000000, 0x0000000722000000|100%| E|CS|TAMS 0x0000000721e00000, 0x0000000721e00000| Complete 
| 272|0x0000000722000000, 0x0000000722200000, 0x0000000722200000|100%| E|CS|TAMS 0x0000000722000000, 0x0000000722000000| Complete 
| 273|0x0000000722200000, 0x0000000722400000, 0x0000000722400000|100%| E|CS|TAMS 0x0000000722200000, 0x0000000722200000| Complete 
| 274|0x0000000722400000, 0x0000000722600000, 0x0000000722600000|100%| E|CS|TAMS 0x0000000722400000, 0x0000000722400000| Complete 
| 275|0x0000000722600000, 0x0000000722800000, 0x0000000722800000|100%| E|CS|TAMS 0x0000000722600000, 0x0000000722600000| Complete 
| 276|0x0000000722800000, 0x0000000722a00000, 0x0000000722a00000|100%| E|CS|TAMS 0x0000000722800000, 0x0000000722800000| Complete 
| 277|0x0000000722a00000, 0x0000000722c00000, 0x0000000722c00000|100%| E|CS|TAMS 0x0000000722a00000, 0x0000000722a00000| Complete 
| 278|0x0000000722c00000, 0x0000000722e00000, 0x0000000722e00000|100%| E|CS|TAMS 0x0000000722c00000, 0x0000000722c00000| Complete 
| 279|0x0000000722e00000, 0x0000000723000000, 0x0000000723000000|100%| E|CS|TAMS 0x0000000722e00000, 0x0000000722e00000| Complete 
| 280|0x0000000723000000, 0x0000000723200000, 0x0000000723200000|100%| E|CS|TAMS 0x0000000723000000, 0x0000000723000000| Complete 
| 281|0x0000000723200000, 0x0000000723400000, 0x0000000723400000|100%| E|CS|TAMS 0x0000000723200000, 0x0000000723200000| Complete 
| 282|0x0000000723400000, 0x0000000723600000, 0x0000000723600000|100%| E|CS|TAMS 0x0000000723400000, 0x0000000723400000| Complete 
| 283|0x0000000723600000, 0x0000000723800000, 0x0000000723800000|100%| E|CS|TAMS 0x0000000723600000, 0x0000000723600000| Complete 
| 284|0x0000000723800000, 0x0000000723a00000, 0x0000000723a00000|100%| E|CS|TAMS 0x0000000723800000, 0x0000000723800000| Complete 

Card table byte_map: [0x0000017b7b710000,0x0000017b7bf10000] _byte_map_base: 0x0000017b77f10000

Marking Bits (Prev, Next): (CMBitMap*) 0x0000017b7ab898f0, (CMBitMap*) 0x0000017b7ab898b0
 Prev Bits: [0x0000017b1a7f0000, 0x0000017b1e7f0000)
 Next Bits: [0x0000017b167f0000, 0x0000017b1a7f0000)

Polling page: 0x0000017b78a30000

Metaspace:

Usage:
  Non-class:    104.03 MB used.
      Class:     16.54 MB used.
       Both:    120.57 MB used.

Virtual space:
  Non-class space:      128.00 MB reserved,     105.00 MB ( 82%) committed,  2 nodes.
      Class space:      832.00 MB reserved,      17.31 MB (  2%) committed,  1 nodes.
             Both:      960.00 MB reserved,     122.31 MB ( 13%) committed. 

Chunk freelists:
   Non-Class:  6.35 MB
       Class:  14.63 MB
        Both:  20.98 MB

MaxMetaspaceSize: 1.00 GB
CompressedClassSpaceSize: 832.00 MB
Initial GC threshold: 21.00 MB
Current GC threshold: 197.62 MB
CDS: on
MetaspaceReclaimPolicy: balanced
 - commit_granule_bytes: 65536.
 - commit_granule_words: 8192.
 - virtual_space_node_default_size: 8388608.
 - enlarge_chunks_in_place: 1.
 - new_chunks_are_fully_committed: 0.
 - uncommit_free_chunks: 1.
 - use_allocation_guard: 0.
 - handle_deallocations: 1.


Internal statistics:

num_allocs_failed_limit: 9.
num_arena_births: 2466.
num_arena_deaths: 0.
num_vsnodes_births: 3.
num_vsnodes_deaths: 0.
num_space_committed: 1956.
num_space_uncommitted: 0.
num_chunks_returned_to_freelist: 9.
num_chunks_taken_from_freelist: 8416.
num_chunk_merges: 9.
num_chunk_splits: 5200.
num_chunks_enlarged: 3002.
num_inconsistent_stats: 0.

CodeHeap 'non-profiled nmethods': size=120000Kb used=12589Kb max_used=13054Kb free=107410Kb
 bounds [0x0000017b0f2c0000, 0x0000017b0ff90000, 0x0000017b167f0000]
CodeHeap 'profiled nmethods': size=120000Kb used=33762Kb max_used=34270Kb free=86237Kb
 bounds [0x0000017b077f0000, 0x0000017b09970000, 0x0000017b0ed20000]
CodeHeap 'non-nmethods': size=5760Kb used=2500Kb max_used=2549Kb free=3259Kb
 bounds [0x0000017b0ed20000, 0x0000017b0efb0000, 0x0000017b0f2c0000]
 total_blobs=18362 nmethods=17315 adapters=958
 compilation: enabled
              stopped_count=0, restarted_count=0
 full_count=0

Compilation events (20 events):
Event: 859.224 Thread 0x0000017b7f13db90 21034       3       org.jetbrains.kotlin.gradle.plugin.KotlinPluginLifecycleKt::getKotlinPluginLifecycle (24 bytes)
Event: 859.226 Thread 0x0000017b7f13db90 nmethod 21034 0x0000017b088b7990 code [0x0000017b088b7bc0, 0x0000017b088b82e8]
Event: 859.226 Thread 0x0000017b7f13db90 21035       3       org.jetbrains.kotlin.gradle.plugin.KotlinPluginLifecycleImpl::enqueue (161 bytes)
Event: 859.237 Thread 0x0000017b7f13db90 nmethod 21035 0x0000017b08c9d290 code [0x0000017b08c9d760, 0x0000017b08c9f9e8]
Event: 859.237 Thread 0x0000017b7f13db90 21036       3       kotlin.sequences.DropSequence$iterator$1::next (14 bytes)
Event: 859.238 Thread 0x0000017b7f13db90 nmethod 21036 0x0000017b08618a90 code [0x0000017b08618c40, 0x0000017b08618e58]
Event: 859.238 Thread 0x0000017b7f13db90 21038       3       org.jetbrains.kotlin.konan.target.KonanTarget::equals (72 bytes)
Event: 859.242 Thread 0x0000017b7f13db90 nmethod 21038 0x0000017b084cfb90 code [0x0000017b084cfd80, 0x0000017b084d06c8]
Event: 859.242 Thread 0x0000017b7f13db90 21037       3       kotlin.text.StringsKt__StringsJVMKt::capitalize (21 bytes)
Event: 859.243 Thread 0x0000017b7f13db90 nmethod 21037 0x0000017b082a1610 code [0x0000017b082a1840, 0x0000017b082a1eb8]
Event: 859.259 Thread 0x0000017b7f13db90 21039       3       org.gradle.api.internal.provider.DefaultProperty::value (7 bytes)
Event: 859.259 Thread 0x0000017b7f13db90 nmethod 21039 0x0000017b086a9b10 code [0x0000017b086a9cc0, 0x0000017b086a9ea8]
Event: 859.261 Thread 0x0000017b7f13db90 21040       3       org.jetbrains.kotlin.gradle.internal.properties.PropertiesBuildService$MemoizedCallable$value$2::invoke (10 bytes)
Event: 859.261 Thread 0x0000017b7f13db90 nmethod 21040 0x0000017b087bbc10 code [0x0000017b087bbdc0, 0x0000017b087bbfa8]
Event: 859.261 Thread 0x0000017b7f13db90 21041       3       org.jetbrains.kotlin.gradle.internal.properties.PropertiesBuildService$property$1$valueFromGradleAndLocalProperties$1::call (5 bytes)
Event: 859.261 Thread 0x0000017b7f13db90 nmethod 21041 0x0000017b088ccd90 code [0x0000017b088ccf20, 0x0000017b088cd068]
Event: 859.261 Thread 0x0000017b7f13db90 21042       3       org.jetbrains.kotlin.gradle.internal.properties.PropertiesBuildService::access$getLocalProperties (5 bytes)
Event: 859.262 Thread 0x0000017b7f13db90 nmethod 21042 0x0000017b0885e010 code [0x0000017b0885e1c0, 0x0000017b0885e4e8]
Event: 859.262 Thread 0x0000017b7f13db90 21043       3       com.google.common.collect.ImmutableCollection$Builder::add (35 bytes)
Event: 859.263 Thread 0x0000017b7f13db90 nmethod 21043 0x0000017b0887df90 code [0x0000017b0887e140, 0x0000017b0887e3e8]

GC Heap History (20 events):
Event: 35.499 GC heap before
{Heap before GC invocations=63 (full 0):
 garbage-first heap   total 399360K, used 329647K [0x0000000700000000, 0x0000000800000000)
  region size 2048K, 40 young (81920K), 5 survivors (10240K)
 Metaspace       used 117005K, committed 118656K, reserved 983040K
  class space    used 16187K, committed 16896K, reserved 851968K
}
Event: 35.509 GC heap after
{Heap after GC invocations=64 (full 0):
 garbage-first heap   total 399360K, used 266014K [0x0000000700000000, 0x0000000800000000)
  region size 2048K, 4 young (8192K), 4 survivors (8192K)
 Metaspace       used 117005K, committed 118656K, reserved 983040K
  class space    used 16187K, committed 16896K, reserved 851968K
}
Event: 35.767 GC heap before
{Heap before GC invocations=64 (full 0):
 garbage-first heap   total 399360K, used 333598K [0x0000000700000000, 0x0000000800000000)
  region size 2048K, 37 young (75776K), 4 survivors (8192K)
 Metaspace       used 117067K, committed 118656K, reserved 983040K
  class space    used 16195K, committed 16896K, reserved 851968K
}
Event: 35.774 GC heap after
{Heap after GC invocations=65 (full 0):
 garbage-first heap   total 399360K, used 268323K [0x0000000700000000, 0x0000000800000000)
  region size 2048K, 3 young (6144K), 3 survivors (6144K)
 Metaspace       used 117067K, committed 118656K, reserved 983040K
  class space    used 16195K, committed 16896K, reserved 851968K
}
Event: 36.117 GC heap before
{Heap before GC invocations=65 (full 0):
 garbage-first heap   total 399360K, used 335907K [0x0000000700000000, 0x0000000800000000)
  region size 2048K, 36 young (73728K), 3 survivors (6144K)
 Metaspace       used 117097K, committed 118720K, reserved 983040K
  class space    used 16197K, committed 16896K, reserved 851968K
}
Event: 36.123 GC heap after
{Heap after GC invocations=66 (full 0):
 garbage-first heap   total 479232K, used 270828K [0x0000000700000000, 0x0000000800000000)
  region size 2048K, 4 young (8192K), 4 survivors (8192K)
 Metaspace       used 117097K, committed 118720K, reserved 983040K
  class space    used 16197K, committed 16896K, reserved 851968K
}
Event: 36.635 GC heap before
{Heap before GC invocations=66 (full 0):
 garbage-first heap   total 479232K, used 393708K [0x0000000700000000, 0x0000000800000000)
  region size 2048K, 65 young (133120K), 4 survivors (8192K)
 Metaspace       used 117189K, committed 118784K, reserved 983040K
  class space    used 16203K, committed 16896K, reserved 851968K
}
Event: 36.644 GC heap after
{Heap after GC invocations=67 (full 0):
 garbage-first heap   total 479232K, used 275013K [0x0000000700000000, 0x0000000800000000)
  region size 2048K, 6 young (12288K), 6 survivors (12288K)
 Metaspace       used 117189K, committed 118784K, reserved 983040K
  class space    used 16203K, committed 16896K, reserved 851968K
}
Event: 37.211 GC heap before
{Heap before GC invocations=67 (full 0):
 garbage-first heap   total 479232K, used 397893K [0x0000000700000000, 0x0000000800000000)
  region size 2048K, 67 young (137216K), 6 survivors (12288K)
 Metaspace       used 117575K, committed 119296K, reserved 983040K
  class space    used 16232K, committed 16960K, reserved 851968K
}
Event: 37.227 GC heap after
{Heap after GC invocations=68 (full 0):
 garbage-first heap   total 479232K, used 280598K [0x0000000700000000, 0x0000000800000000)
  region size 2048K, 7 young (14336K), 7 survivors (14336K)
 Metaspace       used 117575K, committed 119296K, reserved 983040K
  class space    used 16232K, committed 16960K, reserved 851968K
}
Event: 37.934 GC heap before
{Heap before GC invocations=68 (full 0):
 garbage-first heap   total 479232K, used 397334K [0x0000000700000000, 0x0000000800000000)
  region size 2048K, 65 young (133120K), 7 survivors (14336K)
 Metaspace       used 119176K, committed 120832K, reserved 983040K
  class space    used 16360K, committed 17088K, reserved 851968K
}
Event: 37.946 GC heap after
{Heap after GC invocations=69 (full 0):
 garbage-first heap   total 479232K, used 285529K [0x0000000700000000, 0x0000000800000000)
  region size 2048K, 7 young (14336K), 7 survivors (14336K)
 Metaspace       used 119176K, committed 120832K, reserved 983040K
  class space    used 16360K, committed 17088K, reserved 851968K
}
Event: 38.170 GC heap before
{Heap before GC invocations=69 (full 0):
 garbage-first heap   total 479232K, used 342873K [0x0000000700000000, 0x0000000800000000)
  region size 2048K, 37 young (75776K), 7 survivors (14336K)
 Metaspace       used 119449K, committed 121088K, reserved 983040K
  class space    used 16370K, committed 17088K, reserved 851968K
}
Event: 38.179 GC heap after
{Heap after GC invocations=70 (full 0):
 garbage-first heap   total 479232K, used 287258K [0x0000000700000000, 0x0000000800000000)
  region size 2048K, 5 young (10240K), 5 survivors (10240K)
 Metaspace       used 119449K, committed 121088K, reserved 983040K
  class space    used 16370K, committed 17088K, reserved 851968K
}
Event: 38.623 GC heap before
{Heap before GC invocations=71 (full 0):
 garbage-first heap   total 583680K, used 393754K [0x0000000700000000, 0x0000000800000000)
  region size 2048K, 58 young (118784K), 5 survivors (10240K)
 Metaspace       used 120036K, committed 121728K, reserved 983040K
  class space    used 16462K, committed 17216K, reserved 851968K
}
Event: 38.631 GC heap after
{Heap after GC invocations=72 (full 0):
 garbage-first heap   total 583680K, used 289477K [0x0000000700000000, 0x0000000800000000)
  region size 2048K, 4 young (8192K), 4 survivors (8192K)
 Metaspace       used 120036K, committed 121728K, reserved 983040K
  class space    used 16462K, committed 17216K, reserved 851968K
}
Event: 38.676 GC heap before
{Heap before GC invocations=72 (full 0):
 garbage-first heap   total 583680K, used 307909K [0x0000000700000000, 0x0000000800000000)
  region size 2048K, 14 young (28672K), 4 survivors (8192K)
 Metaspace       used 120149K, committed 121856K, reserved 983040K
  class space    used 16482K, committed 17216K, reserved 851968K
}
Event: 38.684 GC heap after
{Heap after GC invocations=73 (full 0):
 garbage-first heap   total 583680K, used 283058K [0x0000000700000000, 0x0000000800000000)
  region size 2048K, 2 young (4096K), 2 survivors (4096K)
 Metaspace       used 120149K, committed 121856K, reserved 983040K
  class space    used 16482K, committed 17216K, reserved 851968K
}
Event: 48.941 GC heap before
{Heap before GC invocations=73 (full 0):
 garbage-first heap   total 583680K, used 489906K [0x0000000700000000, 0x0000000800000000)
  region size 2048K, 104 young (212992K), 2 survivors (4096K)
 Metaspace       used 123113K, committed 124864K, reserved 983040K
  class space    used 16929K, committed 17728K, reserved 851968K
}
Event: 48.949 GC heap after
{Heap after GC invocations=74 (full 0):
 garbage-first heap   total 583680K, used 288950K [0x0000000700000000, 0x0000000800000000)
  region size 2048K, 5 young (10240K), 5 survivors (10240K)
 Metaspace       used 123113K, committed 124864K, reserved 983040K
  class space    used 16929K, committed 17728K, reserved 851968K
}

Deoptimization events (20 events):
Event: 857.494 Thread 0x0000017b5bfeba10 Uncommon trap: trap_request=0xffffffde fr.pc=0x0000017b0ff20120 relative=0x00000000000007a0
Event: 857.494 Thread 0x0000017b5bfeba10 Uncommon trap: reason=class_check action=maybe_recompile pc=0x0000017b0ff20120 method=com.google.common.collect.ImmutableMap.copyOf(Ljava/util/Map;)Lcom/google/common/collect/ImmutableMap; @ 15 c2
Event: 857.494 Thread 0x0000017b5bfeba10 DEOPT PACKING pc=0x0000017b0ff20120 sp=0x00000058c54f8bc0
Event: 857.494 Thread 0x0000017b5bfeba10 DEOPT UNPACKING pc=0x0000017b0ed723a3 sp=0x00000058c54f8b88 mode 2
Event: 857.736 Thread 0x0000017b5bfeba10 Uncommon trap: trap_request=0xffffffc6 fr.pc=0x0000017b0fef2208 relative=0x0000000000000de8
Event: 857.736 Thread 0x0000017b5bfeba10 Uncommon trap: reason=bimorphic_or_optimized_type_check action=maybe_recompile pc=0x0000017b0fef2208 method=com.google.common.collect.Iterators$ConcatenatedIterator.hasNext()Z @ 10 c2
Event: 857.736 Thread 0x0000017b5bfeba10 DEOPT PACKING pc=0x0000017b0fef2208 sp=0x00000058c54f6e70
Event: 857.737 Thread 0x0000017b5bfeba10 DEOPT UNPACKING pc=0x0000017b0ed723a3 sp=0x00000058c54f6e48 mode 2
Event: 857.737 Thread 0x0000017b5bfeba10 Uncommon trap: trap_request=0xffffffc6 fr.pc=0x0000017b0fef2128 relative=0x0000000000000d08
Event: 857.737 Thread 0x0000017b5bfeba10 Uncommon trap: reason=bimorphic_or_optimized_type_check action=maybe_recompile pc=0x0000017b0fef2128 method=com.google.common.collect.Iterators$ConcatenatedIterator.hasNext()Z @ 10 c2
Event: 857.737 Thread 0x0000017b5bfeba10 DEOPT PACKING pc=0x0000017b0fef2128 sp=0x00000058c54f6e20
Event: 857.737 Thread 0x0000017b5bfeba10 DEOPT UNPACKING pc=0x0000017b0ed723a3 sp=0x00000058c54f6df0 mode 2
Event: 857.737 Thread 0x0000017b5bfeba10 Uncommon trap: trap_request=0xffffffc6 fr.pc=0x0000017b0fef2128 relative=0x0000000000000d08
Event: 857.737 Thread 0x0000017b5bfeba10 Uncommon trap: reason=bimorphic_or_optimized_type_check action=maybe_recompile pc=0x0000017b0fef2128 method=com.google.common.collect.Iterators$ConcatenatedIterator.hasNext()Z @ 10 c2
Event: 857.737 Thread 0x0000017b5bfeba10 DEOPT PACKING pc=0x0000017b0fef2128 sp=0x00000058c54f6e70
Event: 857.737 Thread 0x0000017b5bfeba10 DEOPT UNPACKING pc=0x0000017b0ed723a3 sp=0x00000058c54f6e48 mode 2
Event: 857.737 Thread 0x0000017b5bfeba10 Uncommon trap: trap_request=0xffffffc6 fr.pc=0x0000017b0fef2128 relative=0x0000000000000d08
Event: 857.737 Thread 0x0000017b5bfeba10 Uncommon trap: reason=bimorphic_or_optimized_type_check action=maybe_recompile pc=0x0000017b0fef2128 method=com.google.common.collect.Iterators$ConcatenatedIterator.hasNext()Z @ 10 c2
Event: 857.737 Thread 0x0000017b5bfeba10 DEOPT PACKING pc=0x0000017b0fef2128 sp=0x00000058c54f6e20
Event: 857.737 Thread 0x0000017b5bfeba10 DEOPT UNPACKING pc=0x0000017b0ed723a3 sp=0x00000058c54f6df0 mode 2

Classes unloaded (0 events):
No events

Classes redefined (0 events):
No events

Internal exceptions (20 events):
Event: 48.933 Thread 0x0000017b5bfe9bb0 Exception <a 'sun/nio/fs/WindowsException'{0x0000000716c9dcb0}> (0x0000000716c9dcb0) 
thrown [s\open\src\hotspot\share\prims\jni.cpp, line 516]
Event: 48.933 Thread 0x0000017b5bfe9bb0 Exception <a 'sun/nio/fs/WindowsException'{0x0000000716ca8a10}> (0x0000000716ca8a10) 
thrown [s\open\src\hotspot\share\prims\jni.cpp, line 516]
Event: 48.934 Thread 0x0000017b5bfe9bb0 Exception <a 'sun/nio/fs/WindowsException'{0x0000000716cad988}> (0x0000000716cad988) 
thrown [s\open\src\hotspot\share\prims\jni.cpp, line 516]
Event: 856.309 Thread 0x0000017b5bfeba10 Implicit null exception at 0x0000017b0fbb4c1f to 0x0000017b0fbb4eeb
Event: 856.309 Thread 0x0000017b5bfeba10 Implicit null exception at 0x0000017b0f8fa0cd to 0x0000017b0f8fbde4
Event: 856.619 Thread 0x0000017b5bfeba10 Exception <a 'sun/nio/fs/WindowsException'{0x0000000721989600}> (0x0000000721989600) 
thrown [s\open\src\hotspot\share\prims\jni.cpp, line 516]
Event: 856.622 Thread 0x0000017b5bfeba10 Exception <a 'sun/nio/fs/WindowsException'{0x000000072198ab58}> (0x000000072198ab58) 
thrown [s\open\src\hotspot\share\prims\jni.cpp, line 516]
Event: 856.624 Thread 0x0000017b5bfeba10 Exception <a 'sun/nio/fs/WindowsException'{0x000000072198c0b0}> (0x000000072198c0b0) 
thrown [s\open\src\hotspot\share\prims\jni.cpp, line 516]
Event: 856.626 Thread 0x0000017b5bfeba10 Exception <a 'sun/nio/fs/WindowsException'{0x000000072198d5f8}> (0x000000072198d5f8) 
thrown [s\open\src\hotspot\share\prims\jni.cpp, line 516]
Event: 856.787 Thread 0x0000017b5bfeba10 Exception <a 'sun/nio/fs/WindowsException'{0x00000007216c7c98}> (0x00000007216c7c98) 
thrown [s\open\src\hotspot\share\prims\jni.cpp, line 516]
Event: 856.788 Thread 0x0000017b5bfeba10 Exception <a 'sun/nio/fs/WindowsException'{0x00000007216c9780}> (0x00000007216c9780) 
thrown [s\open\src\hotspot\share\prims\jni.cpp, line 516]
Event: 856.789 Thread 0x0000017b5bfeba10 Exception <a 'sun/nio/fs/WindowsException'{0x00000007216cb228}> (0x00000007216cb228) 
thrown [s\open\src\hotspot\share\prims\jni.cpp, line 516]
Event: 856.789 Thread 0x0000017b5bfeba10 Exception <a 'sun/nio/fs/WindowsException'{0x00000007216cccc0}> (0x00000007216cccc0) 
thrown [s\open\src\hotspot\share\prims\jni.cpp, line 516]
Event: 856.963 Thread 0x0000017b5bfeba10 Implicit null exception at 0x0000017b0fe0ddae to 0x0000017b0fe13c48
Event: 857.400 Thread 0x0000017b5bfeba10 Exception <a 'sun/nio/fs/WindowsException'{0x000000071fff7468}> (0x000000071fff7468) 
thrown [s\open\src\hotspot\share\prims\jni.cpp, line 516]
Event: 857.401 Thread 0x0000017b5bfeba10 Exception <a 'sun/nio/fs/WindowsException'{0x000000071fff77f8}> (0x000000071fff77f8) 
thrown [s\open\src\hotspot\share\prims\jni.cpp, line 516]
Event: 857.401 Thread 0x0000017b5bfeba10 Exception <a 'sun/nio/fs/WindowsException'{0x000000071fffaa40}> (0x000000071fffaa40) 
thrown [s\open\src\hotspot\share\prims\jni.cpp, line 516]
Event: 857.401 Thread 0x0000017b5bfeba10 Exception <a 'sun/nio/fs/WindowsException'{0x000000071fffaed0}> (0x000000071fffaed0) 
thrown [s\open\src\hotspot\share\prims\jni.cpp, line 516]
Event: 857.402 Thread 0x0000017b5bfeba10 Exception <a 'sun/nio/fs/WindowsException'{0x000000071fffed88}> (0x000000071fffed88) 
thrown [s\open\src\hotspot\share\prims\jni.cpp, line 516]
Event: 857.402 Thread 0x0000017b5bfeba10 Exception <a 'sun/nio/fs/WindowsException'{0x000000071ffff218}> (0x000000071ffff218) 
thrown [s\open\src\hotspot\share\prims\jni.cpp, line 516]

VM Operations (20 events):
Event: 711.164 Executing VM operation: Cleanup
Event: 711.165 Executing VM operation: Cleanup done
Event: 712.172 Executing VM operation: Cleanup
Event: 712.172 Executing VM operation: Cleanup done
Event: 722.253 Executing VM operation: Cleanup
Event: 722.254 Executing VM operation: Cleanup done
Event: 736.311 Executing VM operation: Cleanup
Event: 736.316 Executing VM operation: Cleanup done
Event: 792.722 Executing VM operation: Cleanup
Event: 792.722 Executing VM operation: Cleanup done
Event: 822.982 Executing VM operation: Cleanup
Event: 822.983 Executing VM operation: Cleanup done
Event: 856.252 Executing VM operation: Cleanup
Event: 856.252 Executing VM operation: Cleanup done
Event: 857.264 Executing VM operation: Cleanup
Event: 857.265 Executing VM operation: Cleanup done
Event: 858.266 Executing VM operation: Cleanup
Event: 858.754 Executing VM operation: Cleanup done
Event: 859.765 Executing VM operation: Cleanup
Event: 859.765 Executing VM operation: Cleanup done

Events (20 events):
Event: 857.062 Thread 0x0000017b5bfef1c0 Thread added: 0x0000017b5bfef1c0
Event: 857.115 Thread 0x0000017b5bfedd80 Thread added: 0x0000017b5bfedd80
Event: 857.116 Thread 0x0000017b5bfef6d0 Thread added: 0x0000017b5bfef6d0
Event: 857.321 Thread 0x0000017b5f5e6070 Thread exited: 0x0000017b5f5e6070
Event: 857.681 Thread 0x0000017b5bfed360 Thread added: 0x0000017b5bfed360
Event: 857.682 Thread 0x0000017b5bfefbe0 Thread added: 0x0000017b5bfefbe0
Event: 857.683 Thread 0x0000017b5bfec430 Thread added: 0x0000017b5bfec430
Event: 857.683 Thread 0x0000017b5bff00f0 Thread added: 0x0000017b5bff00f0
Event: 857.684 Thread 0x0000017b5bff0600 Thread added: 0x0000017b5bff0600
Event: 857.685 Thread 0x0000017b5c0d8750 Thread added: 0x0000017b5c0d8750
Event: 857.686 Thread 0x0000017b5c0da0a0 Thread added: 0x0000017b5c0da0a0
Event: 857.717 Thread 0x0000017b5c0da5b0 Thread added: 0x0000017b5c0da5b0
Event: 857.718 Thread 0x0000017b5c0d8240 Thread added: 0x0000017b5c0d8240
Event: 857.719 Thread 0x0000017b5c0daac0 Thread added: 0x0000017b5c0daac0
Event: 857.720 Thread 0x0000017b5c0dc410 Thread added: 0x0000017b5c0dc410
Event: 857.721 Thread 0x0000017b5c0db9f0 Thread added: 0x0000017b5c0db9f0
Event: 857.721 Thread 0x0000017b5c0dafd0 Thread added: 0x0000017b5c0dafd0
Event: 857.722 Thread 0x0000017b5c0dbf00 Thread added: 0x0000017b5c0dbf00
Event: 857.867 Thread 0x0000017b5c0d9b90 Thread added: 0x0000017b5c0d9b90
Event: 858.916 Thread 0x0000017b5f5e6070 Thread added: 0x0000017b5f5e6070


Dynamic libraries:
0x00007ff684820000 - 0x00007ff684830000 	C:\Program Files\Java\jdk-17\bin\java.exe
0x00007ffb77e40000 - 0x00007ffb780a9000 	C:\WINDOWS\SYSTEM32\ntdll.dll
0x00007ffb75e30000 - 0x00007ffb75ef9000 	C:\WINDOWS\System32\KERNEL32.DLL
0x00007ffb752e0000 - 0x00007ffb756d3000 	C:\WINDOWS\System32\KERNELBASE.dll
0x00007ffb75190000 - 0x00007ffb752db000 	C:\WINDOWS\System32\ucrtbase.dll
0x00007ffb6fcf0000 - 0x00007ffb6fd09000 	C:\Program Files\Java\jdk-17\bin\jli.dll
0x00007ffb6fdb0000 - 0x00007ffb6fdcb000 	C:\Program Files\Java\jdk-17\bin\VCRUNTIME140.dll
0x00007ffb766b0000 - 0x00007ffb76764000 	C:\WINDOWS\System32\ADVAPI32.dll
0x00007ffb76c90000 - 0x00007ffb76d39000 	C:\WINDOWS\System32\msvcrt.dll
0x00007ffb77400000 - 0x00007ffb774a6000 	C:\WINDOWS\System32\sechost.dll
0x00007ffb771e0000 - 0x00007ffb772f8000 	C:\WINDOWS\System32\RPCRT4.dll
0x00007ffb77500000 - 0x00007ffb776c4000 	C:\WINDOWS\System32\USER32.dll
0x00007ffb5b890000 - 0x00007ffb5bb23000 	C:\WINDOWS\WinSxS\amd64_microsoft.windows.common-controls_6595b64144ccf1df_6.0.26100.5074_none_3e0d6f78e32fd63f\COMCTL32.dll
0x00007ffb757a0000 - 0x00007ffb757c7000 	C:\WINDOWS\System32\win32u.dll
0x00007ffb77180000 - 0x00007ffb771ab000 	C:\WINDOWS\System32\GDI32.dll
0x00007ffb75060000 - 0x00007ffb7518d000 	C:\WINDOWS\System32\gdi32full.dll
0x00007ffb75ac0000 - 0x00007ffb75b63000 	C:\WINDOWS\System32\msvcp_win.dll
0x00007ffb68660000 - 0x00007ffb6866b000 	C:\WINDOWS\SYSTEM32\VERSION.dll
0x00007ffb75df0000 - 0x00007ffb75e1f000 	C:\WINDOWS\System32\IMM32.DLL
0x00007ffb6fd30000 - 0x00007ffb6fd3c000 	C:\Program Files\Java\jdk-17\bin\vcruntime140_1.dll
0x00007ffb44250000 - 0x00007ffb442de000 	C:\Program Files\Java\jdk-17\bin\msvcp140.dll
0x00007ffaaafa0000 - 0x00007ffaabb80000 	C:\Program Files\Java\jdk-17\bin\server\jvm.dll
0x00007ffb767f0000 - 0x00007ffb767f8000 	C:\WINDOWS\System32\PSAPI.DLL
0x00007ffb59680000 - 0x00007ffb5968a000 	C:\WINDOWS\SYSTEM32\WSOCK32.dll
0x00007ffb69f50000 - 0x00007ffb69f85000 	C:\WINDOWS\SYSTEM32\WINMM.dll
0x00007ffb76d50000 - 0x00007ffb76dc4000 	C:\WINDOWS\System32\WS2_32.dll
0x00007ffb73db0000 - 0x00007ffb73dcb000 	C:\WINDOWS\SYSTEM32\kernel.appcore.dll
0x00007ffb63f10000 - 0x00007ffb63f1a000 	C:\Program Files\Java\jdk-17\bin\jimage.dll
0x00007ffb67490000 - 0x00007ffb676d2000 	C:\WINDOWS\SYSTEM32\DBGHELP.DLL
0x00007ffb77970000 - 0x00007ffb77ceb000 	C:\WINDOWS\System32\combase.dll
0x00007ffb76ed0000 - 0x00007ffb76fa7000 	C:\WINDOWS\System32\OLEAUT32.dll
0x00007ffb5f5a0000 - 0x00007ffb5f5dd000 	C:\WINDOWS\SYSTEM32\dbgcore.DLL
0x00007ffb75b70000 - 0x00007ffb75c09000 	C:\WINDOWS\System32\bcryptPrimitives.dll
0x00007ffb53130000 - 0x00007ffb5313e000 	C:\Program Files\Java\jdk-17\bin\instrument.dll
0x00007ffb53480000 - 0x00007ffb534a5000 	C:\Program Files\Java\jdk-17\bin\java.dll
0x00007ffb1ece0000 - 0x00007ffb1edb7000 	C:\Program Files\Java\jdk-17\bin\jsvml.dll
0x00007ffb75f00000 - 0x00007ffb7664d000 	C:\WINDOWS\System32\SHELL32.dll
0x00007ffb75950000 - 0x00007ffb75abc000 	C:\WINDOWS\System32\wintypes.dll
0x00007ffb72c30000 - 0x00007ffb73489000 	C:\WINDOWS\SYSTEM32\windows.storage.dll
0x00007ffb77d00000 - 0x00007ffb77df0000 	C:\WINDOWS\System32\SHCORE.dll
0x00007ffb76e60000 - 0x00007ffb76ec2000 	C:\WINDOWS\System32\shlwapi.dll
0x00007ffb74ef0000 - 0x00007ffb74f19000 	C:\WINDOWS\SYSTEM32\profapi.dll
0x00007ffb5ad30000 - 0x00007ffb5ad48000 	C:\Program Files\Java\jdk-17\bin\zip.dll
0x00007ffb63ec0000 - 0x00007ffb63ed9000 	C:\Program Files\Java\jdk-17\bin\net.dll
0x00007ffb6f620000 - 0x00007ffb6f73f000 	C:\WINDOWS\SYSTEM32\WINHTTP.dll
0x00007ffb74330000 - 0x00007ffb7439b000 	C:\WINDOWS\system32\mswsock.dll
0x00007ffb5adf0000 - 0x00007ffb5ae06000 	C:\Program Files\Java\jdk-17\bin\nio.dll
0x00007ffb63e20000 - 0x00007ffb63e30000 	C:\Program Files\Java\jdk-17\bin\verify.dll
0x00007ffaba7e0000 - 0x00007ffaba807000 	C:\Users\user\.gradle\native\1def1411415f61bf3af743bc5b6707747c0891f09f0c88961ee8f79bc544acac\windows-amd64\native-platform.dll
0x00007ffb1f9f0000 - 0x00007ffb1fa68000 	C:\Users\user\.gradle\native\0.2.7\x86_64-windows-gnu\gradle-fileevents.dll
0x00007ffb5a6f0000 - 0x00007ffb5a6fa000 	C:\Program Files\Java\jdk-17\bin\management.dll
0x00007ffb59650000 - 0x00007ffb5965b000 	C:\Program Files\Java\jdk-17\bin\management_ext.dll
0x00007ffb737b0000 - 0x00007ffb737e4000 	C:\WINDOWS\SYSTEM32\IPHLPAPI.DLL
0x00007ffb77cf0000 - 0x00007ffb77cfa000 	C:\WINDOWS\System32\NSI.dll
0x00007ffb6f790000 - 0x00007ffb6f7ae000 	C:\WINDOWS\SYSTEM32\dhcpcsvc6.DLL
0x00007ffb6f760000 - 0x00007ffb6f783000 	C:\WINDOWS\SYSTEM32\dhcpcsvc.DLL
0x00007ffb73840000 - 0x00007ffb73966000 	C:\WINDOWS\SYSTEM32\DNSAPI.dll
0x00007ffb745d0000 - 0x00007ffb745eb000 	C:\WINDOWS\SYSTEM32\CRYPTSP.dll
0x00007ffb73d10000 - 0x00007ffb73d4b000 	C:\WINDOWS\system32\rsaenh.dll
0x00007ffb743d0000 - 0x00007ffb743fb000 	C:\WINDOWS\SYSTEM32\USERENV.dll
0x00007ffb74ec0000 - 0x00007ffb74ee6000 	C:\WINDOWS\SYSTEM32\bcrypt.dll
0x00007ffb745f0000 - 0x00007ffb745fc000 	C:\WINDOWS\SYSTEM32\CRYPTBASE.dll
0x00007ffb53120000 - 0x00007ffb5312e000 	C:\Program Files\Java\jdk-17\bin\sunmscapi.dll
0x00007ffb757d0000 - 0x00007ffb75947000 	C:\WINDOWS\System32\CRYPT32.dll
0x00007ffb747f0000 - 0x00007ffb74820000 	C:\WINDOWS\SYSTEM32\ncrypt.dll
0x00007ffb747a0000 - 0x00007ffb747df000 	C:\WINDOWS\SYSTEM32\NTASN1.dll
0x00007ffaef150000 - 0x00007ffaef158000 	C:\WINDOWS\system32\wshunix.dll

dbghelp: loaded successfully - version: 4.0.5 - missing functions: none
symbol engine: initialized successfully - sym options: 0x614 - pdb path: .;C:\Program Files\Java\jdk-17\bin;C:\WINDOWS\SYSTEM32;C:\WINDOWS\WinSxS\amd64_microsoft.windows.common-controls_6595b64144ccf1df_6.0.26100.5074_none_3e0d6f78e32fd63f;C:\Program Files\Java\jdk-17\bin\server;C:\Users\user\.gradle\native\1def1411415f61bf3af743bc5b6707747c0891f09f0c88961ee8f79bc544acac\windows-amd64;C:\Users\user\.gradle\native\0.2.7\x86_64-windows-gnu

VM Arguments:
jvm_args: --add-opens=java.base/java.lang=ALL-UNNAMED --add-opens=java.base/java.lang.invoke=ALL-UNNAMED --add-opens=java.base/java.util=ALL-UNNAMED --add-opens=java.prefs/java.util.prefs=ALL-UNNAMED --add-exports=jdk.compiler/com.sun.tools.javac.api=ALL-UNNAMED --add-exports=jdk.compiler/com.sun.tools.javac.util=ALL-UNNAMED --add-opens=java.base/java.util=ALL-UNNAMED --add-opens=java.prefs/java.util.prefs=ALL-UNNAMED --add-opens=java.base/java.nio.charset=ALL-UNNAMED --add-opens=java.base/java.net=ALL-UNNAMED --add-opens=java.base/java.util.concurrent.atomic=ALL-UNNAMED --add-opens=java.xml/javax.xml.namespace=ALL-UNNAMED -XX:MaxMetaspaceSize=1024m -XX:+HeapDumpOnOutOfMemoryError -XX:+UseG1GC -Xmx4096m -Dfile.encoding=UTF-8 -Duser.country=ZA -Duser.language=en -Duser.variant -javaagent:C:\Users\user\.gradle\wrapper\dists\gradle-8.14.3-bin\cv11ve7ro1n3o1j4so8xd9n66\gradle-8.14.3\lib\agents\gradle-instrumentation-agent-8.14.3.jar 
java_command: org.gradle.launcher.daemon.bootstrap.GradleDaemon 8.14.3
java_class_path (initial): C:\Users\user\.gradle\wrapper\dists\gradle-8.14.3-bin\cv11ve7ro1n3o1j4so8xd9n66\gradle-8.14.3\lib\gradle-daemon-main-8.14.3.jar
Launcher Type: SUN_STANDARD

[Global flags]
     intx CICompilerCount                          = 4                                         {product} {ergonomic}
   size_t CompressedClassSpaceSize                 = 872415232                                 {product} {ergonomic}
     uint ConcGCThreads                            = 2                                         {product} {ergonomic}
     uint G1ConcRefinementThreads                  = 8                                         {product} {ergonomic}
   size_t G1HeapRegionSize                         = 2097152                                   {product} {ergonomic}
    uintx GCDrainStackTargetSize                   = 64                                        {product} {ergonomic}
     bool HeapDumpOnOutOfMemoryError               = true                                   {manageable} {command line}
   size_t InitialHeapSize                          = 98566144                                  {product} {ergonomic}
   size_t MarkStackSize                            = 4194304                                   {product} {ergonomic}
   size_t MaxHeapSize                              = 4294967296                                {product} {command line}
   size_t MaxMetaspaceSize                         = 1073741824                                {product} {command line}
   size_t MaxNewSize                               = 2575302656                                {product} {ergonomic}
   size_t MinHeapDeltaBytes                        = 2097152                                   {product} {ergonomic}
   size_t MinHeapSize                              = 8388608                                   {product} {ergonomic}
    uintx NonNMethodCodeHeapSize                   = 5839372                                {pd product} {ergonomic}
    uintx NonProfiledCodeHeapSize                  = 122909434                              {pd product} {ergonomic}
    uintx ProfiledCodeHeapSize                     = 122909434                              {pd product} {ergonomic}
    uintx ReservedCodeCacheSize                    = 251658240                              {pd product} {ergonomic}
     bool SegmentedCodeCache                       = true                                      {product} {ergonomic}
   size_t SoftMaxHeapSize                          = 4294967296                             {manageable} {ergonomic}
     bool UseCompressedClassPointers               = true                           {product lp64_product} {ergonomic}
     bool UseCompressedOops                        = true                           {product lp64_product} {ergonomic}
     bool UseG1GC                                  = true                                      {product} {command line}
     bool UseLargePagesIndividualAllocation        = false                                  {pd product} {ergonomic}

Logging:
Log output configuration:
 #0: stdout all=warning uptime,level,tags
 #1: stderr all=off uptime,level,tags

Environment Variables:
JAVA_HOME=C:\Program Files\Java\jdk-17
PATH=C:\Users\user\OneDrive\Documents\capstone\repo\SAMFMS\SAMFMSDriverApp\node_modules\.bin;C:\Users\user\OneDrive\Documents\capstone\repo\SAMFMS\SAMFMSDriverApp\node_modules\.bin;C:\Users\user\OneDrive\Documents\capstone\repo\SAMFMS\node_modules\.bin;C:\Users\user\OneDrive\Documents\capstone\repo\node_modules\.bin;C:\Users\user\OneDrive\Documents\capstone\node_modules\.bin;C:\Users\user\OneDrive\Documents\node_modules\.bin;C:\Users\user\OneDrive\node_modules\.bin;C:\Users\user\node_modules\.bin;C:\Users\node_modules\.bin;C:\node_modules\.bin;C:\Program Files\nodejs\node_modules\npm\node_modules\@npmcli\run-script\lib\node-gyp-bin;C:\Program Files (x86)\Common Files\Intel\Shared Libraries\redist\intel64\compiler;C:\Program Files\Eclipse Adoptium\jdk-17.0.11.9-hotspot\bin;C:\Program Files\Common Files\Oracle\Java\javapath;C:\WINDOWS\system32;C:\WINDOWS;C:\WINDOWS\System32\Wbem;C:\WINDOWS\System32\WindowsPowerShell\v1.0\;C:\Program Files\nodejs\;C:\Program Files\Microsoft SQL Server\150\Tools\Binn\;C:\Program Files\dotnet\;C:\Program Files (x86)\Windows Kits\10\Windows Performance Toolkit\;C:\Program Files\Git\cmd;C:\ProgramData\chocolatey\bin;C:\Program Files\swipl\bin;C:\Program Files\MongoDB\Server\8.0\bin;C:\Program Files\Docker\Docker\resources\bin;C:\WINDOWS\System32\OpenSSH\;C:\Users\user\AppData\Local\Android\Sdk\platform-tools;C:\Users\user\AppData\Local\Android\Sdk\tools\bin;C:\Users\user\AppData\Local\Programs\Python\Python313\Scripts\;C:\Users\user\AppData\Local\Programs\Python\Python313\;C:\Users\user\AppData\Local\Microsoft\WindowsApps;C:\Users\user\AppData\Local\Programs\Microsoft VS Code\bin;C:\Users\user\AppData\Local\Microsoft\WinGet\Packages\Schniz.fnm_Microsoft.Winget.Source_8wekyb3d8bbwe;C:\Users\user\AppData\Roaming\npm;C:\msys64\ucrt64\bin;C:\Users\user\.dotnet\tools;C:\Users\user\AppData\Local\GitHubDesktop\bin;C:\Users\user\Downloads\apache-maven-3.9.9-bin\apache-maven-3.9.9\bin;C:\MinGW\bin;C:\Users\user\AppData\Local\Pandoc\;C:\Users\user\Down
USERNAME=user
LANG=en_US.UTF-8
OS=Windows_NT
PROCESSOR_IDENTIFIER=AMD64 Family 23 Model 160 Stepping 0, AuthenticAMD



---------------  S Y S T E M  ---------------

OS:
 Windows 11 , 64 bit Build 26100 (10.0.26100.5074)
OS uptime: 0 days 23:21 hours
Hyper-V role detected

CPU: total 8 (initial active 8) (8 cores per cpu, 2 threads per core) family 23 model 160 stepping 0 microcode 0x8a00009, cx8, cmov, fxsr, ht, mmx, 3dnowpref, sse, sse2, sse3, ssse3, sse4a, sse4.1, sse4.2, popcnt, lzcnt, tsc, tscinvbit, avx, avx2, aes, clmul, bmi1, bmi2, adx, sha, fma, vzeroupper, clflush, clflushopt, hv

Memory: 4k page, system-wide physical 5965M (530M free)
TotalPageFile size 24397M (AvailPageFile size 0M)
current process WorkingSet (physical memory assigned to process): 238M, peak: 859M
current process commit charge ("private bytes"): 996M, peak: 1004M

vm_info: Java HotSpot(TM) 64-Bit Server VM (17.0.11+7-LTS-207) for windows-amd64 JRE (17.0.11+7-LTS-207), built on Mar 11 2024 19:01:50 by "mach5one" with MS VC++ 17.6 (VS2022)

END.
